[INFO] Tests run: 11, Failures: 0, Errors: 0, Skipped: 0, Time elapsed: 16.365 s - in no.nav.foreldrepenger.db.validering.SjekkDbStrukturTest
[INFO] Tests run: 1, Failures: 0, Errors: 0, Skipped: 0, Time elapsed: 3.266 s - in no.nav.foreldrepenger.behandlingslager.behandling.verge.VergeGrunnlagEntitetTest
[INFO] Tests run: 6, Failures: 0, Errors: 0, Skipped: 0, Time elapsed: 0.008 s - in no.nav.foreldrepenger.domene.typer.BeløpTest
[INFO] Tests run: 2, Failures: 0, Errors: 0, Skipped: 0, Time elapsed: 0.001 s - in no.nav.foreldrepenger.domene.tid.DatoIntervallEntitetTest
[INFO] Tests run: 12, Failures: 0, Errors: 0, Skipped: 0, Time elapsed: 0.299 s - in no.nav.foreldrepenger.domene.feed.FeedRepositoryImplTest
[INFO] Tests run: 3, Failures: 0, Errors: 0, Skipped: 0, Time elapsed: 0.001 s - in no.nav.foreldrepenger.behandlingslager.domene.typer.PersonIdentTest
[INFO] Tests run: 5, Failures: 0, Errors: 0, Skipped: 0, Time elapsed: 0.291 s - in no.nav.foreldrepenger.behandlingslager.behandling.tilbakekreving.TilbakekrevingRepositoryImplTest
[INFO] Tests run: 2, Failures: 0, Errors: 0, Skipped: 0, Time elapsed: 0.056 s - in no.nav.foreldrepenger.behandlingslager.behandling.repository.BehandlingsresultatRepositoryTest
[INFO] Tests run: 1, Failures: 0, Errors: 0, Skipped: 0, Time elapsed: 0.051 s - in no.nav.foreldrepenger.behandlingslager.behandling.repository.BehandlingKandidaterRepositoryTest
[INFO] Tests run: 2, Failures: 0, Errors: 0, Skipped: 0, Time elapsed: 0.332 s - in no.nav.foreldrepenger.behandlingslager.behandling.repository.BehandlingRevurderingRepositoryImplTest
[INFO] Tests run: 1, Failures: 0, Errors: 0, Skipped: 0, Time elapsed: 0.024 s - in no.nav.foreldrepenger.behandlingslager.behandling.repository.BeregningRepositoryImplTest
[INFO] Tests run: 2, Failures: 0, Errors: 0, Skipped: 0, Time elapsed: 0 s - in no.nav.foreldrepenger.behandlingslager.behandling.familiehendelse.FamilieHendelseEntitetTest
[INFO] Tests run: 3, Failures: 0, Errors: 0, Skipped: 0, Time elapsed: 0.285 s - in no.nav.foreldrepenger.behandlingslager.behandling.familiehendelse.FamilieHendelseRepositoryImplTest
[INFO] Tests run: 1, Failures: 0, Errors: 0, Skipped: 0, Time elapsed: 0 s - in no.nav.foreldrepenger.behandlingslager.behandling.familiehendelse.FamilieHendelseGrunnlagEntitetTest
[INFO] Tests run: 2, Failures: 0, Errors: 0, Skipped: 0, Time elapsed: 0.001 s - in no.nav.foreldrepenger.behandlingslager.behandling.vilkår.VilkårKodeverkRepositoryImplTest
[INFO] Tests run: 2, Failures: 0, Errors: 0, Skipped: 0, Time elapsed: 0 s - in no.nav.foreldrepenger.behandlingslager.behandling.vilkår.VilkårTypeTest
[INFO] Tests run: 13, Failures: 0, Errors: 0, Skipped: 0, Time elapsed: 0.007 s - in no.nav.foreldrepenger.behandlingslager.behandling.beregning.BeregningsresultatAndelTest
[INFO] Tests run: 4, Failures: 0, Errors: 0, Skipped: 0, Time elapsed: 0.674 s - in no.nav.foreldrepenger.behandlingslager.behandling.beregning.SatsTypeTest
[INFO] Tests run: 11, Failures: 0, Errors: 0, Skipped: 0, Time elapsed: 0.419 s - in no.nav.foreldrepenger.behandlingslager.behandling.beregning.BeregningsresultatRepositoryImplTest
[INFO] Tests run: 4, Failures: 0, Errors: 0, Skipped: 0, Time elapsed: 0 s - in no.nav.foreldrepenger.behandlingslager.behandling.aksjonspunkt.BehandlingPåVentTest
[INFO] Tests run: 1, Failures: 0, Errors: 0, Skipped: 0, Time elapsed: 0.054 s - in no.nav.foreldrepenger.behandlingslager.behandling.medlemskap.MedlemskapVilkårPeriodeRepositoryImplTest
[INFO] Tests run: 2, Failures: 0, Errors: 0, Skipped: 0, Time elapsed: 0.101 s - in no.nav.foreldrepenger.behandlingslager.behandling.medlemskap.MedlemskapRepositoryImplTest
[INFO] Tests run: 4, Failures: 0, Errors: 0, Skipped: 0, Time elapsed: 0.014 s - in no.nav.foreldrepenger.behandlingslager.behandling.tilrettelegging.TilretteleggingFilterTest
[INFO] Tests run: 1, Failures: 0, Errors: 0, Skipped: 0, Time elapsed: 0.07 s - in no.nav.foreldrepenger.behandlingslager.behandling.tilrettelegging.SvangerskapspengerRepositoryTest
[INFO] Tests run: 2, Failures: 0, Errors: 0, Skipped: 0, Time elapsed: 0 s - in no.nav.foreldrepenger.behandlingslager.behandling.AdopsjonTest
[INFO] Tests run: 1, Failures: 0, Errors: 0, Skipped: 0, Time elapsed: 0.101 s - in no.nav.foreldrepenger.behandlingslager.behandling.ytelsefordeling.YtelsesFordelingRepositoryImplTest
[INFO] Tests run: 2, Failures: 0, Errors: 0, Skipped: 0, Time elapsed: 0.063 s - in no.nav.foreldrepenger.behandlingslager.behandling.verge.VergeRepositoryTest
[INFO] Tests run: 6, Failures: 0, Errors: 0, Skipped: 0, Time elapsed: 0.226 s - in no.nav.foreldrepenger.behandlingslager.behandling.opptjening.OpptjeningRepositoryImplTest
[INFO] Tests run: 3, Failures: 0, Errors: 0, Skipped: 0, Time elapsed: 0.123 s - in no.nav.foreldrepenger.behandlingslager.behandling.søknad.SøknadRepositoryImplTest
[INFO] Tests run: 2, Failures: 0, Errors: 0, Skipped: 0, Time elapsed: 0.003 s - in no.nav.foreldrepenger.behandlingslager.behandling.personopplysning.PersonInformasjonBuilderTest
[INFO] Tests run: 1, Failures: 0, Errors: 0, Skipped: 0, Time elapsed: 0.09 s - in no.nav.foreldrepenger.behandlingslager.behandling.personopplysning.PersonopplysningRepositoryImplTest
[INFO] Tests run: 2, Failures: 0, Errors: 0, Skipped: 0, Time elapsed: 0.042 s - in no.nav.foreldrepenger.behandlingslager.behandling.vedtak.BehandlingVedtakRepositoryImplTest
[INFO] Tests run: 1, Failures: 0, Errors: 0, Skipped: 0, Time elapsed: 0.021 s - in no.nav.foreldrepenger.behandlingslager.behandling.vedtak.OverlappVedtakRepositoryTest
[INFO] Tests run: 7, Failures: 0, Errors: 0, Skipped: 0, Time elapsed: 0.001 s - in no.nav.foreldrepenger.behandlingslager.behandling.vedtak.VedtakEntityTest
[INFO] Tests run: 1, Failures: 0, Errors: 0, Skipped: 0, Time elapsed: 0 s - in no.nav.foreldrepenger.behandlingslager.virksomhet.OrganisasjonsNummerValidatorTest
[INFO] Tests run: 1, Failures: 0, Errors: 0, Skipped: 0, Time elapsed: 0.043 s - in no.nav.foreldrepenger.behandlingslager.uttak.UttaksperiodegrenseRepositoryTest
[INFO] Tests run: 5, Failures: 0, Errors: 0, Skipped: 0, Time elapsed: 0.28 s - in no.nav.foreldrepenger.behandlingslager.uttak.fp.FpUttakRepositoryTest
[INFO] Tests run: 2, Failures: 0, Errors: 0, Skipped: 0, Time elapsed: 0.005 s - in no.nav.foreldrepenger.behandlingslager.uttak.fp.UttakResultatPerioderEntitetTest
[INFO] Tests run: 3, Failures: 0, Errors: 0, Skipped: 0, Time elapsed: 0.143 s - in no.nav.foreldrepenger.behandlingslager.uttak.svp.SvangerskapspengerUttakResultatRepositoryTest
[INFO] Tests run: 5, Failures: 0, Errors: 0, Skipped: 0, Time elapsed: 0.06 s - in no.nav.foreldrepenger.behandlingslager.pip.PipRepositoryTest
[INFO] Tests run: 1, Failures: 0, Errors: 0, Skipped: 0, Time elapsed: 0.033 s - in no.nav.foreldrepenger.behandlingslager.kodeverk.KodeverkRepositoryImplTest
[INFO] Tests run: 1, Failures: 0, Errors: 0, Skipped: 0, Time elapsed: 0.01 s - in no.nav.foreldrepenger.behandlingslager.aktør.NavBrukerEntityTest
[INFO] Tests run: 2, Failures: 0, Errors: 0, Skipped: 0, Time elapsed: 0.009 s - in no.nav.foreldrepenger.behandlingslager.aktør.BrukerTjenesteTest
[INFO] Tests run: 6, Failures: 0, Errors: 0, Skipped: 0, Time elapsed: 0.089 s - in no.nav.foreldrepenger.behandlingslager.fagsak.FagsakRepositoryImplTest
[INFO] Tests run: 10, Failures: 0, Errors: 0, Skipped: 0, Time elapsed: 0.292 s - in no.nav.foreldrepenger.behandlingslager.fagsak.FagsakRelasjonRepositoryImplTest
[INFO] Tests run: 1, Failures: 0, Errors: 0, Skipped: 0, Time elapsed: 0.044 s - in no.nav.foreldrepenger.behandlingslager.hendelser.håndtering.HendelseHåndteringRepositoryImplTest
[INFO] Tests run: 2, Failures: 0, Errors: 0, Skipped: 0, Time elapsed: 0.013 s - in no.nav.foreldrepenger.behandlingslager.hendelser.mottak.HendelsemottakRepositoryImplTest
[INFO] Tests run: 8, Failures: 0, Errors: 0, Skipped: 0, Time elapsed: 0.173 s - in no.nav.foreldrepenger.behandlingslager.hendelser.sortering.HendelseSorteringRepositoryImplTest
[INFO] Tests run: 1, Failures: 0, Errors: 0, Skipped: 0, Time elapsed: 0 s - in no.nav.foreldrepenger.behandlingslager.geografisk.LandkoderTest
[INFO] Tests run: 4, Failures: 0, Errors: 0, Skipped: 0, Time elapsed: 0 s - in no.nav.foreldrepenger.behandlingslager.økonomioppdrag.InntektskategoriKlassekodeMapperTest
[WARNING] Tests run: 128, Failures: 0, Errors: 0, Skipped: 17, Time elapsed: 0.045 s - in no.nav.foreldrepenger.behandlingslager.SjekkCollectionsOrderedIEntiteterTest
[INFO] Tests run: 3, Failures: 0, Errors: 0, Skipped: 0, Time elapsed: 1.888 s - in no.nav.foreldrepenger.behandlingslager.behandling.AnkeRepositoryImplTest
[INFO] Tests run: 14, Failures: 0, Errors: 0, Skipped: 0, Time elapsed: 1.106 s - in no.nav.foreldrepenger.behandlingslager.behandling.BehandlingsgrunnlagEntitetTest
[INFO] Tests run: 30, Failures: 0, Errors: 0, Skipped: 0, Time elapsed: 2.177 s - in no.nav.foreldrepenger.behandlingslager.behandling.BehandlingRepositoryImplTest
[INFO] Tests run: 2, Failures: 0, Errors: 0, Skipped: 0, Time elapsed: 0.021 s - in no.nav.foreldrepenger.behandlingslager.behandling.BehandlingsresultatTest
[INFO] Tests run: 7, Failures: 0, Errors: 0, Skipped: 0, Time elapsed: 0.127 s - in no.nav.foreldrepenger.behandlingslager.behandling.BeregningResultatTest
[INFO] Tests run: 3, Failures: 0, Errors: 0, Skipped: 0, Time elapsed: 0.251 s - in no.nav.foreldrepenger.behandlingslager.behandling.KlageRepositoryImplTest
[INFO] Tests run: 3, Failures: 0, Errors: 0, Skipped: 0, Time elapsed: 0.066 s - in no.nav.foreldrepenger.behandlingslager.behandling.MottatteDokumentRepositoryImplTest
[INFO] Tests run: 4, Failures: 0, Errors: 0, Skipped: 0, Time elapsed: 0.333 s - in no.nav.foreldrepenger.behandlingslager.behandling.SlettAvklarteDataTest
[INFO] Tests run: 8, Failures: 0, Errors: 0, Skipped: 0, Time elapsed: 0.106 s - in no.nav.foreldrepenger.behandlingslager.behandling.VilkårResultatTest
[INFO] Tests run: 2, Failures: 0, Errors: 0, Skipped: 0, Time elapsed: 3.191 s - in no.nav.foreldrepenger.behandlingslager.testutilities.kodeverk.KodeverkAvstemmingTest
[INFO] Tests run: 8, Failures: 0, Errors: 0, Skipped: 0, Time elapsed: 0.159 s - in no.nav.foreldrepenger.behandlingslager.diff.TraverseEntityGraphTest
[WARNING] Tests run: 512, Failures: 0, Errors: 0, Skipped: 256, Time elapsed: 0.357 s - in no.nav.foreldrepenger.behandlingslager.EntityTest
[INFO] Tests run: 1, Failures: 0, Errors: 0, Skipped: 0, Time elapsed: 0.031 s - in no.nav.foreldrepenger.behandlingslager.behandling.BehandlingLåsTest
[INFO] Tests run: 4, Failures: 0, Errors: 0, Skipped: 0, Time elapsed: 0.261 s - in no.nav.foreldrepenger.behandlingslager.behandling.BehandlingEntitetTest
[INFO] Tests run: 1, Failures: 0, Errors: 0, Skipped: 0, Time elapsed: 0.064 s - in no.nav.foreldrepenger.batch.task.BatchSchedulerTaskTest
[INFO] Tests run: 2, Failures: 0, Errors: 0, Skipped: 0, Time elapsed: 5.963 s - in no.nav.foreldrepenger.kodeverk.KodeverkSynkroniseringTest
[INFO] Tests run: 2, Failures: 0, Errors: 0, Skipped: 0, Time elapsed: 0.05 s - in no.nav.foreldrepenger.kodeverk.KodeverkTjenesteImplTest
[INFO] Tests run: 12, Failures: 0, Errors: 0, Skipped: 0, Time elapsed: 4.441 s - in no.nav.foreldrepenger.behandlingskontroll.impl.BehandlingskontrollTjenesteImplTest
[INFO] Tests run: 9, Failures: 0, Errors: 0, Skipped: 0, Time elapsed: 0.294 s - in no.nav.foreldrepenger.behandlingskontroll.impl.BehandlingModellTest
[INFO] Tests run: 11, Failures: 0, Errors: 0, Skipped: 0, Time elapsed: 0.636 s - in no.nav.foreldrepenger.behandlingskontroll.impl.observer.TilbakehoppTest
[INFO] Tests run: 2, Failures: 0, Errors: 0, Skipped: 0, Time elapsed: 0 s - in no.nav.foreldrepenger.behandlingskontroll.impl.BehandlingModellEnkelTest
[INFO] Tests run: 6, Failures: 0, Errors: 0, Skipped: 0, Time elapsed: 0.238 s - in no.nav.foreldrepenger.behandlingskontroll.impl.transisjoner.FremoverhoppTest
[INFO] Tests run: 5, Failures: 0, Errors: 0, Skipped: 0, Time elapsed: 0.442 s - in no.nav.foreldrepenger.behandlingskontroll.impl.BehandlingskontrollEventPublisererTest
[INFO] Tests run: 2, Failures: 0, Errors: 0, Skipped: 0, Time elapsed: 0.002 s - in no.nav.foreldrepenger.behandlingskontroll.FagsakYtelseTypeRefTest
[INFO] Tests run: 9, Failures: 0, Errors: 0, Skipped: 0, Time elapsed: 5.313 s - in no.nav.foreldrepenger.dokumentarkiv.impl.DokumentArkivTjenesteTest
[INFO] Tests run: 4, Failures: 0, Errors: 0, Skipped: 0, Time elapsed: 5.094 s - in no.nav.foreldrepenger.behandling.impl.BehandlingskontrollAksjonspunktTypeAutopunktEventObserverTest
[INFO] Tests run: 2, Failures: 0, Errors: 0, Skipped: 0, Time elapsed: 0.325 s - in no.nav.foreldrepenger.behandling.impl.FagsakTjenesteTest
[INFO] Tests run: 3, Failures: 0, Errors: 0, Skipped: 0, Time elapsed: 0.136 s - in no.nav.foreldrepenger.behandling.impl.FinnAnsvarligSaksbehandlerTest
[INFO] Tests run: 4, Failures: 0, Errors: 0, Skipped: 0, Time elapsed: 0.415 s - in no.nav.foreldrepenger.behandling.DekningsgradTjenesteTest
[INFO] Tests run: 1, Failures: 0, Errors: 0, Skipped: 0, Time elapsed: 0.072 s - in no.nav.foreldrepenger.behandling.kriterie.impl.BehandlingsfristUtløptTjenesteImplTest
[INFO] Tests run: 6, Failures: 0, Errors: 0, Skipped: 0, Time elapsed: 0 s - in no.nav.foreldrepenger.behandling.fp.UtledVedtakResultatTypeTest
[INFO] Tests run: 4, Failures: 0, Errors: 0, Skipped: 0, Time elapsed: 0 s - in no.nav.foreldrepenger.behandling.es.UtledVedtakResultatTypeTest
[INFO] Tests run: 8, Failures: 0, Errors: 0, Skipped: 0, Time elapsed: 1.514 s - in no.nav.foreldrepenger.behandling.RelatertBehandlingTjenesteImplTest
[INFO] Tests run: 1, Failures: 0, Errors: 0, Skipped: 0, Time elapsed: 0.003 s - in no.nav.foreldrepenger.historikk.HistorikkInnslagTekstBuilderTest
[INFO] Tests run: 1, Failures: 0, Errors: 0, Skipped: 0, Time elapsed: 0.267 s - in no.nav.foreldrepenger.historikk.kafka.LagreHistorikkTaskTest
[INFO] Tests run: 2, Failures: 0, Errors: 0, Skipped: 0, Time elapsed: 0.054 s - in no.nav.foreldrepenger.historikk.HistorikkRepositoryImplTest
[INFO] Tests run: 2, Failures: 0, Errors: 0, Skipped: 0, Time elapsed: 5.942 s - in no.nav.foreldrepenger.domene.person.verge.VergeOppdatererTest
[INFO] Tests run: 1, Failures: 0, Errors: 0, Skipped: 0, Time elapsed: 0 s - in no.nav.foreldrepenger.domene.person.tps.TpsFødselUtilTest
[INFO] Tests run: 6, Failures: 0, Errors: 0, Skipped: 0, Time elapsed: 0.021 s - in no.nav.foreldrepenger.domene.person.tps.TpsTjenesteTest
[INFO] Tests run: 1, Failures: 0, Errors: 0, Skipped: 0, Time elapsed: 0.154 s - in no.nav.foreldrepenger.domene.person.tps.TpsFamilieTjenesteTest
[INFO] Tests run: 2, Failures: 0, Errors: 0, Skipped: 0, Time elapsed: 0.025 s - in no.nav.foreldrepenger.domene.person.tps.PersoninfoAdapterTest
[INFO] Tests run: 7, Failures: 0, Errors: 0, Skipped: 0, Time elapsed: 0.037 s - in no.nav.foreldrepenger.domene.person.tps.TpsAdapterImplTest
[INFO] Tests run: 17, Failures: 0, Errors: 0, Skipped: 0, Time elapsed: 0.309 s - in no.nav.foreldrepenger.domene.person.tps.TpsOversetterTest
[INFO] Tests run: 6, Failures: 0, Errors: 0, Skipped: 0, Time elapsed: 0.004 s - in no.nav.foreldrepenger.domene.personopplysning.StatsborgerskapEndringIdentifisererTest
[INFO] Tests run: 5, Failures: 0, Errors: 0, Skipped: 0, Time elapsed: 0 s - in no.nav.foreldrepenger.domene.personopplysning.PersonstatusEndringIdentifisererTest
[INFO] Tests run: 2, Failures: 0, Errors: 0, Skipped: 0, Time elapsed: 0 s - in no.nav.foreldrepenger.domene.personopplysning.SivilstandEndringIdentifisererTest
[INFO] Tests run: 7, Failures: 0, Errors: 0, Skipped: 0, Time elapsed: 0 s - in no.nav.foreldrepenger.domene.personopplysning.PersonAdresseEndringIdentifisererTest
[INFO] Tests run: 1, Failures: 0, Errors: 0, Skipped: 0, Time elapsed: 0.102 s - in no.nav.foreldrepenger.domene.personopplysning.PersonopplysningTjenesteTest
[INFO] Tests run: 9, Failures: 0, Errors: 0, Skipped: 0, Time elapsed: 0.004 s - in no.nav.foreldrepenger.domene.personopplysning.PersonopplysningGrunnlagDiffTest
[INFO] Tests run: 1, Failures: 0, Errors: 0, Skipped: 0, Time elapsed: 4.673 s - in no.nav.foreldrepenger.domene.arbeidsgiver.VirksomhetTjenesteImplTest
[INFO] Tests run: 2, Failures: 0, Errors: 0, Skipped: 0, Time elapsed: 0 s - in no.nav.foreldrepenger.domene.arbeidsforhold.impl.UtledOppstartsdatoNærmestStpFraRelevanteYrkesaktiviteterTest
[INFO] Tests run: 5, Failures: 0, Errors: 0, Skipped: 0, Time elapsed: 0 s - in no.nav.foreldrepenger.domene.arbeidsforhold.impl.UtledBrukAvPermisjonForWrapperTest
[INFO] Tests run: 8, Failures: 0, Errors: 0, Skipped: 0, Time elapsed: 0.012 s - in no.nav.foreldrepenger.domene.arbeidsforhold.impl.EndringIArbeidsforholdIdTest
[INFO] Tests run: 4, Failures: 0, Errors: 0, Skipped: 0, Time elapsed: 0.01 s - in no.nav.foreldrepenger.domene.arbeidsforhold.impl.LeggTilResultatTest
[INFO] Tests run: 15, Failures: 0, Errors: 0, Skipped: 0, Time elapsed: 0.339 s - in no.nav.foreldrepenger.domene.arbeidsforhold.impl.ArbeidsforholdAdministrasjonTjenesteTest
[INFO] Tests run: 2, Failures: 0, Errors: 0, Skipped: 0, Time elapsed: 0 s - in no.nav.foreldrepenger.domene.arbeidsforhold.impl.UtledStillingsprosentFraYrkesaktivitetMedOppstartsdatoNærmestStpTest
[INFO] Tests run: 4, Failures: 0, Errors: 0, Skipped: 0, Time elapsed: 0.289 s - in no.nav.foreldrepenger.domene.arbeidsforhold.impl.VurderArbeidsforholdTjenesteImplTest
[INFO] Tests run: 4, Failures: 0, Errors: 0, Skipped: 0, Time elapsed: 0.127 s - in no.nav.foreldrepenger.domene.arbeidsforhold.impl.UtledRelevanteYrkesaktiviteterForStillingsprosentTest
[INFO] Tests run: 8, Failures: 0, Errors: 0, Skipped: 0, Time elapsed: 0.011 s - in no.nav.foreldrepenger.domene.arbeidsforhold.impl.UtledAnsettelsesperiodeTest
[INFO] Tests run: 10, Failures: 0, Errors: 0, Skipped: 0, Time elapsed: 0.254 s - in no.nav.foreldrepenger.domene.arbeidsforhold.impl.VurderPermisjonTjenesteTest
[INFO] Tests run: 9, Failures: 0, Errors: 0, Skipped: 0, Time elapsed: 0.001 s - in no.nav.foreldrepenger.domene.arbeidsforhold.impl.UtledPermisjonSomFørerTilAksjonspunktTest
[INFO] Tests run: 5, Failures: 0, Errors: 0, Skipped: 0, Time elapsed: 0 s - in no.nav.foreldrepenger.domene.arbeidsforhold.impl.UtledStillingsprosentTest
[INFO] Tests run: 3, Failures: 0, Errors: 0, Skipped: 0, Time elapsed: 0.198 s - in no.nav.foreldrepenger.domene.arbeidsforhold.impl.PåkrevdeInntektsmeldingerTjenesteTest
[INFO] Tests run: 9, Failures: 0, Errors: 0, Skipped: 0, Time elapsed: 0.199 s - in no.nav.foreldrepenger.domene.arbeidsforhold.fp.InntektsmeldingTjenesteImplTest
[INFO] Tests run: 7, Failures: 0, Errors: 0, Skipped: 0, Time elapsed: 0.177 s - in no.nav.foreldrepenger.domene.arbeidsforhold.aksjonspunkt.ArbeidsforholdHistorikkinnslagTjenesteTest
[INFO] Tests run: 8, Failures: 0, Errors: 0, Skipped: 0, Time elapsed: 0.215 s - in no.nav.foreldrepenger.domene.arbeidsforhold.aksjonspunkt.AvklarArbeidsforholdOppdatererTest
[INFO] Tests run: 6, Failures: 0, Errors: 0, Skipped: 0, Time elapsed: 0.001 s - in no.nav.foreldrepenger.domene.arbeidsforhold.aksjonspunkt.UtledKoderForHistorikkinnslagdelerForArbeidsforholdUtenInnteksmeldingTest
[INFO] Tests run: 6, Failures: 0, Errors: 0, Skipped: 0, Time elapsed: 0.001 s - in no.nav.foreldrepenger.domene.arbeidsforhold.aksjonspunkt.UtledOmHistorikkinnslagForInntektsmeldingErNødvendigTest
[INFO] Tests run: 4, Failures: 0, Errors: 0, Skipped: 0, Time elapsed: 0.001 s - in no.nav.foreldrepenger.domene.arbeidsforhold.aksjonspunkt.UtledBekreftetPermisjonStatusTest
[INFO] Tests run: 3, Failures: 0, Errors: 0, Skipped: 0, Time elapsed: 0.001 s - in no.nav.foreldrepenger.domene.arbeidsforhold.aksjonspunkt.UtledKoderForHistorikkinnslagdelerForNyttEllerErstattetArbeidsforholdTest
[INFO] Tests run: 4, Failures: 0, Errors: 0, Skipped: 0, Time elapsed: 0 s - in no.nav.foreldrepenger.domene.arbeidsforhold.aksjonspunkt.UtledBekreftetPermisjonTest
[INFO] Tests run: 5, Failures: 0, Errors: 0, Skipped: 0, Time elapsed: 0 s - in no.nav.foreldrepenger.domene.arbeidsforhold.aksjonspunkt.ArbeidsgiverHistorikkinnslagTjenesteImplTest
[INFO] Tests run: 3, Failures: 0, Errors: 0, Skipped: 0, Time elapsed: 0.001 s - in no.nav.foreldrepenger.domene.arbeidsforhold.aksjonspunkt.UtledKoderForHistorikkinnslagdelerForPermisjonTest
[INFO] Tests run: 10, Failures: 0, Errors: 0, Skipped: 0, Time elapsed: 0.001 s - in no.nav.foreldrepenger.domene.arbeidsforhold.aksjonspunkt.ArbeidsforholdHandlingTypeUtlederTest
[INFO] Tests run: 24, Failures: 0, Errors: 0, Skipped: 0, Time elapsed: 0.02 s - in no.nav.foreldrepenger.domene.arbeidsforhold.svp.UtbetalingsgradBeregnerTest
[INFO] Tests run: 3, Failures: 0, Errors: 0, Skipped: 0, Time elapsed: 0.2 s - in no.nav.foreldrepenger.domene.arbeidsforhold.svp.BeregnTilrettleggingsperioderTjenesteImplTest
[INFO] Tests run: 7, Failures: 0, Errors: 0, Skipped: 0, Time elapsed: 0 s - in no.nav.foreldrepenger.domene.arbeidsforhold.svp.FinnAktivitetsavtalerForUtbetalingsgradTest
[INFO] Tests run: 1, Failures: 0, Errors: 0, Skipped: 0, Time elapsed: 0.014 s - in no.nav.foreldrepenger.domene.arbeidsforhold.svp.InntektsmeldingTjenesteImplTest
[INFO] Tests run: 1, Failures: 0, Errors: 0, Skipped: 0, Time elapsed: 0 s - in no.nav.foreldrepenger.domene.arbeidsforhold.rest.TilgrensendeYtelserDtoTest
[INFO] Tests run: 7, Failures: 0, Errors: 0, Skipped: 0, Time elapsed: 0.001 s - in no.nav.foreldrepenger.domene.arbeidsforhold.rest.BehandlingRelaterteYtelserMapperTest
[INFO] Tests run: 1, Failures: 0, Errors: 0, Skipped: 0, Time elapsed: 0 s - in no.nav.foreldrepenger.domene.abakus.mapping.MapRefusjonskravDatoerTest
[INFO] Tests run: 1, Failures: 0, Errors: 0, Skipped: 0, Time elapsed: 0.063 s - in no.nav.foreldrepenger.domene.abakus.mapping.IAYDtoMapperRoundtripTest
[INFO] Tests run: 1, Failures: 0, Errors: 0, Skipped: 0, Time elapsed: 0.001 s - in no.nav.foreldrepenger.domene.abakus.mapping.IAYTilDtoMapperTest
[INFO] Tests run: 1, Failures: 0, Errors: 0, Skipped: 0, Time elapsed: 0.001 s - in no.nav.foreldrepenger.domene.abakus.mapping.IAYDtoMapperLagretKonverteringTest
[INFO] Tests run: 1, Failures: 0, Errors: 0, Skipped: 0, Time elapsed: 0.004 s - in no.nav.foreldrepenger.domene.abakus.IAYRequestCacheTest
[INFO] Tests run: 6, Failures: 0, Errors: 0, Skipped: 0, Time elapsed: 0.001 s - in no.nav.foreldrepenger.domene.iay.modell.OpptjeningsnøkkelTest
[INFO] Tests run: 1, Failures: 0, Errors: 0, Skipped: 0, Time elapsed: 0 s - in no.nav.foreldrepenger.domene.iay.modell.ArbeidsforholdInformasjonEntitetTest
[INFO] Tests run: 2, Failures: 0, Errors: 0, Skipped: 0, Time elapsed: 0 s - in no.nav.foreldrepenger.domene.iay.modell.AktivitetsAvtaleTest
[INFO] Tests run: 6, Failures: 0, Errors: 0, Skipped: 0, Time elapsed: 0.001 s - in no.nav.foreldrepenger.domene.iay.modell.YrkesaktivitetEntitetTest
[INFO] Tests run: 5, Failures: 0, Errors: 0, Skipped: 0, Time elapsed: 0 s - in no.nav.foreldrepenger.domene.iay.modell.InntektsmeldingAggregatEntitetTest
[INFO] Tests run: 15, Failures: 0, Errors: 0, Skipped: 0, Time elapsed: 0 s - in no.nav.foreldrepenger.domene.iay.modell.ArbeidsforholdOverstyringTest
[INFO] Tests run: 6, Failures: 0, Errors: 0, Skipped: 0, Time elapsed: 0.001 s - in no.nav.foreldrepenger.domene.opptjening.dto.MergeOverlappendePeriodeHjelpTest
[INFO] Tests run: 4, Failures: 0, Errors: 0, Skipped: 0, Time elapsed: 0 s - in no.nav.foreldrepenger.domene.opptjening.aksjonspunkt.AvklarAktivitetsPerioderOppdatererTest
[INFO] Tests run: 3, Failures: 0, Errors: 0, Skipped: 0, Time elapsed: 0.044 s - in no.nav.foreldrepenger.domene.opptjening.aksjonspunkt.OpptjeningIUtlandDokStatusTjenesteTest
[INFO] Tests run: 11, Failures: 0, Errors: 0, Skipped: 0, Time elapsed: 0.397 s - in no.nav.foreldrepenger.domene.opptjening.aksjonspunkt.OpptjeningsperioderTjenesteImplTest
[INFO] Tests run: 3, Failures: 0, Errors: 0, Skipped: 0, Time elapsed: 0.105 s - in no.nav.foreldrepenger.domene.opptjening.aksjonspunkt.OpptjeningInntektArbeidYtelseTjenesteImplTest
[INFO] Tests run: 1, Failures: 0, Errors: 0, Skipped: 0, Time elapsed: 0.029 s - in no.nav.foreldrepenger.domene.opptjening.aksjonspunkt.AksjonspunktutlederForVurderBekreftetOpptjeningTest
[INFO] Tests run: 3, Failures: 0, Errors: 0, Skipped: 0, Time elapsed: 0.038 s - in no.nav.foreldrepenger.domene.opptjening.aksjonspunkt.BekreftOpptjeningPeriodeAksjonspunktTest
[INFO] Tests run: 11, Failures: 0, Errors: 0, Skipped: 0, Time elapsed: 0.003 s - in no.nav.foreldrepenger.domene.opptjening.aksjonspunkt.MapAnsettelsesPeriodeOgPermisjonTest
[INFO] Tests run: 9, Failures: 0, Errors: 0, Skipped: 0, Time elapsed: 0.479 s - in no.nav.foreldrepenger.produksjonsstyring.behandlingenhet.EnhetsTjenesteTest
[INFO] Tests run: 3, Failures: 0, Errors: 0, Skipped: 0, Time elapsed: 6.632 s - in no.nav.foreldrepenger.produksjonsstyring.behandlingenhet.BehandlendeEnhetTjenesteTest
[INFO] Tests run: 2, Failures: 0, Errors: 0, Skipped: 0, Time elapsed: 0.142 s - in no.nav.foreldrepenger.produksjonsstyring.totrinn.TotrinnRepositoryImplTest
[INFO] Tests run: 2, Failures: 0, Errors: 0, Skipped: 0, Time elapsed: 0.31 s - in no.nav.foreldrepenger.produksjonsstyring.sakogbehandling.OppdaterSakOgBehandlingEventObserverTest
[INFO] Tests run: 2, Failures: 0, Errors: 0, Skipped: 0, Time elapsed: 0.378 s - in no.nav.foreldrepenger.produksjonsstyring.sakogbehandling.SakOgBehandlingKafkaTaskTest
[INFO] Tests run: 13, Failures: 0, Errors: 0, Skipped: 0, Time elapsed: 1.015 s - in no.nav.foreldrepenger.produksjonsstyring.oppgavebehandling.OppgaveTjenesteTest
[INFO] Tests run: 1, Failures: 0, Errors: 0, Skipped: 0, Time elapsed: 0.015 s - in no.nav.foreldrepenger.produksjonsstyring.oppgavebehandling.OpprettOppgaveRegistrerSøknadTaskTest
[INFO] Tests run: 2, Failures: 0, Errors: 0, Skipped: 0, Time elapsed: 0.049 s - in no.nav.foreldrepenger.produksjonsstyring.oppgavebehandling.OpprettOppgaveForBehandlingTaskTest
[INFO] Tests run: 1, Failures: 0, Errors: 0, Skipped: 0, Time elapsed: 0.062 s - in no.nav.foreldrepenger.produksjonsstyring.oppgavebehandling.AvsluttOppgaveTaskTest
[INFO] Tests run: 3, Failures: 0, Errors: 0, Skipped: 0, Time elapsed: 0.186 s - in no.nav.foreldrepenger.produksjonsstyring.oppgavebehandling.OppgaveBehandlingKoblingTest
[INFO] Tests run: 1, Failures: 0, Errors: 0, Skipped: 0, Time elapsed: 0.006 s - in no.nav.foreldrepenger.produksjonsstyring.oppgavebehandling.OpprettOppgaveVurderDokumentTaskTest
[INFO] Tests run: 3, Failures: 0, Errors: 0, Skipped: 0, Time elapsed: 0.063 s - in no.nav.foreldrepenger.produksjonsstyring.oppgavebehandling.OppgaveBehandlingKoblingRepositoryImplTest
[INFO] Tests run: 1, Failures: 0, Errors: 0, Skipped: 0, Time elapsed: 0.005 s - in no.nav.foreldrepenger.produksjonsstyring.oppgavebehandling.OpprettOppgaveForBehandlingSendtTilbakeTaskTest
[INFO] Tests run: 1, Failures: 0, Errors: 0, Skipped: 0, Time elapsed: 0 s - in no.nav.foreldrepenger.produksjonsstyring.oppgavebehandling.OpprettOppgaveVurderKonsekvensTaskTest
[INFO] Tests run: 4, Failures: 0, Errors: 0, Skipped: 0, Time elapsed: 0.204 s - in no.nav.foreldrepenger.skjæringstidspunkt.fp.SkjæringstidspunktUtilsTest
[INFO] Tests run: 14, Failures: 0, Errors: 0, Skipped: 0, Time elapsed: 0 s - in no.nav.foreldrepenger.skjæringstidspunkt.svp.BeregnTilrettleggingsdatoTest
[INFO] Tests run: 1, Failures: 0, Errors: 0, Skipped: 0, Time elapsed: 0.003 s - in no.nav.foreldrepenger.skjæringstidspunkt.svp.SkjæringstidspunktTjenesteImplTest
[INFO] Tests run: 4, Failures: 0, Errors: 0, Skipped: 0, Time elapsed: 0 s - in no.nav.foreldrepenger.skjæringstidspunkt.es.RegisterinnhentingElastisiTest
[INFO] Tests run: 5, Failures: 0, Errors: 0, Skipped: 0, Time elapsed: 5.498 s - in no.nav.foreldrepenger.familiehendelse.impl.FamilieHendelseTjenesteImplTest
[INFO] Tests run: 7, Failures: 0, Errors: 0, Skipped: 0, Time elapsed: 0.544 s - in no.nav.foreldrepenger.familiehendelse.kontrollerfakta.fødsel.AksjonspunktUtlederForEngangsstønadFødselTest
[INFO] Tests run: 5, Failures: 0, Errors: 0, Skipped: 0, Time elapsed: 0.336 s - in no.nav.foreldrepenger.familiehendelse.kontrollerfakta.fødsel.AksjonspunktUtlederForForeldrepengerFødselNårHovedsøkerErFarMedmorTest
[INFO] Tests run: 9, Failures: 0, Errors: 0, Skipped: 0, Time elapsed: 0.567 s - in no.nav.foreldrepenger.familiehendelse.kontrollerfakta.fødsel.AksjonspunktUtlederForForeldrepengerFødselNårHovedsøkerErMorTest
[INFO] Tests run: 1, Failures: 0, Errors: 0, Skipped: 0, Time elapsed: 0.118 s - in no.nav.foreldrepenger.familiehendelse.kontrollerfakta.omsorgsovertakelse.AksjonspunktUtlederForOmsorgsovertakelseTest
[INFO] Tests run: 3, Failures: 0, Errors: 0, Skipped: 0, Time elapsed: 0.082 s - in no.nav.foreldrepenger.familiehendelse.kontrollerfakta.adopsjon.AksjonspunktUtlederForForeldrepengerAdopsjonTest
[INFO] Tests run: 2, Failures: 0, Errors: 0, Skipped: 0, Time elapsed: 0.008 s - in no.nav.foreldrepenger.familiehendelse.kontrollerfakta.adopsjon.AksjonspunktUtlederForEngangsstønadAdopsjonTest
[INFO] Tests run: 7, Failures: 0, Errors: 0, Skipped: 0, Time elapsed: 0.665 s - in no.nav.foreldrepenger.familiehendelse.omsorg.AvklarOmsorgOgForeldreansvarOppdatererTest
[INFO] Tests run: 1, Failures: 0, Errors: 0, Skipped: 0, Time elapsed: 0.009 s - in no.nav.foreldrepenger.familiehendelse.omsorg.OmsorgsvilkårOppdatererTest
[INFO] Tests run: 1, Failures: 0, Errors: 0, Skipped: 0, Time elapsed: 0.086 s - in no.nav.foreldrepenger.familiehendelse.aksjonspunkt.BekreftEktefelleOppdatererTest
[INFO] Tests run: 1, Failures: 0, Errors: 0, Skipped: 0, Time elapsed: 0.101 s - in no.nav.foreldrepenger.familiehendelse.aksjonspunkt.BekreftDokumentasjonOppdatererTest
[INFO] Tests run: 1, Failures: 0, Errors: 0, Skipped: 0, Time elapsed: 0.1 s - in no.nav.foreldrepenger.familiehendelse.aksjonspunkt.BekreftMannAdoptererAleneTest
[INFO] Tests run: 3, Failures: 0, Errors: 0, Skipped: 0, Time elapsed: 0 s - in no.nav.foreldrepenger.familiehendelse.aksjonspunkt.BekreftTerminbekreftelseValidatorTest
[INFO] Tests run: 3, Failures: 0, Errors: 0, Skipped: 0, Time elapsed: 0.29 s - in no.nav.foreldrepenger.familiehendelse.aksjonspunkt.BekreftTerminbekreftelseOppdatererTest
[INFO] Tests run: 2, Failures: 0, Errors: 0, Skipped: 0, Time elapsed: 0.01 s - in no.nav.foreldrepenger.familiehendelse.aksjonspunkt.VurdereYtelseSammeBarnAnnenForelderOppdatererTest
[INFO] Tests run: 1, Failures: 0, Errors: 0, Skipped: 0, Time elapsed: 0.177 s - in no.nav.foreldrepenger.familiehendelse.aksjonspunkt.BekreftTerminbekreftelseAksjonspunktDtoTest
[INFO] Tests run: 9, Failures: 0, Errors: 0, Skipped: 0, Time elapsed: 0.821 s - in no.nav.foreldrepenger.familiehendelse.aksjonspunkt.SjekkManglendeFødselOppdatererTest
[INFO] Tests run: 6, Failures: 0, Errors: 0, Skipped: 0, Time elapsed: 0.001 s - in no.nav.foreldrepenger.familiehendelse.dødsfall.BarnetsDødsdatoEndringIdentifisererTest
[INFO] Tests run: 5, Failures: 0, Errors: 0, Skipped: 0, Time elapsed: 0.001 s - in no.nav.foreldrepenger.familiehendelse.dødsfall.MorErDødEndringIdentifisererTest
[INFO] Tests run: 3, Failures: 0, Errors: 0, Skipped: 0, Time elapsed: 0.495 s - in no.nav.foreldrepenger.familiehendelse.dødsfall.BarnBorteEndringIdentifisererTest
[INFO] Tests run: 5, Failures: 0, Errors: 0, Skipped: 0, Time elapsed: 0 s - in no.nav.foreldrepenger.familiehendelse.dødsfall.Forelder2ErDødEndringIdentifisererTest
[INFO] Tests run: 6, Failures: 0, Errors: 0, Skipped: 0, Time elapsed: 0 s - in no.nav.foreldrepenger.familiehendelse.dødsfall.ForelderErDødEndringIdentifisererTest
[INFO] Tests run: 1, Failures: 0, Errors: 0, Skipped: 0, Time elapsed: 0 s - in no.nav.foreldrepenger.familiehendelse.rest.PeriodeKonverterTest
[INFO] Tests run: 5, Failures: 0, Errors: 0, Skipped: 0, Time elapsed: 5.343 s - in no.nav.foreldrepenger.domene.medlem.impl.AvklarBarnFødtUtenlandsTest
[INFO] Tests run: 1, Failures: 0, Errors: 0, Skipped: 0, Time elapsed: 0.08 s - in no.nav.foreldrepenger.domene.medlem.impl.MedlemskapTjenesteImplTest
[INFO] Tests run: 7, Failures: 0, Errors: 0, Skipped: 0, Time elapsed: 1.125 s - in no.nav.foreldrepenger.domene.medlem.impl.UtledVurderingsdatoerForMedlemskapTjenesteImplTest
[INFO] Tests run: 1, Failures: 0, Errors: 0, Skipped: 0, Time elapsed: 0.07 s - in no.nav.foreldrepenger.domene.medlem.impl.HentMedlemskapFraRegisterTest
[INFO] Tests run: 11, Failures: 0, Errors: 0, Skipped: 0, Time elapsed: 0.891 s - in no.nav.foreldrepenger.domene.medlem.impl.AvklarOmErBosattTest
[INFO] Tests run: 11, Failures: 0, Errors: 0, Skipped: 0, Time elapsed: 0.798 s - in no.nav.foreldrepenger.domene.medlem.impl.AvklaringFaktaMedlemskapTest
[INFO] Tests run: 3, Failures: 0, Errors: 0, Skipped: 0, Time elapsed: 0 s - in no.nav.foreldrepenger.domene.medlem.impl.MedlemEndringssjekkerEngangsstønadTest
[INFO] Tests run: 12, Failures: 0, Errors: 0, Skipped: 0, Time elapsed: 1.027 s - in no.nav.foreldrepenger.domene.medlem.impl.AvklarOmSøkerOppholderSegINorgeTest
[INFO] Tests run: 5, Failures: 0, Errors: 0, Skipped: 0, Time elapsed: 0.294 s - in no.nav.foreldrepenger.domene.medlem.impl.AvklarGyldigPeriodeTest
[INFO] Tests run: 6, Failures: 0, Errors: 0, Skipped: 0, Time elapsed: 0.396 s - in no.nav.foreldrepenger.domene.medlem.kontrollerfakta.AksjonspunktutlederForAvklarStartdatoForForeldrepengeperiodenTest
[INFO] Tests run: 3, Failures: 0, Errors: 0, Skipped: 0, Time elapsed: 0 s - in no.nav.foreldrepenger.domene.medlem.identifiserer.MedlemEndringIdentifisererTest
[INFO] Tests run: 3, Failures: 0, Errors: 0, Skipped: 0, Time elapsed: 4.976 s - in no.nav.foreldrepenger.domene.uttak.kontroller.fakta.omsorg.BrukerHarAleneomsorgAksjonspunktUtlederTest
[INFO] Tests run: 11, Failures: 0, Errors: 0, Skipped: 0, Time elapsed: 0.652 s - in no.nav.foreldrepenger.domene.uttak.kontroller.fakta.omsorg.BrukerHarOmsorgAksjonspunktUtlederTest
[INFO] Tests run: 9, Failures: 0, Errors: 0, Skipped: 0, Time elapsed: 0.003 s - in no.nav.foreldrepenger.domene.uttak.kontroller.fakta.wagnerfisher.WagnerFisherTest
[INFO] Tests run: 6, Failures: 0, Errors: 0, Skipped: 0, Time elapsed: 0.447 s - in no.nav.foreldrepenger.domene.uttak.kontroller.fakta.KontrollerFaktaUttakTjenesteTest
[INFO] Tests run: 1, Failures: 0, Errors: 0, Skipped: 0, Time elapsed: 0.033 s - in no.nav.foreldrepenger.domene.uttak.kontroller.fakta.uttakperioder.GraderingAktivitetUtenBGAksjonspunktUtlederTest
[INFO] Tests run: 8, Failures: 0, Errors: 0, Skipped: 0, Time elapsed: 0.494 s - in no.nav.foreldrepenger.domene.uttak.kontroller.fakta.uttakperioder.AnnenForelderHarRettAksjonspunktUtlederTest
[INFO] Tests run: 16, Failures: 0, Errors: 0, Skipped: 0, Time elapsed: 0.025 s - in no.nav.foreldrepenger.domene.uttak.kontroller.fakta.uttakperioder.SøknadsperiodeDokumentasjonKontrollererTest
[INFO] Tests run: 14, Failures: 0, Errors: 0, Skipped: 0, Time elapsed: 0.138 s - in no.nav.foreldrepenger.domene.uttak.kontroller.fakta.uttakperioder.AvklarFaktaUttakTjenesteTest
[INFO] Tests run: 6, Failures: 0, Errors: 0, Skipped: 0, Time elapsed: 0.454 s - in no.nav.foreldrepenger.domene.uttak.kontroller.fakta.uttakperioder.FørsteUttaksdatoAksjonspunktUtlederTest
[INFO] Tests run: 6, Failures: 0, Errors: 0, Skipped: 0, Time elapsed: 0.001 s - in no.nav.foreldrepenger.domene.uttak.kontroller.fakta.uttakperioder.UttakPeriodeEditDistanceTest
[INFO] Tests run: 3, Failures: 0, Errors: 0, Skipped: 0, Time elapsed: 0.137 s - in no.nav.foreldrepenger.domene.uttak.kontroller.fakta.uttakperioder.GraderingUkjentAktivitetAksjonspunktUtlederTest
[INFO] Tests run: 6, Failures: 0, Errors: 0, Skipped: 0, Time elapsed: 0.778 s - in no.nav.foreldrepenger.domene.uttak.kontroller.fakta.uttakperioder.AvklarHendelseAksjonspunktUtlederTest
[INFO] Tests run: 3, Failures: 0, Errors: 0, Skipped: 0, Time elapsed: 0.238 s - in no.nav.foreldrepenger.domene.uttak.kontroller.fakta.uttakperioder.AnnenForelderIkkeRettOgLøpendeVedtakAksjonspunktUtlederTest
[INFO] Tests run: 2, Failures: 0, Errors: 0, Skipped: 0, Time elapsed: 0.063 s - in no.nav.foreldrepenger.domene.uttak.kontroller.fakta.uttakperioder.AvklarFaktaUttakPerioderTjenesteTest
[INFO] Tests run: 5, Failures: 0, Errors: 0, Skipped: 0, Time elapsed: 0.564 s - in no.nav.foreldrepenger.domene.uttak.beregnkontoer.BeregnStønadskontoerTjenesteTest
[INFO] Tests run: 9, Failures: 0, Errors: 0, Skipped: 0, Time elapsed: 0.247 s - in no.nav.foreldrepenger.domene.uttak.input.UttakStillingsprosentTjenesteTest
[INFO] Tests run: 2, Failures: 0, Errors: 0, Skipped: 0, Time elapsed: 0.045 s - in no.nav.foreldrepenger.domene.uttak.input.UttakYrkesaktiviteterTest
[INFO] Tests run: 2, Failures: 0, Errors: 0, Skipped: 0, Time elapsed: 0 s - in no.nav.foreldrepenger.domene.uttak.KodeMapperTest
[INFO] Tests run: 5, Failures: 0, Errors: 0, Skipped: 0, Time elapsed: 0.423 s - in no.nav.foreldrepenger.domene.uttak.TapteDagerFpffTjenesteTest
[INFO] Tests run: 2, Failures: 0, Errors: 0, Skipped: 0, Time elapsed: 0 s - in no.nav.foreldrepenger.domene.uttak.PerioderUtenHelgUtilTest
[INFO] Tests run: 1, Failures: 0, Errors: 0, Skipped: 0, Time elapsed: 0.027 s - in no.nav.foreldrepenger.domene.uttak.svp.UttaksresultatMapperTest
[INFO] Tests run: 1, Failures: 0, Errors: 0, Skipped: 0, Time elapsed: 0.035 s - in no.nav.foreldrepenger.domene.uttak.svp.RegelmodellSøknaderMapperTest
[INFO] Tests run: 2, Failures: 0, Errors: 0, Skipped: 0, Time elapsed: 0.088 s - in no.nav.foreldrepenger.domene.uttak.svp.AvklarteDatoerTjenesteTest
[INFO] Tests run: 3, Failures: 0, Errors: 0, Skipped: 0, Time elapsed: 0.205 s - in no.nav.foreldrepenger.domene.uttak.OpphørUttakTjenesteTest
[INFO] Tests run: 36, Failures: 0, Errors: 0, Skipped: 0, Time elapsed: 0.015 s - in no.nav.foreldrepenger.domene.uttak.fastsettuttaksgrunnlag.fp.JusterFordelingTjenesteTest
[INFO] Tests run: 23, Failures: 0, Errors: 0, Skipped: 0, Time elapsed: 0.032 s - in no.nav.foreldrepenger.domene.uttak.fastsettuttaksgrunnlag.fp.VedtaksperioderHelperTest
[INFO] Tests run: 5, Failures: 0, Errors: 0, Skipped: 0, Time elapsed: 0 s - in no.nav.foreldrepenger.domene.uttak.fastsettuttaksgrunnlag.fp.OppgittPeriodeUtilTest
[INFO] Tests run: 6, Failures: 0, Errors: 0, Skipped: 0, Time elapsed: 0 s - in no.nav.foreldrepenger.domene.uttak.fastsettuttaksgrunnlag.fp.PeriodeSplitterMotHøyreTest
[INFO] Tests run: 6, Failures: 0, Errors: 0, Skipped: 0, Time elapsed: 0.347 s - in no.nav.foreldrepenger.domene.uttak.fastsettuttaksgrunnlag.fp.FastsettUttaksgrunnlagTjenesteTest
[INFO] Tests run: 6, Failures: 0, Errors: 0, Skipped: 0, Time elapsed: 0 s - in no.nav.foreldrepenger.domene.uttak.fastsettuttaksgrunnlag.fp.PeriodeSplitterMotVenstreTest
[INFO] Tests run: 3, Failures: 0, Errors: 0, Skipped: 0, Time elapsed: 0.118 s - in no.nav.foreldrepenger.domene.uttak.fastsettuttaksgrunnlag.fp.EndringsdatoFørstegangsbehandlingUtlederTest
[INFO] Tests run: 24, Failures: 0, Errors: 0, Skipped: 0, Time elapsed: 2.969 s - in no.nav.foreldrepenger.domene.uttak.fastsettuttaksgrunnlag.fp.EndringsdatoRevurderingUtlederImplTest
[INFO] Tests run: 1, Failures: 0, Errors: 0, Skipped: 0, Time elapsed: 0.058 s - in no.nav.foreldrepenger.domene.uttak.fastsettuttaksgrunnlag.svp.EndringsdatoRevurderingUtlederTest
[INFO] Tests run: 4, Failures: 0, Errors: 0, Skipped: 0, Time elapsed: 0.072 s - in no.nav.foreldrepenger.domene.uttak.fastsetteperioder.FastsettePerioderEndringTjenesteTest
[INFO] Tests run: 3, Failures: 0, Errors: 0, Skipped: 0, Time elapsed: 0.001 s - in no.nav.foreldrepenger.domene.uttak.fastsetteperioder.FastsettePerioderRevurderingUtilTest
[INFO] Tests run: 1, Failures: 0, Errors: 0, Skipped: 0, Time elapsed: 0.037 s - in no.nav.foreldrepenger.domene.uttak.fastsetteperioder.FastsettePerioderRegelResultatKonvertererTest
[INFO] Tests run: 6, Failures: 0, Errors: 0, Skipped: 0, Time elapsed: 0.843 s - in no.nav.foreldrepenger.domene.uttak.fastsetteperioder.FastsettePerioderRegelGrunnlagByggerTest
[INFO] Tests run: 28, Failures: 0, Errors: 0, Skipped: 0, Time elapsed: 3.321 s - in no.nav.foreldrepenger.domene.uttak.fastsetteperioder.FastsettePerioderRegelAdapterTest
[INFO] Tests run: 8, Failures: 0, Errors: 0, Skipped: 0, Time elapsed: 1.234 s - in no.nav.foreldrepenger.domene.uttak.fastsetteperioder.FastsettePerioderTjenesteTest
[INFO] Tests run: 2, Failures: 0, Errors: 0, Skipped: 0, Time elapsed: 0.092 s - in no.nav.foreldrepenger.domene.uttak.fastsetteperioder.grunnlagbyggere.InngangsvilkårGrunnlagByggerTest
[INFO] Tests run: 9, Failures: 0, Errors: 0, Skipped: 0, Time elapsed: 0.373 s - in no.nav.foreldrepenger.domene.uttak.fastsetteperioder.grunnlagbyggere.RettOgOmsorgGrunnlagByggerTest
[INFO] Tests run: 4, Failures: 0, Errors: 0, Skipped: 0, Time elapsed: 0.001 s - in no.nav.foreldrepenger.domene.uttak.fastsetteperioder.grunnlagbyggere.AdopsjonGrunnlagByggerTest
[INFO] Tests run: 6, Failures: 0, Errors: 0, Skipped: 0, Time elapsed: 0.31 s - in no.nav.foreldrepenger.domene.uttak.fastsetteperioder.grunnlagbyggere.DatoerGrunnlagByggerTest
[INFO] Tests run: 9, Failures: 0, Errors: 0, Skipped: 0, Time elapsed: 0.012 s - in no.nav.foreldrepenger.domene.uttak.fastsetteperioder.validering.SaldoValideringTest
[INFO] Tests run: 4, Failures: 0, Errors: 0, Skipped: 0, Time elapsed: 0.003 s - in no.nav.foreldrepenger.domene.uttak.fastsetteperioder.validering.EndringerBareEtterEndringsdatoValideringTest
[INFO] Tests run: 7, Failures: 0, Errors: 0, Skipped: 0, Time elapsed: 0 s - in no.nav.foreldrepenger.domene.uttak.fastsetteperioder.validering.BareSplittetPerioderValideringTest
[INFO] Tests run: 3, Failures: 0, Errors: 0, Skipped: 0, Time elapsed: 0.001 s - in no.nav.foreldrepenger.domene.uttak.fastsetteperioder.validering.HarSattUtbetalingsgradValideringTest
[INFO] Tests run: 5, Failures: 0, Errors: 0, Skipped: 0, Time elapsed: 0.001 s - in no.nav.foreldrepenger.domene.uttak.fastsetteperioder.validering.EndringerHarBegrunnelseValideringTest
[INFO] Tests run: 3, Failures: 0, Errors: 0, Skipped: 0, Time elapsed: 0 s - in no.nav.foreldrepenger.domene.uttak.fastsetteperioder.validering.PerioderHarFastsattResultatValideringTest
[INFO] Tests run: 4, Failures: 0, Errors: 0, Skipped: 0, Time elapsed: 0.243 s - in no.nav.foreldrepenger.domene.uttak.saldo.MaksDatoUttakTjenesteImplTest
[INFO] Tests run: 4, Failures: 0, Errors: 0, Skipped: 0, Time elapsed: 0.317 s - in no.nav.foreldrepenger.domene.uttak.saldo.StønadskontoSaldoTjenesteTest
[INFO] Tests run: 4, Failures: 0, Errors: 0, Skipped: 0, Time elapsed: 0.155 s - in no.nav.foreldrepenger.domene.ytelsefordeling.YtelseFordelingTjenesteTest
[INFO] Tests run: 2, Failures: 0, Errors: 0, Skipped: 0, Time elapsed: 0.061 s - in no.nav.foreldrepenger.domene.ytelsefordeling.BekreftFaktaForOmsorgAksjonspunktTest
[INFO] Tests run: 19, Failures: 0, Errors: 0, Skipped: 0, Time elapsed: 8.281 s - in no.nav.foreldrepenger.domene.MÅ_LIGGE_HOS_FPSAK.FastsettBeregningAktiviteterOgStatuserTest
[INFO] Tests run: 15, Failures: 0, Errors: 0, Skipped: 0, Time elapsed: 0.003 s - in no.nav.foreldrepenger.domene.MÅ_LIGGE_HOS_FPSAK.BeregningsgrunnlagDiffSjekkerTest
[INFO] Tests run: 5, Failures: 0, Errors: 0, Skipped: 0, Time elapsed: 0.231 s - in no.nav.foreldrepenger.domene.MÅ_LIGGE_HOS_FPSAK.fp.BesteberegningFødendeKvinneTjenesteTest
[INFO] Tests run: 3, Failures: 0, Errors: 0, Skipped: 0, Time elapsed: 0 s - in no.nav.foreldrepenger.domene.MÅ_LIGGE_HOS_FPSAK.testutilities.behandling.beregningsgrunnlag.BeregningsgrunnlagGrunnlagTest
[INFO] Tests run: 13, Failures: 0, Errors: 0, Skipped: 0, Time elapsed: 0.92 s - in no.nav.foreldrepenger.domene.MÅ_LIGGE_HOS_FPSAK.BeregningsgrunnlagRepositoryImplTest
[INFO] Tests run: 1, Failures: 0, Errors: 0, Skipped: 0, Time elapsed: 0.048 s - in no.nav.foreldrepenger.domene.MÅ_LIGGE_HOS_FPSAK.RyddBeregningsgrunnlagTest
[INFO] Tests run: 6, Failures: 0, Errors: 0, Skipped: 0, Time elapsed: 2.081 s - in no.nav.foreldrepenger.domene.MÅ_LIGGE_HOS_FPSAK.BeregningsgrunnlagKopierOgLagreTjenesteFastsettAktiviteterTest
[INFO] Tests run: 6, Failures: 0, Errors: 0, Skipped: 0, Time elapsed: 0.104 s - in no.nav.foreldrepenger.domene.MÅ_LIGGE_HOS_FPSAK.opptjening.HentAktiviteterForBeregningTjenesteImplTest
[INFO] Tests run: 2, Failures: 0, Errors: 0, Skipped: 0, Time elapsed: 0.239 s - in no.nav.foreldrepenger.domene.MÅ_LIGGE_HOS_FPSAK.rest.historikk.FastsettBeregningsgrunnlagATFLHistorikkTjenesteTest
[INFO] Tests run: 6, Failures: 0, Errors: 0, Skipped: 0, Time elapsed: 0.012 s - in no.nav.foreldrepenger.domene.MÅ_LIGGE_HOS_FPSAK.rest.historikk.tilfeller.VurderRefusjonHistorikkTjenesteTest
[INFO] Tests run: 2, Failures: 0, Errors: 0, Skipped: 0, Time elapsed: 0.009 s - in no.nav.foreldrepenger.domene.MÅ_LIGGE_HOS_FPSAK.rest.historikk.tilfeller.KunYtelseHistorikkTjenesteTest
[INFO] Tests run: 1, Failures: 0, Errors: 0, Skipped: 0, Time elapsed: 0.059 s - in no.nav.foreldrepenger.domene.MÅ_LIGGE_HOS_FPSAK.rest.historikk.FastsettBruttoBeregningsgrunnlagSNHistorikkTjenesteTest
[INFO] Tests run: 2, Failures: 0, Errors: 0, Skipped: 0, Time elapsed: 0.782 s - in no.nav.foreldrepenger.domene.MÅ_LIGGE_HOS_FPSAK.BeregningsgrunnlagKopierOgLagreTjenesteKontrollerFaktaTest
[INFO] Tests run: 10, Failures: 0, Errors: 0, Skipped: 0, Time elapsed: 5.295 s - in no.nav.foreldrepenger.domene.registerinnhenting.impl.EndringskontrollerTest
[INFO] Tests run: 2, Failures: 0, Errors: 0, Skipped: 0, Time elapsed: 0.788 s - in no.nav.foreldrepenger.domene.registerinnhenting.impl.startpunkt.StartpunktUtlederPersonopplysningTest
[INFO] Tests run: 7, Failures: 0, Errors: 0, Skipped: 0, Time elapsed: 0.999 s - in no.nav.foreldrepenger.domene.registerinnhenting.impl.startpunkt.StartpunktUtlederYtelseFordelingTest
[INFO] Tests run: 7, Failures: 0, Errors: 0, Skipped: 0, Time elapsed: 0.78 s - in no.nav.foreldrepenger.domene.registerinnhenting.impl.startpunkt.StartpunktUtlederInntektsmeldingTest
[INFO] Tests run: 3, Failures: 0, Errors: 0, Skipped: 0, Time elapsed: 0.343 s - in no.nav.foreldrepenger.domene.registerinnhenting.impl.startpunkt.StartpunktUtlederFamilieHendelseTest
[INFO] Tests run: 3, Failures: 0, Errors: 0, Skipped: 0, Time elapsed: 0.294 s - in no.nav.foreldrepenger.domene.registerinnhenting.impl.behandlingårsak.BehandlingÅrsakTjenesteTest
[INFO] Tests run: 7, Failures: 0, Errors: 0, Skipped: 0, Time elapsed: 0.696 s - in no.nav.foreldrepenger.domene.registerinnhenting.RegisterdataEndringshåndtererImplTest
[INFO] Tests run: 3, Failures: 0, Errors: 0, Skipped: 0, Time elapsed: 0.159 s - in no.nav.foreldrepenger.domene.registerinnhenting.fp.StartpunktTjenesteImplTest
[INFO] Tests run: 2, Failures: 0, Errors: 0, Skipped: 0, Time elapsed: 0.001 s - in no.nav.foreldrepenger.domene.registerinnhenting.svp.StartpunktTjenesteImplTest
[INFO] Tests run: 6, Failures: 0, Errors: 0, Skipped: 0, Time elapsed: 0.028 s - in no.nav.foreldrepenger.domene.registerinnhenting.RegisterdataInnhenterTest
[INFO] Tests run: 2, Failures: 0, Errors: 0, Skipped: 0, Time elapsed: 0.722 s - in no.nav.foreldrepenger.behandlingsprosess.prosessering.GjenopptaBehandlingTaskTest
[INFO] Tests run: 4, Failures: 0, Errors: 0, Skipped: 0, Time elapsed: 0.024 s - in no.nav.foreldrepenger.behandlingsprosess.hjelpemetoder.GjenopplivBehandlingerBatchTjenesteTest
[INFO] Tests run: 4, Failures: 0, Errors: 0, Skipped: 0, Time elapsed: 7.48 s - in no.nav.foreldrepenger.behandlingsprosess.dagligejobber.infobrev.SendInformasjonsbrevBatchTjenesteTest
[INFO] Tests run: 4, Failures: 0, Errors: 0, Skipped: 0, Time elapsed: 0 s - in no.nav.foreldrepenger.behandlingsprosess.dagligejobber.gjenopptak.AutomatiskRegisterOppdateringBatchTjenesteTest
[INFO] Tests run: 5, Failures: 0, Errors: 0, Skipped: 0, Time elapsed: 0.055 s - in no.nav.foreldrepenger.behandlingsprosess.dagligejobber.gjenopptak.AutomatiskGjenopptagelseTjenesteTest
[INFO] Tests run: 4, Failures: 0, Errors: 0, Skipped: 0, Time elapsed: 0 s - in no.nav.foreldrepenger.behandlingsprosess.dagligejobber.gjenopptak.AutomatiskGjenopptagelseBatchTjenesteTest
[INFO] Tests run: 4, Failures: 0, Errors: 0, Skipped: 0, Time elapsed: 4.948 s - in no.nav.foreldrepenger.behandling.revurdering.ytelse.UttakInputTjenesteTest
[INFO] Tests run: 7, Failures: 0, Errors: 0, Skipped: 0, Time elapsed: 1.569 s - in no.nav.foreldrepenger.behandling.revurdering.ytelse.fp.HarEtablertYtelseImplTest
[INFO] Tests run: 5, Failures: 0, Errors: 0, Skipped: 0, Time elapsed: 0.37 s - in no.nav.foreldrepenger.behandling.revurdering.ytelse.fp.RevurderingEndringTest
[INFO] Tests run: 3, Failures: 0, Errors: 0, Skipped: 0, Time elapsed: 0.518 s - in no.nav.foreldrepenger.behandling.revurdering.ytelse.fp.RevurderingTjenesteImplTest
[INFO] Tests run: 1, Failures: 0, Errors: 0, Skipped: 0, Time elapsed: 0.131 s - in no.nav.foreldrepenger.behandling.revurdering.ytelse.fp.UttakGrunnlagTjenesteTest
[INFO] Tests run: 5, Failures: 0, Errors: 0, Skipped: 0, Time elapsed: 0.19 s - in no.nav.foreldrepenger.behandling.revurdering.ytelse.fp.AndelGraderingTjenesteImplTest
[INFO] Tests run: 9, Failures: 0, Errors: 0, Skipped: 0, Time elapsed: 0.016 s - in no.nav.foreldrepenger.behandling.revurdering.ytelse.fp.BerørtBehandlingTjenesteImplTest
[INFO] Tests run: 18, Failures: 0, Errors: 0, Skipped: 0, Time elapsed: 194.168 s - in no.nav.foreldrepenger.behandling.revurdering.ytelse.fp.RevurderingBehandlingsresultatutlederTest
[INFO] Tests run: 18, Failures: 0, Errors: 0, Skipped: 0, Time elapsed: 4.112 s - in no.nav.foreldrepenger.behandling.revurdering.ytelse.fp.ErEndringIUttakTest
[INFO] Tests run: 5, Failures: 0, Errors: 0, Skipped: 0, Time elapsed: 0.458 s - in no.nav.foreldrepenger.behandling.revurdering.ytelse.svp.HarEtablertYtelseImplTest
[INFO] Tests run: 4, Failures: 0, Errors: 0, Skipped: 0, Time elapsed: 0.024 s - in no.nav.foreldrepenger.behandling.revurdering.ytelse.svp.UttakResultatHolderImplTest
[INFO] Tests run: 17, Failures: 0, Errors: 0, Skipped: 0, Time elapsed: 4.414 s - in no.nav.foreldrepenger.behandling.revurdering.ytelse.svp.RevurderingBehandlingsresultatutlederTest
[INFO] Tests run: 8, Failures: 0, Errors: 0, Skipped: 0, Time elapsed: 0.555 s - in no.nav.foreldrepenger.behandling.revurdering.ytelse.es.RevurderingEndringTest
[INFO] Tests run: 2, Failures: 0, Errors: 0, Skipped: 0, Time elapsed: 0.19 s - in no.nav.foreldrepenger.behandling.revurdering.ytelse.es.RevurderingTjenesteImplTest
[INFO] Tests run: 6, Failures: 0, Errors: 0, Skipped: 0, Time elapsed: 0.972 s - in no.nav.foreldrepenger.behandling.revurdering.felles.ErEndringIBeregningTest
[INFO] Tests run: 11, Failures: 0, Errors: 0, Skipped: 0, Time elapsed: 1.689 s - in no.nav.foreldrepenger.behandling.revurdering.felles.ErKunEndringIFordelingAvYtelsenTest
[INFO] Tests run: 7, Failures: 0, Errors: 0, Skipped: 0, Time elapsed: 1.078 s - in no.nav.foreldrepenger.behandling.revurdering.felles.OppfyllerIkkeInngangsvilkårPåSkjæringstidsspunktTest
[INFO] Tests run: 2, Failures: 0, Errors: 0, Skipped: 0, Time elapsed: 0.43 s - in no.nav.foreldrepenger.behandling.revurdering.felles.ErSisteUttakAvslåttMedÅrsakTest
[INFO] Tests run: 2, Failures: 0, Errors: 0, Skipped: 0, Time elapsed: 0.12 s - in no.nav.foreldrepenger.behandling.revurdering.felles.FastsettBehandlingsresultatVedAvslagPåAvslagTest
[INFO] Tests run: 8, Failures: 0, Errors: 0, Skipped: 0, Time elapsed: 0.688 s - in no.nav.foreldrepenger.behandling.revurdering.BehandlingRepositoryFinnKandidaterTilRevurderingImplTest
[INFO] Tests run: 2, Failures: 0, Errors: 0, Skipped: 0, Time elapsed: 0.621 s - in no.nav.foreldrepenger.behandling.revurdering.satsregulering.AutomatiskArenaReguleringBatchTjenesteTest
[INFO] Tests run: 3, Failures: 0, Errors: 0, Skipped: 0, Time elapsed: 0.651 s - in no.nav.foreldrepenger.behandling.revurdering.satsregulering.AutomatiskGrunnbelopReguleringTaskTest
[INFO] Tests run: 2, Failures: 0, Errors: 0, Skipped: 0, Time elapsed: 0.715 s - in no.nav.foreldrepenger.behandling.revurdering.satsregulering.AutomatiskNæringsdrivendeReguleringBatchTjenesteTest
[INFO] Tests run: 3, Failures: 0, Errors: 0, Skipped: 0, Time elapsed: 0.728 s - in no.nav.foreldrepenger.behandling.revurdering.satsregulering.AutomatiskGrunnbelopReguleringBatchTjenesteTest
[INFO] Tests run: 2, Failures: 0, Errors: 0, Skipped: 0, Time elapsed: 0.749 s - in no.nav.foreldrepenger.behandling.revurdering.satsregulering.AutomatiskMilSivReguleringBatchTjenesteTest
[INFO] Tests run: 14, Failures: 0, Errors: 0, Skipped: 0, Time elapsed: 0.102 s - in no.nav.foreldrepenger.behandling.revurdering.flytkontroll.BehandlingFlytkontrollTest
[INFO] Tests run: 10, Failures: 0, Errors: 0, Skipped: 0, Time elapsed: 1.805 s - in no.nav.foreldrepenger.behandling.revurdering.TapendeBehandlingTjenesteTest
[INFO] Tests run: 11, Failures: 0, Errors: 0, Skipped: 0, Time elapsed: 0.001 s - in no.nav.foreldrepenger.behandling.revurdering.FagsakRevurderingTest
[INFO] Tests run: 2, Failures: 0, Errors: 0, Skipped: 0, Time elapsed: 0.131 s - in no.nav.foreldrepenger.behandling.revurdering.etterkontroll.tjeneste.EtterkontrollEventObserverTest
[INFO] Tests run: 10, Failures: 0, Errors: 0, Skipped: 0, Time elapsed: 1.43 s - in no.nav.foreldrepenger.behandling.revurdering.etterkontroll.fp.AutomatiskEtterkontrollTaskTest
[INFO] Tests run: 3, Failures: 0, Errors: 0, Skipped: 0, Time elapsed: 0 s - in no.nav.foreldrepenger.behandling.revurdering.etterkontroll.batch.AutomatiskEtterkontrollBatchTjenesteTest
[INFO] Tests run: 7, Failures: 0, Errors: 0, Skipped: 0, Time elapsed: 0.699 s - in no.nav.foreldrepenger.behandling.revurdering.etterkontroll.es.AutomatiskEtterkontrollTaskTest
[INFO] Tests run: 8, Failures: 0, Errors: 0, Skipped: 0, Time elapsed: 1.021 s - in no.nav.foreldrepenger.dokumentbestiller.autopunkt.SendBrevForAutopunktTest
[INFO] Tests run: 2, Failures: 0, Errors: 0, Skipped: 0, Time elapsed: 0.029 s - in no.nav.foreldrepenger.dokumentbestiller.DokumentBestillerApplikasjonTjenesteTest
[INFO] Tests run: 9, Failures: 0, Errors: 0, Skipped: 0, Time elapsed: 5.255 s - in no.nav.foreldrepenger.dokumentbestiller.DokumentBehandlingTjenesteImplTest
[INFO] Tests run: 2, Failures: 0, Errors: 0, Skipped: 0, Time elapsed: 0.399 s - in no.nav.foreldrepenger.dokumentbestiller.kafka.DokumentKafkaBestillerTest
[INFO] Tests run: 3, Failures: 0, Errors: 0, Skipped: 0, Time elapsed: 0.001 s - in no.nav.foreldrepenger.dokumentbestiller.forlengelsesbrev.batch.SendForlengelsesbrevBatchTjenesteTest
[INFO] Tests run: 2, Failures: 0, Errors: 0, Skipped: 0, Time elapsed: 0.048 s - in no.nav.foreldrepenger.dokumentbestiller.forlengelsesbrev.task.SendForlengelsesbrevTaskTest
[INFO] Tests run: 6, Failures: 0, Errors: 0, Skipped: 0, Time elapsed: 0.033 s - in no.nav.foreldrepenger.dokumentbestiller.observers.SendBrevForAutopunktEventObserverTest
[INFO] Tests run: 8, Failures: 0, Errors: 0, Skipped: 0, Time elapsed: 0.045 s - in no.nav.foreldrepenger.dokumentbestiller.vedtak.VedtaksbrevUtlederTest
[INFO] Tests run: 13, Failures: 0, Errors: 0, Skipped: 0, Time elapsed: 0.08 s - in no.nav.foreldrepenger.ytelse.beregning.SjekkOmPerioderHarEndringIAndelerImplTest
[INFO] Tests run: 2, Failures: 0, Errors: 0, Skipped: 0, Time elapsed: 6.979 s - in no.nav.foreldrepenger.ytelse.beregning.BeregnFeriepengerTjenesteTest
[INFO] Tests run: 8, Failures: 0, Errors: 0, Skipped: 0, Time elapsed: 0.015 s - in no.nav.foreldrepenger.ytelse.beregning.regler.feriepenger.RegelBeregnFeriepengerTest
[INFO] Tests run: 1, Failures: 0, Errors: 0, Skipped: 0, Time elapsed: 0.002 s - in no.nav.foreldrepenger.ytelse.beregning.regler.RegelFastsettBeregningsresultatDocTest
[INFO] Tests run: 17, Failures: 0, Errors: 0, Skipped: 0, Time elapsed: 0.029 s - in no.nav.foreldrepenger.ytelse.beregning.regler.FinnOverlappendeBeregningsgrunnlagOgUttaksPerioderTest
[INFO] Tests run: 17, Failures: 0, Errors: 0, Skipped: 0, Time elapsed: 0.282 s - in no.nav.foreldrepenger.ytelse.beregning.fp.FinnEndringsdatoBeregningsresultatTjenesteImplTest
[INFO] Tests run: 6, Failures: 0, Errors: 0, Skipped: 0, Time elapsed: 0.005 s - in no.nav.foreldrepenger.ytelse.beregning.fp.RegelFastsettBeregningsresultatTest
[INFO] Tests run: 3, Failures: 0, Errors: 0, Skipped: 0, Time elapsed: 0.007 s - in no.nav.foreldrepenger.ytelse.beregning.fp.MapUttakResultatFraVLTilRegelTest
[INFO] Tests run: 15, Failures: 0, Errors: 0, Skipped: 0, Time elapsed: 0.001 s - in no.nav.foreldrepenger.ytelse.beregning.SjekkForIngenAndelerOgAndelerUtenDagsatsImplTest
[INFO] Tests run: 1, Failures: 0, Errors: 0, Skipped: 0, Time elapsed: 0.001 s - in no.nav.foreldrepenger.ytelse.beregning.svp.RegelFastsettBeregningsresultatTest
[INFO] Tests run: 4, Failures: 0, Errors: 0, Skipped: 0, Time elapsed: 0.001 s - in no.nav.foreldrepenger.ytelse.beregning.svp.MapUttakResultatFraVLTilRegelTest
[INFO] Tests run: 9, Failures: 0, Errors: 0, Skipped: 0, Time elapsed: 0.009 s - in no.nav.foreldrepenger.ytelse.beregning.SjekkForEndringMellomPerioderImplTest
[INFO] Tests run: 4, Failures: 0, Errors: 0, Skipped: 0, Time elapsed: 0.002 s - in no.nav.foreldrepenger.ytelse.beregning.FinnEndringsdatoMellomPeriodeListerImplTest
[INFO] Tests run: 2, Failures: 0, Errors: 0, Skipped: 0, Time elapsed: 0 s - in no.nav.foreldrepenger.ytelse.beregning.MapBeregningsresultatFeriepengerFraRegelTilVLTest
[INFO] Tests run: 4, Failures: 0, Errors: 0, Skipped: 0, Time elapsed: 0.023 s - in no.nav.foreldrepenger.ytelse.beregning.tilbaketrekk.FinnEndringerIResultatForTilkommetArbeidsforholdTest
[INFO] Tests run: 2, Failures: 0, Errors: 0, Skipped: 0, Time elapsed: 0.239 s - in no.nav.foreldrepenger.ytelse.beregning.tilbaketrekk.VurderTilbaketrekkOppdatererTest
[INFO] Tests run: 38, Failures: 0, Errors: 0, Skipped: 0, Time elapsed: 0.001 s - in no.nav.foreldrepenger.ytelse.beregning.tilbaketrekk.KanRedusertBeløpTilBrukerDekkesAvNyRefusjonTest
[INFO] Tests run: 6, Failures: 0, Errors: 0, Skipped: 0, Time elapsed: 0.03 s - in no.nav.foreldrepenger.ytelse.beregning.tilbaketrekk.HindreTilbaketrekkNårAlleredeUtbetaltTest
[INFO] Tests run: 6, Failures: 0, Errors: 0, Skipped: 0, Time elapsed: 0.001 s - in no.nav.foreldrepenger.ytelse.beregning.tilbaketrekk.TilbaketrekkVedTilkommetArbeidsforholdTjenesteTest
[INFO] Tests run: 5, Failures: 0, Errors: 0, Skipped: 0, Time elapsed: 0 s - in no.nav.foreldrepenger.ytelse.beregning.tilbaketrekk.FinnAlleredeUtbetaltTomTest
[INFO] Tests run: 42, Failures: 0, Errors: 0, Skipped: 0, Time elapsed: 0.007 s - in no.nav.foreldrepenger.ytelse.beregning.tilbaketrekk.FinnEndringerIUtbetaltYtelseTest
[INFO] Tests run: 6, Failures: 0, Errors: 0, Skipped: 0, Time elapsed: 0.001 s - in no.nav.foreldrepenger.ytelse.beregning.tilbaketrekk.MapAndelerSortertPåNøkkelTest
[INFO] Tests run: 3, Failures: 0, Errors: 0, Skipped: 0, Time elapsed: 0 s - in no.nav.foreldrepenger.ytelse.beregning.tilbaketrekk.OmfordelRevurderingsandelerMedReferanserTest
[INFO] Tests run: 2, Failures: 0, Errors: 0, Skipped: 0, Time elapsed: 0.22 s - in no.nav.foreldrepenger.ytelse.beregning.tilbaketrekk.AksjonspunktutlederTilbaketrekkTest
[INFO] Tests run: 3, Failures: 0, Errors: 0, Skipped: 0, Time elapsed: 0 s - in no.nav.foreldrepenger.ytelse.beregning.tilbaketrekk.MapBRAndelSammenligningTidslinjeTest
[INFO] Tests run: 9, Failures: 0, Errors: 0, Skipped: 0, Time elapsed: 0.001 s - in no.nav.foreldrepenger.ytelse.beregning.tilbaketrekk.VurderBehovForÅHindreTilbaketrekkTest
[INFO] Tests run: 2, Failures: 0, Errors: 0, Skipped: 0, Time elapsed: 0 s - in no.nav.foreldrepenger.ytelse.beregning.tilbaketrekk.OmfordelRevurderingsandelerSomHarFåttRefTest
[INFO] Tests run: 2, Failures: 0, Errors: 0, Skipped: 0, Time elapsed: 0 s - in no.nav.foreldrepenger.ytelse.beregning.tilbaketrekk.KopierFeriepengerTest
[INFO] Tests run: 13, Failures: 0, Errors: 0, Skipped: 0, Time elapsed: 0.911 s - in no.nav.foreldrepenger.økonomi.økonomistøtte.HentOppdragMedPositivKvitteringTest
[INFO] Tests run: 7, Failures: 0, Errors: 0, Skipped: 0, Time elapsed: 0.014 s - in no.nav.foreldrepenger.økonomi.behandlingslager.økonomioppdrag.Oppdrag110EntityTest
[INFO] Tests run: 7, Failures: 0, Errors: 0, Skipped: 0, Time elapsed: 0.001 s - in no.nav.foreldrepenger.økonomi.behandlingslager.økonomioppdrag.Oppdragsenhet120EntityTest
[INFO] Tests run: 5, Failures: 0, Errors: 0, Skipped: 0, Time elapsed: 0 s - in no.nav.foreldrepenger.økonomi.behandlingslager.økonomioppdrag.OppdragKvitteringEntityTest
[INFO] Tests run: 5, Failures: 0, Errors: 0, Skipped: 0, Time elapsed: 0 s - in no.nav.foreldrepenger.økonomi.behandlingslager.økonomioppdrag.Attestant180EntityTest
[INFO] Tests run: 7, Failures: 0, Errors: 0, Skipped: 0, Time elapsed: 0 s - in no.nav.foreldrepenger.økonomi.behandlingslager.økonomioppdrag.Oppdragslinje150EntityTest
[INFO] Tests run: 7, Failures: 0, Errors: 0, Skipped: 0, Time elapsed: 0.001 s - in no.nav.foreldrepenger.økonomi.behandlingslager.økonomioppdrag.Avstemming115EntityTest
[INFO] Tests run: 6, Failures: 0, Errors: 0, Skipped: 0, Time elapsed: 0 s - in no.nav.foreldrepenger.økonomi.behandlingslager.økonomioppdrag.OppdragskontrollEntityTest
[INFO] Tests run: 2, Failures: 0, Errors: 0, Skipped: 0, Time elapsed: 5.71 s - in no.nav.foreldrepenger.økonomi.tilkjentytelse.TilkjentYtelseTjenesteTest
[INFO] Tests run: 1, Failures: 0, Errors: 0, Skipped: 0, Time elapsed: 0 s - in no.nav.foreldrepenger.økonomi.tilkjentytelse.MapperForTilkjentYtelseTest
[INFO] Tests run: 1, Failures: 0, Errors: 0, Skipped: 0, Time elapsed: 0 s - in no.nav.foreldrepenger.økonomi.tilkjentytelse.es.MapperForTilkjentYtelseTest
[INFO] Tests run: 3, Failures: 0, Errors: 0, Skipped: 0, Time elapsed: 0 s - in no.nav.foreldrepenger.økonomi.økonomistøtte.FastsettOppdragskontrollTest
[INFO] Tests run: 8, Failures: 0, Errors: 0, Skipped: 0, Time elapsed: 0.18 s - in no.nav.foreldrepenger.økonomi.økonomistøtte.BehandleØkonomioppdragKvitteringImplTest
[INFO] Tests run: 2, Failures: 0, Errors: 0, Skipped: 0, Time elapsed: 0.269 s - in no.nav.foreldrepenger.økonomi.økonomistøtte.ØkonomiOppdragKøTjenesteTest
[INFO] Tests run: 2, Failures: 0, Errors: 0, Skipped: 0, Time elapsed: 0.104 s - in no.nav.foreldrepenger.økonomi.økonomistøtte.BehandleNegativeKvitteringTjenesteTest
[INFO] Tests run: 3, Failures: 0, Errors: 0, Skipped: 0, Time elapsed: 0.001 s - in no.nav.foreldrepenger.økonomi.økonomistøtte.dagytelse.opphør.OpphørUtilTest
[INFO] Tests run: 8, Failures: 0, Errors: 0, Skipped: 0, Time elapsed: 0.025 s - in no.nav.foreldrepenger.økonomi.økonomistøtte.dagytelse.oppdrag110.KodeFagområdeTjenesteTest
[INFO] Tests run: 2, Failures: 0, Errors: 0, Skipped: 0, Time elapsed: 0.02 s - in no.nav.foreldrepenger.økonomi.økonomistøtte.dagytelse.oppdrag110.KodeFagområdeTjenesteProviderTest
[INFO] Tests run: 15, Failures: 0, Errors: 0, Skipped: 0, Time elapsed: 5.931 s - in no.nav.foreldrepenger.økonomi.økonomistøtte.dagytelse.fp.OppdragskontrollTjenesteFeriepengerMedFlereRevurderingerTest
[INFO] Tests run: 15, Failures: 0, Errors: 0, Skipped: 0, Time elapsed: 0 s - in no.nav.foreldrepenger.økonomi.økonomistøtte.dagytelse.fp.AlleMottakereHarPositivKvitteringTest
[INFO] Tests run: 1, Failures: 0, Errors: 0, Skipped: 0, Time elapsed: 0.148 s - in no.nav.foreldrepenger.økonomi.økonomistøtte.dagytelse.fp.SimulerOppdragApplikasjonTjenesteImplTest
[INFO] Tests run: 2, Failures: 0, Errors: 0, Skipped: 0, Time elapsed: 0.009 s - in no.nav.foreldrepenger.økonomi.økonomistøtte.dagytelse.fp.adapter.MapBehandlingVedtakTest
[INFO] Tests run: 13, Failures: 0, Errors: 0, Skipped: 0, Time elapsed: 3.74 s - in no.nav.foreldrepenger.økonomi.økonomistøtte.dagytelse.fp.OppdragskontrollTjenesteENDRMedFlereBehandlingerMedSammeFagsakTest
[INFO] Tests run: 22, Failures: 0, Errors: 0, Skipped: 0, Time elapsed: 2.556 s - in no.nav.foreldrepenger.økonomi.økonomistøtte.dagytelse.fp.FinnStatusForMottakereTest
[INFO] Tests run: 13, Failures: 0, Errors: 0, Skipped: 0, Time elapsed: 2.63 s - in no.nav.foreldrepenger.økonomi.økonomistøtte.dagytelse.fp.OppdragskontrollTjenesteOPPHTest
[INFO] Tests run: 6, Failures: 0, Errors: 0, Skipped: 0, Time elapsed: 0.037 s - in no.nav.foreldrepenger.økonomi.økonomistøtte.dagytelse.fp.OppdragskontrollManagerFactoryTest
[INFO] Tests run: 39, Failures: 0, Errors: 0, Skipped: 0, Time elapsed: 8.206 s - in no.nav.foreldrepenger.økonomi.økonomistøtte.dagytelse.fp.OppdragskontrollTjenesteENDRTest
[INFO] Tests run: 5, Failures: 0, Errors: 0, Skipped: 0, Time elapsed: 0 s - in no.nav.foreldrepenger.økonomi.økonomistøtte.dagytelse.fp.FinnOppdragslinje150FomSisteOpphørTest
[INFO] Tests run: 14, Failures: 0, Errors: 0, Skipped: 0, Time elapsed: 1.381 s - in no.nav.foreldrepenger.økonomi.økonomistøtte.dagytelse.fp.OppdragskontrollTjenesteImplTest
[INFO] Tests run: 20, Failures: 0, Errors: 0, Skipped: 0, Time elapsed: 3.322 s - in no.nav.foreldrepenger.økonomi.økonomistøtte.dagytelse.fp.OppdragskontrollTjenesteFeriepengerTest
[INFO] Tests run: 1, Failures: 0, Errors: 0, Skipped: 0, Time elapsed: 0.122 s - in no.nav.foreldrepenger.økonomi.økonomistøtte.dagytelse.svp.OppdragskontrollTjenesteImplTest
[INFO] Tests run: 2, Failures: 0, Errors: 0, Skipped: 0, Time elapsed: 0 s - in no.nav.foreldrepenger.økonomi.økonomistøtte.ØkonomistøtteUtilsTest
[INFO] Tests run: 10, Failures: 0, Errors: 0, Skipped: 0, Time elapsed: 0.006 s - in no.nav.foreldrepenger.økonomi.økonomistøtte.ØkonomioppdragMapperTest
[INFO] Tests run: 5, Failures: 0, Errors: 0, Skipped: 0, Time elapsed: 0 s - in no.nav.foreldrepenger.økonomi.økonomistøtte.OppdragKvitteringTjenesteTest
[INFO] Tests run: 3, Failures: 0, Errors: 0, Skipped: 0, Time elapsed: 0.067 s - in no.nav.foreldrepenger.økonomi.økonomistøtte.queue.consumer.ØkonomioppdragAsyncJmsConsumerImplTest
[INFO] Tests run: 5, Failures: 0, Errors: 0, Skipped: 0, Time elapsed: 0.03 s - in no.nav.foreldrepenger.økonomi.økonomistøtte.es.OppdragskontrollManagerFactoryKontantytelseTest
[INFO] Tests run: 4, Failures: 0, Errors: 0, Skipped: 0, Time elapsed: 0 s - in no.nav.foreldrepenger.økonomi.økonomistøtte.es.AlleMottakereHarPositivKvitteringTest
[INFO] Tests run: 1, Failures: 0, Errors: 0, Skipped: 0, Time elapsed: 0.068 s - in no.nav.foreldrepenger.økonomi.økonomistøtte.es.SimulerOppdragApplikasjonTjenesteImplTest
[INFO] Tests run: 5, Failures: 0, Errors: 0, Skipped: 0, Time elapsed: 0.543 s - in no.nav.foreldrepenger.økonomi.økonomistøtte.es.OppdragskontrollTjenesteImplKontantytelseTest
[INFO] Tests run: 4, Failures: 0, Errors: 0, Skipped: 0, Time elapsed: 0.12 s - in no.nav.foreldrepenger.økonomi.økonomistøtte.FinnNyesteOppdragForSakTest
[INFO] Tests run: 14, Failures: 0, Errors: 0, Skipped: 0, Time elapsed: 0.213 s - in no.nav.foreldrepenger.økonomi.økonomistøtte.ØkonomioppdragRepositoryImplTest
[INFO] Tests run: 11, Failures: 0, Errors: 0, Skipped: 0, Time elapsed: 0.074 s - in no.nav.foreldrepenger.økonomi.grensesnittavstemming.GrensesnittavstemmingMapperTest
[INFO] Tests run: 3, Failures: 0, Errors: 0, Skipped: 0, Time elapsed: 0.026 s - in no.nav.foreldrepenger.økonomi.grensesnittavstemming.GrensesnittavstemmingApplikasjonBatchTjenesteTest
[INFO] Tests run: 11, Failures: 0, Errors: 0, Skipped: 0, Time elapsed: 0.001 s - in no.nav.foreldrepenger.økonomi.grensesnittavstemming.GrensesnittavstemmingBatchArgumentsTest
[INFO] Tests run: 5, Failures: 0, Errors: 0, Skipped: 0, Time elapsed: 0.003 s - in no.nav.foreldrepenger.økonomi.simulering.tjeneste.SimuleringIntegrasjonTjenesteTest
[INFO] Tests run: 4, Failures: 0, Errors: 0, Skipped: 0, Time elapsed: 0.043 s - in no.nav.foreldrepenger.økonomi.simulering.tjeneste.SimulerInntrekkSjekkeTjenesteTest
[INFO] Tests run: 5, Failures: 0, Errors: 0, Skipped: 0, Time elapsed: 0.827 s - in no.nav.foreldrepenger.inngangsvilkaar.impl.EngangsstønadVilkårUtlederTest
[INFO] Tests run: 6, Failures: 0, Errors: 0, Skipped: 0, Time elapsed: 4.878 s - in no.nav.foreldrepenger.inngangsvilkaar.impl.InngangsvilkårOversetterTest
[INFO] Tests run: 2, Failures: 0, Errors: 0, Skipped: 0, Time elapsed: 0.011 s - in no.nav.foreldrepenger.inngangsvilkaar.impl.ForeldrepengerVilkårUtlederTest
[INFO] Tests run: 2, Failures: 0, Errors: 0, Skipped: 0, Time elapsed: 0.029 s - in no.nav.foreldrepenger.inngangsvilkaar.impl.InngangsvilkårTjenesteTest
[INFO] Tests run: 8, Failures: 0, Errors: 0, Skipped: 0, Time elapsed: 0 s - in no.nav.foreldrepenger.inngangsvilkaar.impl.ErInntektNærSkjæringstidspunktTest
[INFO] Tests run: 4, Failures: 0, Errors: 0, Skipped: 0, Time elapsed: 0.722 s - in no.nav.foreldrepenger.inngangsvilkaar.fødsel.FødselsvilkårFarTest
[INFO] Tests run: 8, Failures: 0, Errors: 0, Skipped: 0, Time elapsed: 0.645 s - in no.nav.foreldrepenger.inngangsvilkaar.fødsel.FødselsvilkårMorTest
[INFO] Tests run: 1, Failures: 0, Errors: 0, Skipped: 0, Time elapsed: 0.001 s - in no.nav.foreldrepenger.inngangsvilkaar.omsorgsovertakelse.InngangsvilkårEngangsstønadOmsorgsovertakelseTest
[INFO] Tests run: 1, Failures: 0, Errors: 0, Skipped: 0, Time elapsed: 0 s - in no.nav.foreldrepenger.inngangsvilkaar.omsorgsovertakelse.InngangsvilkårEngangsstønadForeldreansvar2Test
[INFO] Tests run: 1, Failures: 0, Errors: 0, Skipped: 0, Time elapsed: 0 s - in no.nav.foreldrepenger.inngangsvilkaar.omsorgsovertakelse.InngangsvilkårEngangsstønadForeldreansvar1Test
[INFO] Tests run: 14, Failures: 0, Errors: 0, Skipped: 0, Time elapsed: 0.993 s - in no.nav.foreldrepenger.inngangsvilkaar.medlemskap.MedlemskapsvilkårTest
[INFO] Tests run: 12, Failures: 0, Errors: 0, Skipped: 0, Time elapsed: 0.097 s - in no.nav.foreldrepenger.inngangsvilkaar.regelmodell.adapter.RegelOrkestrererImplTest
[INFO] Tests run: 5, Failures: 0, Errors: 0, Skipped: 0, Time elapsed: 0.411 s - in no.nav.foreldrepenger.inngangsvilkaar.adopsjon.AdopsjonsvilkårEngangsstønadTest
[INFO] Tests run: 5, Failures: 0, Errors: 0, Skipped: 0, Time elapsed: 0.436 s - in no.nav.foreldrepenger.inngangsvilkaar.adopsjon.AdopsjonsvilkårForeldrepengerTest
[INFO] Tests run: 8, Failures: 0, Errors: 0, Skipped: 0, Time elapsed: 0.01 s - in no.nav.foreldrepenger.inngangsvilkaar.opptjening.OpptjeningsgrunnlagAdapterTest
[INFO] Tests run: 6, Failures: 0, Errors: 0, Skipped: 0, Time elapsed: 0.513 s - in no.nav.foreldrepenger.inngangsvilkaar.opptjening.OpptjeningsperiodeVilkårTest
[INFO] Tests run: 10, Failures: 0, Errors: 0, Skipped: 0, Time elapsed: 0.146 s - in no.nav.foreldrepenger.inngangsvilkaar.opptjening.fp.InngangsvilkårOpptjeningTest
[INFO] Tests run: 5, Failures: 0, Errors: 0, Skipped: 0, Time elapsed: 0.009 s - in no.nav.foreldrepenger.inngangsvilkaar.opptjening.svp.InngangsvilkårOpptjeningTest
[INFO] Tests run: 4, Failures: 0, Errors: 0, Skipped: 0, Time elapsed: 0.731 s - in no.nav.foreldrepenger.inngangsvilkaar.opptjening.YtelseMaksdatoTjenesteImplTest
[INFO] Tests run: 3, Failures: 0, Errors: 0, Skipped: 0, Time elapsed: 0.027 s - in no.nav.foreldrepenger.inngangsvilkaar.søknad.InngangsvilkårSøkersOpplysningspliktTest
[INFO] Tests run: 1, Failures: 0, Errors: 0, Skipped: 0, Time elapsed: 0.001 s - in no.nav.foreldrepenger.inngangsvilkaar.søknad.SøknadsfristVilkårDocTest
[INFO] Tests run: 7, Failures: 0, Errors: 0, Skipped: 0, Time elapsed: 2.042 s - in no.nav.foreldrepenger.inngangsvilkaar.søknad.SøknadsfristvilkårTest
[INFO] Tests run: 9, Failures: 0, Errors: 0, Skipped: 0, Time elapsed: 6.321 s - in no.nav.foreldrepenger.domene.vedtak.impl.OpprettProsessTaskIverksettKlageTest
[INFO] Tests run: 5, Failures: 0, Errors: 0, Skipped: 0, Time elapsed: 0.689 s - in no.nav.foreldrepenger.domene.vedtak.impl.VurderBehandlingerUnderIverksettelseTest
[INFO] Tests run: 2, Failures: 0, Errors: 0, Skipped: 0, Time elapsed: 0.077 s - in no.nav.foreldrepenger.domene.vedtak.fp.OpprettProsessTaskIverksettTest
[INFO] Tests run: 2, Failures: 0, Errors: 0, Skipped: 0, Time elapsed: 1.522 s - in no.nav.foreldrepenger.domene.vedtak.fp.VedtakXmlTest
[INFO] Tests run: 4, Failures: 0, Errors: 0, Skipped: 0, Time elapsed: 0.059 s - in no.nav.foreldrepenger.domene.vedtak.fp.OppdaterFagsakStatusImplTest
[INFO] Tests run: 7, Failures: 0, Errors: 0, Skipped: 0, Time elapsed: 0.79 s - in no.nav.foreldrepenger.domene.vedtak.ekstern.VurderOmSetteUtbetalingPåVentPrivatArbeidsgiverTest
[INFO] Tests run: 14, Failures: 0, Errors: 0, Skipped: 0, Time elapsed: 1.03 s - in no.nav.foreldrepenger.domene.vedtak.ekstern.VurderOmArenaYtelseSkalOpphøreTest
[INFO] Tests run: 1, Failures: 0, Errors: 0, Skipped: 0, Time elapsed: 0.332 s - in no.nav.foreldrepenger.domene.vedtak.svp.VedtakXmlTest
[INFO] Tests run: 2, Failures: 0, Errors: 0, Skipped: 0, Time elapsed: 0.008 s - in no.nav.foreldrepenger.domene.vedtak.svp.OppdaterFagsakStatusImplTest
[INFO] Tests run: 3, Failures: 0, Errors: 0, Skipped: 0, Time elapsed: 0.061 s - in no.nav.foreldrepenger.domene.vedtak.batch.AutomatiskFagsakAvslutningTjenesteTest
[INFO] Tests run: 2, Failures: 0, Errors: 0, Skipped: 0, Time elapsed: 0.052 s - in no.nav.foreldrepenger.domene.vedtak.batch.AutomatiskFagsakAvslutningBatchTjenesteTest
[INFO] Tests run: 3, Failures: 0, Errors: 0, Skipped: 0, Time elapsed: 0.051 s - in no.nav.foreldrepenger.domene.vedtak.task.VurderOgSendØkonomiOppdragTaskTest
[INFO] Tests run: 4, Failures: 0, Errors: 0, Skipped: 0, Time elapsed: 0.128 s - in no.nav.foreldrepenger.domene.vedtak.intern.FagsakRelasjonAvslutningsdatoOppdatererTest
[INFO] Tests run: 13, Failures: 0, Errors: 0, Skipped: 0, Time elapsed: 0.115 s - in no.nav.foreldrepenger.domene.vedtak.intern.SendVedtaksbrevTest
[INFO] Tests run: 2, Failures: 0, Errors: 0, Skipped: 0, Time elapsed: 0.016 s - in no.nav.foreldrepenger.domene.vedtak.intern.svp.SvpFagsakRelasjonAvslutningsdatoOppdatererTest
[INFO] Tests run: 6, Failures: 0, Errors: 0, Skipped: 0, Time elapsed: 0.089 s - in no.nav.foreldrepenger.domene.vedtak.intern.AvsluttBehandlingTest
[INFO] Tests run: 2, Failures: 0, Errors: 0, Skipped: 0, Time elapsed: 0.05 s - in no.nav.foreldrepenger.domene.vedtak.es.OpprettProsessTaskIverksettTest
[INFO] Tests run: 9, Failures: 0, Errors: 0, Skipped: 0, Time elapsed: 1.173 s - in no.nav.foreldrepenger.domene.vedtak.es.VedtakXmlTest
[INFO] Tests run: 7, Failures: 0, Errors: 0, Skipped: 0, Time elapsed: 0.402 s - in no.nav.foreldrepenger.domene.vedtak.innsyn.VedtakXMLTilHTMLTransformatorTest
[INFO] Tests run: 2, Failures: 0, Errors: 0, Skipped: 0, Time elapsed: 0.316 s - in no.nav.foreldrepenger.domene.vedtak.innsyn.InnsynTjenesteImplTest
[INFO] Tests run: 7, Failures: 0, Errors: 0, Skipped: 0, Time elapsed: 0 s - in no.nav.foreldrepenger.domene.vedtak.repo.LagretVedtakEntityTest
[INFO] Tests run: 2, Failures: 0, Errors: 0, Skipped: 0, Time elapsed: 0.033 s - in no.nav.foreldrepenger.domene.vedtak.repo.LagretVedtakRepositoryTest
[INFO] Tests run: 1, Failures: 0, Errors: 0, Skipped: 0, Time elapsed: 0.071 s - in no.nav.foreldrepenger.datavarehus.domene.KontrollDvhEntityTest
[INFO] Tests run: 1, Failures: 0, Errors: 0, Skipped: 0, Time elapsed: 0.002 s - in no.nav.foreldrepenger.datavarehus.domene.BehandlingStegDvhEntityTest
[INFO] Tests run: 1, Failures: 0, Errors: 0, Skipped: 0, Time elapsed: 0 s - in no.nav.foreldrepenger.datavarehus.domene.AksjonspunktDvhEntityTest
[INFO] Tests run: 1, Failures: 0, Errors: 0, Skipped: 0, Time elapsed: 0 s - in no.nav.foreldrepenger.datavarehus.domene.BehandlingVedtakDvhEntityTest
[INFO] Tests run: 1, Failures: 0, Errors: 0, Skipped: 0, Time elapsed: 0 s - in no.nav.foreldrepenger.datavarehus.domene.FagsakDvhEntityTest
[INFO] Tests run: 1, Failures: 0, Errors: 0, Skipped: 0, Time elapsed: 0 s - in no.nav.foreldrepenger.datavarehus.domene.BehandlingDvhEntityTest
[INFO] Tests run: 9, Failures: 0, Errors: 0, Skipped: 0, Time elapsed: 4.364 s - in no.nav.foreldrepenger.datavarehus.domene.DatavarehusRepositoryImplTest
[INFO] Tests run: 10, Failures: 0, Errors: 0, Skipped: 0, Time elapsed: 1.151 s - in no.nav.foreldrepenger.datavarehus.tjeneste.DatavarehusTjenesteImplTest
[INFO] Tests run: 1, Failures: 0, Errors: 0, Skipped: 0, Time elapsed: 0.002 s - in no.nav.foreldrepenger.datavarehus.tjeneste.BehandlingVedtakDvhMapperTest
[INFO] Tests run: 2, Failures: 0, Errors: 0, Skipped: 0, Time elapsed: 0.018 s - in no.nav.foreldrepenger.datavarehus.tjeneste.AksjonspunktDvhMapperTest
[INFO] Tests run: 2, Failures: 0, Errors: 0, Skipped: 0, Time elapsed: 0.008 s - in no.nav.foreldrepenger.datavarehus.tjeneste.CommonDvhMapperTest
[INFO] Tests run: 1, Failures: 0, Errors: 0, Skipped: 0, Time elapsed: 0 s - in no.nav.foreldrepenger.datavarehus.tjeneste.BehandlingStegDvhMapperTest
[INFO] Tests run: 1, Failures: 0, Errors: 0, Skipped: 0, Time elapsed: 0 s - in no.nav.foreldrepenger.datavarehus.tjeneste.VedtakUtbetalingDvhMapperTest
[INFO] Tests run: 12, Failures: 0, Errors: 0, Skipped: 0, Time elapsed: 0.953 s - in no.nav.foreldrepenger.datavarehus.tjeneste.BehandlingDvhMapperTest
[INFO] Tests run: 1, Failures: 0, Errors: 0, Skipped: 0, Time elapsed: 0.001 s - in no.nav.foreldrepenger.datavarehus.tjeneste.FagsakDvhMapperTest
[INFO] Tests run: 9, Failures: 0, Errors: 0, Skipped: 0, Time elapsed: 0.047 s - in no.nav.foreldrepenger.datavarehus.observer.DatavarehusEventObserverTest
[INFO] Tests run: 1, Failures: 0, Errors: 0, Skipped: 0, Time elapsed: 1.181 s - in no.nav.foreldrepenger.datavarehus.xml.DvhVedtakXmlTjenesteForeldrepengerTest
[INFO] Tests run: 4, Failures: 0, Errors: 0, Skipped: 0, Time elapsed: 0.762 s - in no.nav.foreldrepenger.datavarehus.xml.DvhVedtakXmlTjenesteEngangsstønadTest
[INFO] Tests run: 15, Failures: 0, Errors: 0, Skipped: 0, Time elapsed: 8.745 s - in no.nav.foreldrepenger.mottak.sakogenhet.impl.KobleSakTjenesteTest
[INFO] Tests run: 1, Failures: 0, Errors: 0, Skipped: 0, Time elapsed: 0.017 s - in no.nav.foreldrepenger.mottak.vurderfagsystem.impl.VurderFagsystemFellesTjenesteTest
[INFO] Tests run: 6, Failures: 0, Errors: 0, Skipped: 0, Time elapsed: 0.464 s - in no.nav.foreldrepenger.mottak.vurderfagsystem.impl.VurderFagsystemTjenesteImplForAvlsluttetFagsakOgAvslåttBehandlingTest
[INFO] Tests run: 3, Failures: 0, Errors: 0, Skipped: 0, Time elapsed: 0.091 s - in no.nav.foreldrepenger.mottak.vurderfagsystem.impl.VurderFagsystemTjenesteForInntektsmeldingTest
[INFO] Tests run: 12, Failures: 0, Errors: 0, Skipped: 0, Time elapsed: 0.041 s - in no.nav.foreldrepenger.mottak.vurderfagsystem.fp.VurderFagsystemTjenesteImplTest
[INFO] Tests run: 11, Failures: 0, Errors: 0, Skipped: 0, Time elapsed: 0.022 s - in no.nav.foreldrepenger.mottak.vurderfagsystem.svp.VurderFagsystemTjenesteImplTest
[INFO] Tests run: 20, Failures: 0, Errors: 0, Skipped: 0, Time elapsed: 0.036 s - in no.nav.foreldrepenger.mottak.vurderfagsystem.es.VurderFagsystemTjenesteImplTest
[INFO] Tests run: 1, Failures: 0, Errors: 0, Skipped: 0, Time elapsed: 0.307 s - in no.nav.foreldrepenger.mottak.publiserer.task.PubliserPersistertDokumentHendelseTaskImplTest
[INFO] Tests run: 11, Failures: 0, Errors: 0, Skipped: 0, Time elapsed: 0.964 s - in no.nav.foreldrepenger.mottak.dokumentmottak.impl.DokumentmottakerEndringssøknadTest
[INFO] Tests run: 4, Failures: 0, Errors: 0, Skipped: 0, Time elapsed: 0.44 s - in no.nav.foreldrepenger.mottak.dokumentmottak.impl.DokumentmottakerInntektsmeldingHåndteringVedAvslåttBehandlingTest
[INFO] Tests run: 7, Failures: 0, Errors: 0, Skipped: 0, Time elapsed: 0.215 s - in no.nav.foreldrepenger.mottak.dokumentmottak.impl.KompletthetskontrollerTest
[INFO] Tests run: 3, Failures: 0, Errors: 0, Skipped: 0, Time elapsed: 0.32 s - in no.nav.foreldrepenger.mottak.dokumentmottak.impl.OppgittPeriodeMottattDatoTjenesteTest
[INFO] Tests run: 4, Failures: 0, Errors: 0, Skipped: 0, Time elapsed: 0.309 s - in no.nav.foreldrepenger.mottak.dokumentmottak.impl.DokumentmottakerYtelsesesrelatertDokumentTest
[INFO] Tests run: 4, Failures: 0, Errors: 0, Skipped: 0, Time elapsed: 0.387 s - in no.nav.foreldrepenger.mottak.dokumentmottak.impl.DokumentmottakerVedleggHåndteringVedAvslåttBehandlingTest
[INFO] Tests run: 7, Failures: 0, Errors: 0, Skipped: 0, Time elapsed: 0.332 s - in no.nav.foreldrepenger.mottak.dokumentmottak.impl.DokumentmottakerVedleggTest
[INFO] Tests run: 12, Failures: 0, Errors: 0, Skipped: 0, Time elapsed: 0.783 s - in no.nav.foreldrepenger.mottak.dokumentmottak.impl.DokumentmottakerInntektsmeldingTest
[INFO] Tests run: 5, Failures: 0, Errors: 0, Skipped: 0, Time elapsed: 0.593 s - in no.nav.foreldrepenger.mottak.dokumentmottak.impl.MottattDokumentOversetterInntektsmeldingTest
[INFO] Tests run: 5, Failures: 0, Errors: 0, Skipped: 0, Time elapsed: 0.371 s - in no.nav.foreldrepenger.mottak.dokumentmottak.impl.DokumentmottakerKlageTest
[INFO] Tests run: 6, Failures: 0, Errors: 0, Skipped: 0, Time elapsed: 0.043 s - in no.nav.foreldrepenger.mottak.dokumentmottak.impl.HistorikkinnslagTjenesteTest
[INFO] Tests run: 16, Failures: 0, Errors: 0, Skipped: 0, Time elapsed: 0.974 s - in no.nav.foreldrepenger.mottak.dokumentmottak.impl.DokumentmottakerSøknadDefaultTest
[INFO] Tests run: 2, Failures: 0, Errors: 0, Skipped: 0, Time elapsed: 0.056 s - in no.nav.foreldrepenger.mottak.dokumentmottak.impl.HåndterMottattDokumentTaskTest
[INFO] Tests run: 5, Failures: 0, Errors: 0, Skipped: 0, Time elapsed: 0.101 s - in no.nav.foreldrepenger.mottak.dokumentmottak.impl.KøKontrollerTest
[INFO] Tests run: 1, Failures: 0, Errors: 0, Skipped: 0, Time elapsed: 0.135 s - in no.nav.foreldrepenger.mottak.dokumentmottak.fp.DokumentmottakerSøknadHåndteringVedAvslåttBehandlingTest
[INFO] Tests run: 4, Failures: 0, Errors: 0, Skipped: 0, Time elapsed: 0.006 s - in no.nav.foreldrepenger.mottak.dokumentmottak.api.SaksbehandlingDokumentmottakTjenesteTest
[INFO] Tests run: 2, Failures: 0, Errors: 0, Skipped: 0, Time elapsed: 0.266 s - in no.nav.foreldrepenger.mottak.dokumentmottak.es.DokumentmottakerSøknadEngangsstønadHåndteringVedAvslåttBehandlingTest
[INFO] Tests run: 10, Failures: 0, Errors: 0, Skipped: 0, Time elapsed: 0.865 s - in no.nav.foreldrepenger.mottak.kompletthettjeneste.impl.fp.KompletthetsjekkerTest
[INFO] Tests run: 8, Failures: 0, Errors: 0, Skipped: 0, Time elapsed: 1.02 s - in no.nav.foreldrepenger.mottak.kompletthettjeneste.impl.fp.KompletthetssjekkerSøknadRevurderingTest
[INFO] Tests run: 2, Failures: 0, Errors: 0, Skipped: 0, Time elapsed: 0.286 s - in no.nav.foreldrepenger.mottak.kompletthettjeneste.impl.fp.KompletthetsjekkerRevurderingTest
[INFO] Tests run: 2, Failures: 0, Errors: 0, Skipped: 0, Time elapsed: 0.178 s - in no.nav.foreldrepenger.mottak.kompletthettjeneste.impl.svp.KompletthetsjekkerTest
[INFO] Tests run: 4, Failures: 0, Errors: 0, Skipped: 0, Time elapsed: 0.023 s - in no.nav.foreldrepenger.mottak.kompletthettjeneste.impl.es.KompletthetssjekkerManglendeVedleggTest
[INFO] Tests run: 8, Failures: 0, Errors: 0, Skipped: 0, Time elapsed: 0.044 s - in no.nav.foreldrepenger.mottak.kompletthettjeneste.impl.es.KompletthetssjekkerSøknadKomplettTest
[INFO] Tests run: 6, Failures: 0, Errors: 0, Skipped: 0, Time elapsed: 0.055 s - in no.nav.foreldrepenger.mottak.hendelser.impl.ToForeldreBarnDødTjenesteTest
[INFO] Tests run: 5, Failures: 0, Errors: 0, Skipped: 0, Time elapsed: 0.306 s - in no.nav.foreldrepenger.mottak.hendelser.impl.håndterer.FødselForretningshendelseHåndtererESTest
[INFO] Tests run: 5, Failures: 0, Errors: 0, Skipped: 0, Time elapsed: 0.008 s - in no.nav.foreldrepenger.mottak.hendelser.impl.saksvelger.DødfødselForretningshendelseSaksvelgerTest
[INFO] Tests run: 11, Failures: 0, Errors: 0, Skipped: 0, Time elapsed: 0.025 s - in no.nav.foreldrepenger.mottak.hendelser.impl.saksvelger.FødselForretningshendelseSaksvelgerTest
[INFO] Tests run: 4, Failures: 0, Errors: 0, Skipped: 0, Time elapsed: 0.055 s - in no.nav.foreldrepenger.mottak.hendelser.KlargjørHendelseTaskTest
[INFO] Tests run: 3, Failures: 0, Errors: 0, Skipped: 0, Time elapsed: 0 s - in no.nav.foreldrepenger.mottak.MottattDokumentSortererTest
[INFO] Tests run: 16, Failures: 0, Errors: 0, Skipped: 0, Time elapsed: 0.532 s - in no.nav.foreldrepenger.mottak.vedtak.BerørtBehandlingKontrollerTest
[INFO] Tests run: 8, Failures: 0, Errors: 0, Skipped: 0, Time elapsed: 0.641 s - in no.nav.foreldrepenger.mottak.vedtak.kafka.VedtaksHendelseHåndtererTest
[INFO] Tests run: 17, Failures: 0, Errors: 0, Skipped: 0, Time elapsed: 3.095 s - in no.nav.foreldrepenger.mottak.vedtak.overlapp.VurderOpphørAvYtelserTest
[INFO] Tests run: 6, Failures: 0, Errors: 0, Skipped: 0, Time elapsed: 0.425 s - in no.nav.foreldrepenger.mottak.vedtak.overlapp.LoggOverlappEksterneYtelserTjenesteTest
[INFO] Tests run: 2, Failures: 0, Errors: 0, Skipped: 0, Time elapsed: 0.101 s - in no.nav.foreldrepenger.mottak.vedtak.overlapp.VurderOpphørAvYtelserTaskTest
[INFO] Tests run: 3, Failures: 0, Errors: 0, Skipped: 0, Time elapsed: 5.141 s - in no.nav.foreldrepenger.domene.risikoklassifisering.impl.RisikoklassifiseringTest
[INFO] Tests run: 9, Failures: 0, Errors: 0, Skipped: 0, Time elapsed: 0.176 s - in no.nav.foreldrepenger.domene.risikoklassifisering.tjeneste.RisikovurderingTjenesteTest
[INFO] Tests run: 4, Failures: 0, Errors: 0, Skipped: 0, Time elapsed: 0.013 s - in no.nav.foreldrepenger.domene.risikoklassifisering.json.KontrollresultatMapperTest
[INFO] Tests run: 1, Failures: 0, Errors: 0, Skipped: 0, Time elapsed: 0.003 s - in no.nav.foreldrepenger.domene.risikoklassifisering.task.RisikoklassifiseringUtførTaskTest
[INFO] Tests run: 1, Failures: 0, Errors: 0, Skipped: 0, Time elapsed: 0.029 s - in no.nav.foreldrepenger.domene.risikoklassifisering.konsument.LesKontrollresultatTaskTest
[INFO] Tests run: 6, Failures: 0, Errors: 0, Skipped: 0, Time elapsed: 0.178 s - in no.nav.foreldrepenger.domene.risikoklassifisering.modell.RisikoklassifiseringRepositoryImplTest
[WARNING] Tests run: 1, Failures: 0, Errors: 0, Skipped: 1, Time elapsed: 0.001 s - in no.nav.foreldrepenger.behandling.steg.inngangsvilkår.auto.InngangsvilkårAutoTest
[INFO] Tests run: 8, Failures: 0, Errors: 0, Skipped: 0, Time elapsed: 0.861 s - in no.nav.foreldrepenger.behandling.steg.inngangsvilkår.InngangsvilkårStegImplTest
[INFO] Tests run: 2, Failures: 0, Errors: 0, Skipped: 0, Time elapsed: 0.019 s - in no.nav.foreldrepenger.behandling.steg.inngangsvilkår.SamletInngangsvilkårStegImplTest
[INFO] Tests run: 1, Failures: 0, Errors: 0, Skipped: 0, Time elapsed: 4.997 s - in no.nav.foreldrepenger.behandling.steg.inngangsvilkår.opptjening.fp.VurderOpptjeningsvilkårStegTest
[INFO] Tests run: 4, Failures: 0, Errors: 0, Skipped: 0, Time elapsed: 0.85 s - in no.nav.foreldrepenger.behandling.steg.inngangsvilkår.opptjening.svp.FastsettOpptjeningsperiodeStegTest
[INFO] Tests run: 3, Failures: 0, Errors: 0, Skipped: 0, Time elapsed: 0.016 s - in no.nav.foreldrepenger.behandling.steg.klage.KlageNkStegTest
[INFO] Tests run: 2, Failures: 0, Errors: 0, Skipped: 0, Time elapsed: 0.017 s - in no.nav.foreldrepenger.behandling.steg.klage.KlageNfpStegTest
[INFO] Tests run: 15, Failures: 0, Errors: 0, Skipped: 0, Time elapsed: 0.282 s - in no.nav.foreldrepenger.behandling.steg.BehandlingModellTest
[INFO] Tests run: 14, Failures: 0, Errors: 0, Skipped: 0, Time elapsed: 0.966 s - in no.nav.foreldrepenger.behandling.steg.avklarfakta.ArbeidsforholdUtenRelevantOppgittOpptjeningImplTest
[INFO] Tests run: 2, Failures: 0, Errors: 0, Skipped: 0, Time elapsed: 0.008 s - in no.nav.foreldrepenger.behandling.steg.avklarfakta.AksjonspunktUtlederForTilleggsopplysningerTest
[INFO] Tests run: 8, Failures: 0, Errors: 0, Skipped: 0, Time elapsed: 0.648 s - in no.nav.foreldrepenger.behandling.steg.avklarfakta.AksjonspunktUtlederForVurderArbeidsforholdTest
[INFO] Tests run: 8, Failures: 0, Errors: 0, Skipped: 0, Time elapsed: 0.498 s - in no.nav.foreldrepenger.behandling.steg.avklarfakta.fp.AksjonspunktUtlederForTidligereMottattYtelseTest
[INFO] Tests run: 1, Failures: 0, Errors: 0, Skipped: 0, Time elapsed: 0.085 s - in no.nav.foreldrepenger.behandling.steg.avklarfakta.fp.KontrollerFaktaStegImplTest
[INFO] Tests run: 7, Failures: 0, Errors: 0, Skipped: 0, Time elapsed: 3.293 s - in no.nav.foreldrepenger.behandling.steg.avklarfakta.fp.KontrollerFaktaRevurderingStegImplTest
[INFO] Tests run: 6, Failures: 0, Errors: 0, Skipped: 0, Time elapsed: 0.378 s - in no.nav.foreldrepenger.behandling.steg.avklarfakta.AksjonspunktutlederForVurderBekreftetOpptjeningTest
[INFO] Tests run: 1, Failures: 0, Errors: 0, Skipped: 0, Time elapsed: 0.059 s - in no.nav.foreldrepenger.behandling.steg.avklarfakta.svp.LagreNyeTilretteleggingerTjenesteTest
[INFO] Tests run: 1, Failures: 0, Errors: 0, Skipped: 0, Time elapsed: 0 s - in no.nav.foreldrepenger.behandling.steg.avklarfakta.svp.UtledTilretteleggingerUtenArbeidsgiverTjenesteTest
[INFO] Tests run: 8, Failures: 0, Errors: 0, Skipped: 0, Time elapsed: 0.076 s - in no.nav.foreldrepenger.behandling.steg.avklarfakta.svp.UtledTilretteleggingerMedArbeidsgiverTjenesteTest
[INFO] Tests run: 2, Failures: 0, Errors: 0, Skipped: 0, Time elapsed: 0.03 s - in no.nav.foreldrepenger.behandling.steg.avklarfakta.svp.UtledNyeTilretteleggingerTjenesteTest
[INFO] Tests run: 1, Failures: 0, Errors: 0, Skipped: 0, Time elapsed: 0.201 s - in no.nav.foreldrepenger.behandling.steg.avklarfakta.svp.KontrollerFaktaStegImplTest
[INFO] Tests run: 10, Failures: 0, Errors: 0, Skipped: 0, Time elapsed: 1.041 s - in no.nav.foreldrepenger.behandling.steg.avklarfakta.es.AksjonspunktUtlederForTidligereMottattYtelseTest
[INFO] Tests run: 1, Failures: 0, Errors: 0, Skipped: 0, Time elapsed: 0.081 s - in no.nav.foreldrepenger.behandling.steg.avklarfakta.es.KontrollerFaktaStegImplTest
[INFO] Tests run: 11, Failures: 0, Errors: 0, Skipped: 0, Time elapsed: 0.859 s - in no.nav.foreldrepenger.behandling.steg.avklarfakta.AksjonspunktutlederForVurderOppgittOpptjeningTest
[INFO] Tests run: 5, Failures: 0, Errors: 0, Skipped: 0, Time elapsed: 0 s - in no.nav.foreldrepenger.behandling.steg.simulering.SimulerOppdragAksjonspunktUtlederTest
[INFO] Tests run: 8, Failures: 0, Errors: 0, Skipped: 0, Time elapsed: 0.522 s - in no.nav.foreldrepenger.behandling.steg.simulering.SimulerOppdragStegTest
[INFO] Tests run: 2, Failures: 0, Errors: 0, Skipped: 0, Time elapsed: 0.38 s - in no.nav.foreldrepenger.behandling.steg.uttak.fp.FastsettUttaksgrunnlagOgVurderSøknadsfristStegTest
[INFO] Tests run: 6, Failures: 0, Errors: 0, Skipped: 0, Time elapsed: 1.337 s - in no.nav.foreldrepenger.behandling.steg.uttak.fp.UttakStegBeregnStønadskontoTjenesteTest
[INFO] Tests run: 2, Failures: 0, Errors: 0, Skipped: 0, Time elapsed: 0.386 s - in no.nav.foreldrepenger.behandling.steg.uttak.fp.KontrollerfaktaUttakStegTest
[INFO] Tests run: 10, Failures: 0, Errors: 0, Skipped: 0, Time elapsed: 5.008 s - in no.nav.foreldrepenger.behandling.steg.uttak.fp.UttakStegImplTest
[INFO] Tests run: 2, Failures: 0, Errors: 0, Skipped: 0, Time elapsed: 0.309 s - in no.nav.foreldrepenger.behandling.steg.uttak.svp.FastsettUttaksgrunnlagOgVurderSøknadsfristStegTest
[INFO] Tests run: 2, Failures: 0, Errors: 0, Skipped: 0, Time elapsed: 0.06 s - in no.nav.foreldrepenger.behandling.steg.registrersøknad.RegistrerSøknadStegTest
[INFO] Tests run: 1, Failures: 0, Errors: 0, Skipped: 0, Time elapsed: 0.306 s - in no.nav.foreldrepenger.behandling.steg.medlemskap.VurderLøpendeMedlemskapStegTest
[INFO] Tests run: 2, Failures: 0, Errors: 0, Skipped: 0, Time elapsed: 0.431 s - in no.nav.foreldrepenger.behandling.steg.medlemskap.KontrollerFaktaLøpendeMedlemskapStegRevurderingTest
[INFO] Tests run: 1, Failures: 0, Errors: 0, Skipped: 0, Time elapsed: 0.173 s - in no.nav.foreldrepenger.behandling.steg.iverksettevedtak.HenleggBehandlingUtenSøknadTest
[INFO] Tests run: 3, Failures: 0, Errors: 0, Skipped: 0, Time elapsed: 0.022 s - in no.nav.foreldrepenger.behandling.steg.iverksettevedtak.IverksetteInnsynVedtakStegFellesTest
[INFO] Tests run: 8, Failures: 0, Errors: 0, Skipped: 0, Time elapsed: 0.087 s - in no.nav.foreldrepenger.behandling.steg.iverksettevedtak.HenleggBehandlingTjenesteTest
[INFO] Tests run: 2, Failures: 0, Errors: 0, Skipped: 0, Time elapsed: 0.151 s - in no.nav.foreldrepenger.behandling.steg.iverksettevedtak.fp.IverksetteVedtakStegYtelseTest
[INFO] Tests run: 5, Failures: 0, Errors: 0, Skipped: 0, Time elapsed: 0.346 s - in no.nav.foreldrepenger.behandling.steg.iverksettevedtak.es.IverksetteVedtakStegFellesTest
[INFO] Tests run: 5, Failures: 0, Errors: 0, Skipped: 0, Time elapsed: 0.139 s - in no.nav.foreldrepenger.behandling.steg.foreslåvedtak.ForeslåVedtakRevurderingStegImplTest
[INFO] Tests run: 1, Failures: 0, Errors: 0, Skipped: 0, Time elapsed: 0.002 s - in no.nav.foreldrepenger.behandling.steg.foreslåvedtak.ForeslåVedtakStegImplTest
[INFO] Tests run: 1, Failures: 0, Errors: 0, Skipped: 0, Time elapsed: 0 s - in no.nav.foreldrepenger.behandling.steg.foreslåvedtak.ForeslåVedtakInnsynStegImplTest
[INFO] Tests run: 14, Failures: 0, Errors: 0, Skipped: 0, Time elapsed: 1.252 s - in no.nav.foreldrepenger.behandling.steg.foreslåvedtak.ForeslåVedtakTjenesteTest
[INFO] Tests run: 5, Failures: 0, Errors: 0, Skipped: 0, Time elapsed: 0 s - in no.nav.foreldrepenger.behandling.steg.beregningsgrunnlag.fp.VurderDekningsgradVedDødsfallAksjonspunktUtlederTest
[INFO] Tests run: 2, Failures: 0, Errors: 0, Skipped: 0, Time elapsed: 0.29 s - in no.nav.foreldrepenger.behandling.steg.beregningsgrunnlag.fp.KontrollerFaktaBeregningStegTest
[INFO] Tests run: 2, Failures: 0, Errors: 0, Skipped: 0, Time elapsed: 0.075 s - in no.nav.foreldrepenger.behandling.steg.beregningsgrunnlag.ForeslåBeregningsgrunnlagStegTest
[INFO] Tests run: 1, Failures: 0, Errors: 0, Skipped: 0, Time elapsed: 0.151 s - in no.nav.foreldrepenger.behandling.steg.beregningsgrunnlag.task.OpprettGrunnbeløpTaskTest
[INFO] Tests run: 4, Failures: 0, Errors: 0, Skipped: 0, Time elapsed: 0 s - in no.nav.foreldrepenger.behandling.steg.varselrevurdering.es.VarselRevurderingStegImplTest
[INFO] Tests run: 3, Failures: 0, Errors: 0, Skipped: 0, Time elapsed: 0.309 s - in no.nav.foreldrepenger.behandling.steg.beregnytelse.fp.BeregneYtelseStegImplTest
[INFO] Tests run: 5, Failures: 0, Errors: 0, Skipped: 0, Time elapsed: 0.041 s - in no.nav.foreldrepenger.behandling.steg.beregnytelse.es.BarnFinnerTest
[INFO] Tests run: 5, Failures: 0, Errors: 0, Skipped: 0, Time elapsed: 0.431 s - in no.nav.foreldrepenger.behandling.steg.beregnytelse.es.BeregneYtelseStegImplTest
[INFO] Tests run: 1, Failures: 0, Errors: 0, Skipped: 0, Time elapsed: 0.043 s - in no.nav.foreldrepenger.behandling.steg.innsyn.VurderInnsynStegTest
[INFO] Tests run: 8, Failures: 0, Errors: 0, Skipped: 0, Time elapsed: 0.537 s - in no.nav.foreldrepenger.behandling.steg.foreslåresultat.fp.ForeslåBehandlingsresultatTjenesteTest
[INFO] Tests run: 8, Failures: 0, Errors: 0, Skipped: 0, Time elapsed: 0.585 s - in no.nav.foreldrepenger.behandling.steg.foreslåresultat.svp.ForeslåBehandlingsresultatTjenesteTest
[INFO] Tests run: 4, Failures: 0, Errors: 0, Skipped: 0, Time elapsed: 0.213 s - in no.nav.foreldrepenger.behandling.steg.foreslåresultat.es.ForeslåBehandlingsresultatTjenesteTest
[INFO] Tests run: 1, Failures: 0, Errors: 0, Skipped: 0, Time elapsed: 0.007 s - in no.nav.foreldrepenger.behandling.steg.anke.AnkeStegTest
[INFO] Tests run: 1, Failures: 0, Errors: 0, Skipped: 0, Time elapsed: 0.116 s - in no.nav.foreldrepenger.behandling.steg.vedtak.BehandlingVedtakTjenesteTest
[INFO] Tests run: 9, Failures: 0, Errors: 0, Skipped: 0, Time elapsed: 1.717 s - in no.nav.foreldrepenger.behandling.steg.vedtak.FatteVedtakStegTest
[INFO] Tests run: 1, Failures: 0, Errors: 0, Skipped: 0, Time elapsed: 0.382 s - in no.nav.foreldrepenger.feil.FeilTest
[INFO] Tests run: 1, Failures: 0, Errors: 0, Skipped: 0, Time elapsed: 4.822 s - in no.nav.foreldrepenger.RapporterUnmappedKolonnerIDatabaseTest
[INFO] Tests run: 4, Failures: 0, Errors: 0, Skipped: 0, Time elapsed: 0.164 s - in no.nav.foreldrepenger.web.app.healthchecks.HealthCheckRestServiceTest
[INFO] Tests run: 1, Failures: 0, Errors: 0, Skipped: 0, Time elapsed: 0 s - in no.nav.foreldrepenger.web.app.tjenester.registrering.dto.ManuellRegistreringDtoTest
[INFO] Tests run: 10, Failures: 0, Errors: 0, Skipped: 0, Time elapsed: 0.004 s - in no.nav.foreldrepenger.web.app.tjenester.registrering.ManuellRegistreringEndringssøknadValidatorTest
[INFO] Tests run: 22, Failures: 0, Errors: 0, Skipped: 0, Time elapsed: 0.053 s - in no.nav.foreldrepenger.web.app.tjenester.registrering.SøknadMapperFellesTest
[INFO] Tests run: 22, Failures: 0, Errors: 0, Skipped: 0, Time elapsed: 0.007 s - in no.nav.foreldrepenger.web.app.tjenester.registrering.fp.ManuellRegistreringForeldrepengerValidatorTest
[INFO] Tests run: 29, Failures: 0, Errors: 0, Skipped: 0, Time elapsed: 2.54 s - in no.nav.foreldrepenger.web.app.tjenester.registrering.fp.SøknadMapperTest
[INFO] Tests run: 16, Failures: 0, Errors: 0, Skipped: 0, Time elapsed: 0.004 s - in no.nav.foreldrepenger.web.app.tjenester.registrering.ManuellRegistreringFellesValidatorTest
[INFO] Tests run: 5, Failures: 0, Errors: 0, Skipped: 0, Time elapsed: 0 s - in no.nav.foreldrepenger.web.app.tjenester.registrering.svp.ManuellRegistreringSvangerskapspengerValidatorTest
[INFO] Tests run: 4, Failures: 0, Errors: 0, Skipped: 0, Time elapsed: 0.001 s - in no.nav.foreldrepenger.web.app.tjenester.registrering.es.SøknadMapperTest
[INFO] Tests run: 1, Failures: 0, Errors: 0, Skipped: 0, Time elapsed: 0 s - in no.nav.foreldrepenger.web.app.tjenester.behandling.dto.SettBehandlingPaVentDtoTest
[INFO] Tests run: 1, Failures: 0, Errors: 0, Skipped: 0, Time elapsed: 0 s - in no.nav.foreldrepenger.web.app.tjenester.behandling.dto.HenleggBehandlingDtoTest
[INFO] Tests run: 3, Failures: 0, Errors: 0, Skipped: 0, Time elapsed: 0.134 s - in no.nav.foreldrepenger.web.app.tjenester.behandling.tilbakekreving.VurderFeilutbetalingOgInntrekkOppdatererTest
[INFO] Tests run: 3, Failures: 0, Errors: 0, Skipped: 0, Time elapsed: 0.001 s - in no.nav.foreldrepenger.web.app.tjenester.behandling.tilbakekreving.TilbakekrevingRestTjenesteTest
[INFO] Tests run: 2, Failures: 0, Errors: 0, Skipped: 0, Time elapsed: 0.011 s - in no.nav.foreldrepenger.web.app.tjenester.behandling.tilbakekreving.VurderFeilutbetalingOppdatererTest
[INFO] Tests run: 5, Failures: 0, Errors: 0, Skipped: 0, Time elapsed: 0.813 s - in no.nav.foreldrepenger.web.app.tjenester.behandling.klage.KlageFormkravOppdatererTest
[INFO] Tests run: 3, Failures: 0, Errors: 0, Skipped: 0, Time elapsed: 0.026 s - in no.nav.foreldrepenger.web.app.tjenester.behandling.kontroll.app.KontrollDtoTjenesteTest
[INFO] Tests run: 1, Failures: 0, Errors: 0, Skipped: 0, Time elapsed: 0.081 s - in no.nav.foreldrepenger.web.app.tjenester.behandling.medlem.aksjonspunkt.BekreftBosattVurderingOppdatererTest
[INFO] Tests run: 1, Failures: 0, Errors: 0, Skipped: 0, Time elapsed: 0.069 s - in no.nav.foreldrepenger.web.app.tjenester.behandling.medlem.aksjonspunkt.BekreftErMedlemOppdatererTest
[INFO] Tests run: 2, Failures: 0, Errors: 0, Skipped: 0, Time elapsed: 0.173 s - in no.nav.foreldrepenger.web.app.tjenester.behandling.medlem.aksjonspunkt.BekreftOppholdVurderingTest
[INFO] Tests run: 1, Failures: 0, Errors: 0, Skipped: 0, Time elapsed: 0.093 s - in no.nav.foreldrepenger.web.app.tjenester.behandling.medlem.aksjonspunkt.AvklarFortsattMedlemskapOppdatererTest
[INFO] Tests run: 3, Failures: 0, Errors: 0, Skipped: 0, Time elapsed: 0.053 s - in no.nav.foreldrepenger.web.app.tjenester.behandling.medlem.MedlemDtoTjenesteTest
[INFO] Tests run: 5, Failures: 0, Errors: 0, Skipped: 0, Time elapsed: 0 s - in no.nav.foreldrepenger.web.app.tjenester.behandling.uttak.app.AvklarFaktaUttakValidatorTest
[INFO] Tests run: 6, Failures: 0, Errors: 0, Skipped: 0, Time elapsed: 0.045 s - in no.nav.foreldrepenger.web.app.tjenester.behandling.uttak.aksjonspunkt.UttakHistorikkUtilTest
[INFO] Tests run: 3, Failures: 0, Errors: 0, Skipped: 0, Time elapsed: 0 s - in no.nav.foreldrepenger.web.app.tjenester.behandling.uttak.aksjonspunkt.UttakPerioderMapperTest
[INFO] Tests run: 5, Failures: 0, Errors: 0, Skipped: 0, Time elapsed: 0.528 s - in no.nav.foreldrepenger.web.app.tjenester.behandling.aksjonspunkt.app.AksjonspunktOppdatererTest
[INFO] Tests run: 5, Failures: 0, Errors: 0, Skipped: 0, Time elapsed: 0.031 s - in no.nav.foreldrepenger.web.app.tjenester.behandling.aksjonspunkt.AksjonspunktRestTjenesteTest
[INFO] Tests run: 5, Failures: 0, Errors: 0, Skipped: 0, Time elapsed: 0.047 s - in no.nav.foreldrepenger.web.app.tjenester.behandling.aksjonspunkt.BehandlingsprosessApplikasjonTjenesteTest
[INFO] Tests run: 6, Failures: 0, Errors: 0, Skipped: 0, Time elapsed: 0.684 s - in no.nav.foreldrepenger.web.app.tjenester.behandling.svp.BekreftSvangerskapspengerOppdatererTest
[INFO] Tests run: 4, Failures: 0, Errors: 0, Skipped: 0, Time elapsed: 0.214 s - in no.nav.foreldrepenger.web.app.tjenester.behandling.svp.BekreftSvangerskapspengervilkårOppdatererTest
[INFO] Tests run: 9, Failures: 0, Errors: 0, Skipped: 0, Time elapsed: 0.022 s - in no.nav.foreldrepenger.web.app.tjenester.behandling.beregningsresultat.app.BeregningsresultatMedUttaksplanMapperTest
[INFO] Tests run: 1, Failures: 0, Errors: 0, Skipped: 0, Time elapsed: 0.065 s - in no.nav.foreldrepenger.web.app.tjenester.behandling.beregningsgrunnlag.FastsettBeregningsgrunnlagATFLOppdatererTest
[INFO] Tests run: 1, Failures: 0, Errors: 0, Skipped: 0, Time elapsed: 0.002 s - in no.nav.foreldrepenger.web.app.tjenester.behandling.søknad.BekreftSøkersOpplysningspliktManuellOppdatererTest
[INFO] Tests run: 1, Failures: 0, Errors: 0, Skipped: 0, Time elapsed: 0.002 s - in no.nav.foreldrepenger.web.app.tjenester.behandling.søknad.SøknadsfristVilkårOppdatererTest
[INFO] Tests run: 2, Failures: 0, Errors: 0, Skipped: 0, Time elapsed: 0 s - in no.nav.foreldrepenger.web.app.tjenester.historikk.dto.HistorikkinnslagDtoTest
[INFO] Tests run: 1, Failures: 0, Errors: 0, Skipped: 0, Time elapsed: 0 s - in no.nav.foreldrepenger.web.app.tjenester.historikk.HistorikkRestTjenesteTest
[INFO] Tests run: 2, Failures: 0, Errors: 0, Skipped: 0, Time elapsed: 0.001 s - in no.nav.foreldrepenger.web.app.tjenester.integrasjonstatus.IntegrasjonstatusTjenesteTest
[INFO] Tests run: 2, Failures: 0, Errors: 0, Skipped: 0, Time elapsed: 0.001 s - in no.nav.foreldrepenger.web.app.tjenester.brev.BrevRestTjenesteTest
[INFO] Tests run: 3, Failures: 0, Errors: 0, Skipped: 0, Time elapsed: 0.006 s - in no.nav.foreldrepenger.web.app.tjenester.batch.BatchRestTjenesteTest
[INFO] Tests run: 2, Failures: 0, Errors: 0, Skipped: 0, Time elapsed: 0 s - in no.nav.foreldrepenger.web.app.tjenester.fagsak.dto.SokefeltDtoTest
[INFO] Tests run: 1, Failures: 0, Errors: 0, Skipped: 0, Time elapsed: 0.001 s - in no.nav.foreldrepenger.web.app.tjenester.fagsak.dto.SaksnummerDtoTest
[INFO] Tests run: 6, Failures: 0, Errors: 0, Skipped: 0, Time elapsed: 0.007 s - in no.nav.foreldrepenger.web.app.tjenester.fagsak.app.FagsakApplikasjonTjenesteTest
[INFO] Tests run: 4, Failures: 0, Errors: 0, Skipped: 0, Time elapsed: 0.003 s - in no.nav.foreldrepenger.web.app.tjenester.vedtak.VedtakJsonFeedRestTjenesteTest
[INFO] Tests run: 2, Failures: 0, Errors: 0, Skipped: 0, Time elapsed: 0.026 s - in no.nav.foreldrepenger.web.app.tjenester.dokument.DokumentRestTjenesteTest
[INFO] Tests run: 257, Failures: 0, Errors: 0, Skipped: 0, Time elapsed: 0.548 s - in no.nav.foreldrepenger.web.app.SjekkDtoStrukturTest
[INFO] Tests run: 14, Failures: 0, Errors: 0, Skipped: 0, Time elapsed: 0.037 s - in no.nav.foreldrepenger.web.app.soap.sak.v1.OpprettSakServiceTest
[INFO] Tests run: 4, Failures: 0, Errors: 0, Skipped: 0, Time elapsed: 0.156 s - in no.nav.foreldrepenger.web.app.soap.sak.v1.FinnSakServiceTest
[INFO] Tests run: 2, Failures: 0, Errors: 0, Skipped: 0, Time elapsed: 0.033 s - in no.nav.foreldrepenger.web.app.soap.sak.tjeneste.OpprettSakTjenesteImplTest
[INFO] Tests run: 1, Failures: 0, Errors: 0, Skipped: 0, Time elapsed: 0.012 s - in no.nav.foreldrepenger.web.app.exceptions.RedirectExceptionMapperTest
[INFO] Tests run: 1, Failures: 0, Errors: 0, Skipped: 0, Time elapsed: 0.012 s - in no.nav.foreldrepenger.web.app.exceptions.JsonMappingExceptionMapperTest
[INFO] Tests run: 5, Failures: 0, Errors: 0, Skipped: 0, Time elapsed: 0.041 s - in no.nav.foreldrepenger.web.app.exceptions.GeneralRestExceptionMapperTest
[INFO] Tests run: 3, Failures: 0, Errors: 0, Skipped: 0, Time elapsed: 0 s - in no.nav.foreldrepenger.web.app.konfig.RestApiAbacTest
[INFO] Tests run: 2, Failures: 0, Errors: 0, Skipped: 0, Time elapsed: 0.907 s - in no.nav.foreldrepenger.web.app.konfig.SoapApiAbacTest
[INFO] Tests run: 1, Failures: 0, Errors: 0, Skipped: 0, Time elapsed: 0.003 s - in no.nav.foreldrepenger.web.app.konfig.RestApiInputValideringAnnoteringTest
[INFO] Tests run: 6, Failures: 0, Errors: 0, Skipped: 0, Time elapsed: 0.015 s - in no.nav.foreldrepenger.web.app.oppgave.OppgaveRedirectTjenesteTest
[INFO] Tests run: 7, Failures: 0, Errors: 0, Skipped: 0, Time elapsed: 0.021 s - in no.nav.foreldrepenger.web.server.abac.PdpRequestBuilderTest
[INFO] Tests run: 5, Failures: 0, Errors: 0, Skipped: 0, Time elapsed: 0.077 s - in no.nav.foreldrepenger.web.server.abac.XacmlRequestBuilderTjenesteImplTest
[INFO] Tests run: 7, Failures: 0, Errors: 0, Skipped: 0, Time elapsed: 0 s - in no.nav.foreldrepenger.tilganger.TilgangerTjenesteTest
[INFO] Tests run: 2, Failures: 0, Errors: 0, Skipped: 0, Time elapsed: 0 s - in no.nav.foreldrepenger.batch.EmptyBatchArgumentsTest
[INFO] Tests run: 3, Failures: 0, Errors: 0, Skipped: 0, Time elapsed: 0.028 s - in no.nav.foreldrepenger.jsonfeed.VedtakFattetTjenesteTest
[INFO] Tests run: 5, Failures: 0, Errors: 0, Skipped: 0, Time elapsed: 0.64 s - in no.nav.foreldrepenger.jsonfeed.HendelsePublisererTjenesteTest
[INFO] Tests run: 4, Failures: 0, Errors: 0, Skipped: 0, Time elapsed: 0.201 s - in no.nav.foreldrepenger.web.app.tjenester.fordeling.FordelRestTjenesteTest
[INFO] Tests run: 1, Failures: 0, Errors: 0, Skipped: 0, Time elapsed: 0.008 s - in no.nav.foreldrepenger.web.app.tjenester.registrering.fp.EndringssøknadSøknadMapperTest
[INFO] Tests run: 1, Failures: 0, Errors: 0, Skipped: 0, Time elapsed: 0.019 s - in no.nav.foreldrepenger.web.app.tjenester.registrering.ManuellRegistreringOppdatererTest
[INFO] Tests run: 1, Failures: 0, Errors: 0, Skipped: 0, Time elapsed: 0 s - in no.nav.foreldrepenger.web.app.tjenester.registrering.svp.SøknadMapperTest
[INFO] Tests run: 1, Failures: 0, Errors: 0, Skipped: 0, Time elapsed: 0.128 s - in no.nav.foreldrepenger.web.app.tjenester.behandling.BehandlingRestTjenesteESTest
[INFO] Tests run: 1, Failures: 0, Errors: 0, Skipped: 0, Time elapsed: 0.178 s - in no.nav.foreldrepenger.web.app.tjenester.behandling.BehandlingÅrsakDtoTest
[INFO] Tests run: 3, Failures: 0, Errors: 0, Skipped: 0, Time elapsed: 0.84 s - in no.nav.foreldrepenger.web.app.tjenester.behandling.vilkår.aksjonspunkt.OpptjeningsvilkåretOverstyringshåndtererTest
[INFO] Tests run: 1, Failures: 0, Errors: 0, Skipped: 0, Time elapsed: 0.31 s - in no.nav.foreldrepenger.web.app.tjenester.behandling.vilkår.aksjonspunkt.AdopsjonsvilkårForeldrepengerOverstyringhåndtererTest
[INFO] Tests run: 1, Failures: 0, Errors: 0, Skipped: 0, Time elapsed: 0.308 s - in no.nav.foreldrepenger.web.app.tjenester.behandling.vilkår.aksjonspunkt.SøkersopplysningspliktOverstyringhåndtererTest
[INFO] Tests run: 1, Failures: 0, Errors: 0, Skipped: 0, Time elapsed: 0.223 s - in no.nav.foreldrepenger.web.app.tjenester.behandling.vilkår.aksjonspunkt.FødselsvilkåretFarMedmorOverstyringshåndtererTest
[INFO] Tests run: 1, Failures: 0, Errors: 0, Skipped: 0, Time elapsed: 0.165 s - in no.nav.foreldrepenger.web.app.tjenester.behandling.vilkår.aksjonspunkt.AbstractOverstyringshåndtererTest
[INFO] Tests run: 1, Failures: 0, Errors: 0, Skipped: 0, Time elapsed: 0.192 s - in no.nav.foreldrepenger.web.app.tjenester.behandling.vilkår.aksjonspunkt.AdopsjonsvilkårEngangsstønadOverstyringhåndtererTest
[INFO] Tests run: 1, Failures: 0, Errors: 0, Skipped: 0, Time elapsed: 0.153 s - in no.nav.foreldrepenger.web.app.tjenester.behandling.BehandlingRestTjenesteTest
[INFO] Tests run: 1, Failures: 0, Errors: 0, Skipped: 0, Time elapsed: 0.109 s - in no.nav.foreldrepenger.web.app.tjenester.behandling.uttak.app.FaktaUttakToTrinnsTjenesteImplTest
[INFO] Tests run: 10, Failures: 0, Errors: 0, Skipped: 0, Time elapsed: 2.196 s - in no.nav.foreldrepenger.web.app.tjenester.behandling.uttak.app.SaldoerDtoTjenesteImplTest
[INFO] Tests run: 1, Failures: 0, Errors: 0, Skipped: 0, Time elapsed: 0.001 s - in no.nav.foreldrepenger.web.app.tjenester.behandling.uttak.app.UttakPeriodegrenseDtoTjenesteTest
[INFO] Tests run: 4, Failures: 0, Errors: 0, Skipped: 0, Time elapsed: 0.521 s - in no.nav.foreldrepenger.web.app.tjenester.behandling.uttak.app.FaktaUttakOppdatererTest
[INFO] Tests run: 2, Failures: 0, Errors: 0, Skipped: 0, Time elapsed: 0.169 s - in no.nav.foreldrepenger.web.app.tjenester.behandling.uttak.app.AvklarAnnenforelderHarRettOppdatererTest
[INFO] Tests run: 2, Failures: 0, Errors: 0, Skipped: 0, Time elapsed: 0.192 s - in no.nav.foreldrepenger.web.app.tjenester.behandling.uttak.app.FaktaUttakHistorikkTjenesteTest
[INFO] Tests run: 3, Failures: 0, Errors: 0, Skipped: 0, Time elapsed: 0.302 s - in no.nav.foreldrepenger.web.app.tjenester.behandling.uttak.app.KontrollerOppgittFordelingTjenesteImplTest
[INFO] Tests run: 8, Failures: 0, Errors: 0, Skipped: 0, Time elapsed: 0.903 s - in no.nav.foreldrepenger.web.app.tjenester.behandling.uttak.app.UttakPerioderDtoTjenesteTest
[INFO] Tests run: 2, Failures: 0, Errors: 0, Skipped: 0, Time elapsed: 0.108 s - in no.nav.foreldrepenger.web.app.tjenester.behandling.uttak.app.FaktaUttakArbeidsforholdTjenesteImplTest
[INFO] Tests run: 1, Failures: 0, Errors: 0, Skipped: 0, Time elapsed: 0.061 s - in no.nav.foreldrepenger.web.app.tjenester.behandling.uttak.aksjonspunkt.FaktaUttakOverstyringshåndtererTest
[INFO] Tests run: 4, Failures: 0, Errors: 0, Skipped: 0, Time elapsed: 1.154 s - in no.nav.foreldrepenger.web.app.tjenester.behandling.uttak.aksjonspunkt.FaktaUttakSaksbehandlerOverstyringshåndtererTest
[INFO] Tests run: 2, Failures: 0, Errors: 0, Skipped: 0, Time elapsed: 0.251 s - in no.nav.foreldrepenger.web.app.tjenester.behandling.uttak.aksjonspunkt.FastsettUttakOppdatererTest
[INFO] Tests run: 1, Failures: 0, Errors: 0, Skipped: 0, Time elapsed: 0.144 s - in no.nav.foreldrepenger.web.app.tjenester.behandling.uttak.aksjonspunkt.UttakOverstyringshåndtererTest
[INFO] Tests run: 4, Failures: 0, Errors: 0, Skipped: 0, Time elapsed: 0.796 s - in no.nav.foreldrepenger.web.app.tjenester.behandling.BehandlingDtoTjenesteImplTest
[INFO] Tests run: 6, Failures: 0, Errors: 0, Skipped: 0, Time elapsed: 0.893 s - in no.nav.foreldrepenger.web.app.tjenester.behandling.aksjonspunkt.AksjonspunktApplikasjonTjenesteTest
[INFO] Tests run: 3, Failures: 0, Errors: 0, Skipped: 0, Time elapsed: 0.182 s - in no.nav.foreldrepenger.web.app.tjenester.behandling.aksjonspunkt.app.KlagevurderingOppdatererTest
[INFO] Tests run: 11, Failures: 0, Errors: 0, Skipped: 0, Time elapsed: 0.622 s - in no.nav.foreldrepenger.web.app.tjenester.behandling.aksjonspunkt.OpprettNyFørstegangsbehandlingTest
[INFO] Tests run: 5, Failures: 0, Errors: 0, Skipped: 0, Time elapsed: 0.479 s - in no.nav.foreldrepenger.web.app.tjenester.behandling.aksjonspunkt.BehandlingsutredningApplikasjonTjenesteImplTest
[INFO] Tests run: 1, Failures: 0, Errors: 0, Skipped: 0, Time elapsed: 0.034 s - in no.nav.foreldrepenger.web.app.tjenester.behandling.BehandlingDtoForBackendTjenesteTest
[INFO] Tests run: 6, Failures: 0, Errors: 0, Skipped: 0, Time elapsed: 0.431 s - in no.nav.foreldrepenger.web.app.tjenester.behandling.ytelsefordeling.VurderDekningsgradOppdatererTest
[INFO] Tests run: 1, Failures: 0, Errors: 0, Skipped: 0, Time elapsed: 0.068 s - in no.nav.foreldrepenger.web.app.tjenester.behandling.ytelsefordeling.BekreftAleneomsorgOppdatererTest
[INFO] Tests run: 1, Failures: 0, Errors: 0, Skipped: 0, Time elapsed: 0.06 s - in no.nav.foreldrepenger.web.app.tjenester.behandling.ytelsefordeling.BekreftOmsorgOppdatererTest
[INFO] Tests run: 2, Failures: 0, Errors: 0, Skipped: 0, Time elapsed: 0.202 s - in no.nav.foreldrepenger.web.app.tjenester.behandling.ytelsefordeling.YtelseFordelingDtoTjenesteImplTest
[INFO] Tests run: 7, Failures: 0, Errors: 0, Skipped: 0, Time elapsed: 0.088 s - in no.nav.foreldrepenger.web.app.tjenester.behandling.verge.VergeTjenesteTest
[INFO] Tests run: 1, Failures: 0, Errors: 0, Skipped: 0, Time elapsed: 0.156 s - in no.nav.foreldrepenger.web.app.tjenester.behandling.innsyn.VurderInnsynOppdatererTest
[INFO] Tests run: 6, Failures: 0, Errors: 0, Skipped: 0, Time elapsed: 0.339 s - in no.nav.foreldrepenger.web.app.tjenester.behandling.risikoklassifisering.VurderFaresignalerOppdatererTest
[INFO] Tests run: 4, Failures: 0, Errors: 0, Skipped: 0, Time elapsed: 0.414 s - in no.nav.foreldrepenger.web.app.tjenester.behandling.søknad.aksjonspunkt.VurderSøknadsfristOppdatererTjenesteFPTest
[INFO] Tests run: 1, Failures: 0, Errors: 0, Skipped: 0, Time elapsed: 0.061 s - in no.nav.foreldrepenger.web.app.tjenester.behandling.personopplysning.PersonopplysningDtoTjenesteTest
[INFO] Tests run: 1, Failures: 0, Errors: 0, Skipped: 0, Time elapsed: 0.106 s - in no.nav.foreldrepenger.web.app.tjenester.behandling.personopplysning.UtlandssakManuellOverstyringTest
[INFO] Tests run: 4, Failures: 0, Errors: 0, Skipped: 0, Time elapsed: 0.157 s - in no.nav.foreldrepenger.web.app.tjenester.behandling.vedtak.TotrinnArbeidsforholdDtoTjenesteTest
[INFO] Tests run: 14, Failures: 0, Errors: 0, Skipped: 0, Time elapsed: 0.226 s - in no.nav.foreldrepenger.web.app.tjenester.behandling.vedtak.TotrinnskontrollAksjonspunkterTjenesteImplTest
[INFO] Tests run: 5, Failures: 0, Errors: 0, Skipped: 0, Time elapsed: 0.329 s - in no.nav.foreldrepenger.web.app.tjenester.behandling.vedtak.UttakPeriodeEndringDtoTjenesteTest
[INFO] Tests run: 3, Failures: 0, Errors: 0, Skipped: 0, Time elapsed: 0 s - in no.nav.foreldrepenger.web.app.tjenester.historikk.dto.HistorikkInnslagKonverterTest
[INFO] Tests run: 1, Failures: 0, Errors: 0, Skipped: 0, Time elapsed: 0.065 s - in no.nav.foreldrepenger.web.app.tjenester.kodeverk.app.HentKodeverkTjenesteImplTest
[INFO] Tests run: 2, Failures: 0, Errors: 0, Skipped: 0, Time elapsed: 0.468 s - in no.nav.foreldrepenger.web.app.tjenester.kodeverk.KodeverkRestTjenesteTest
[INFO] Tests run: 2, Failures: 0, Errors: 0, Skipped: 0, Time elapsed: 0.123 s - in no.nav.foreldrepenger.web.app.tjenester.forvaltning.ForvaltningBeregningRestTjenesteTest
[INFO] Tests run: 5, Failures: 0, Errors: 0, Skipped: 0, Time elapsed: 0.048 s - in no.nav.foreldrepenger.web.app.tjenester.hendelser.HendelserRestTjenesteTest
[INFO] Tests run: 64, Failures: 0, Errors: 0, Skipped: 0, Time elapsed: 3.048 s - in no.nav.foreldrepenger.web.app.konfig.RestApiInputValideringDtoTest
[INFO] Tests run: 1, Failures: 0, Errors: 0, Skipped: 0, Time elapsed: 0.042 s - in no.nav.foreldrepenger.batch.BatchTjenesteTest
