[INFO] Tests run: 1, Failures: 0, Errors: 0, Skipped: 0, Time elapsed: 0 s - in no.nav.foreldrepenger.behandling.steg.avklarfakta.svp.UtledTilretteleggingerUtenArbeidsgiverTjenesteTest
[INFO] Tests run: 1, Failures: 0, Errors: 0, Skipped: 0, Time elapsed: 0 s - in no.nav.foreldrepenger.behandling.steg.foreslåvedtak.ForeslåVedtakInnsynStegImplTest
[INFO] Tests run: 1, Failures: 0, Errors: 0, Skipped: 0, Time elapsed: 0 s - in no.nav.foreldrepenger.behandlingslager.behandling.familiehendelse.FamilieHendelseGrunnlagEntitetTest
[INFO] Tests run: 1, Failures: 0, Errors: 0, Skipped: 0, Time elapsed: 0 s - in no.nav.foreldrepenger.behandlingslager.geografisk.LandkoderTest
[INFO] Tests run: 1, Failures: 0, Errors: 0, Skipped: 0, Time elapsed: 0 s - in no.nav.foreldrepenger.behandlingslager.virksomhet.OrganisasjonsNummerValidatorTest
[INFO] Tests run: 1, Failures: 0, Errors: 0, Skipped: 0, Time elapsed: 0 s - in no.nav.foreldrepenger.datavarehus.domene.AksjonspunktDvhEntityTest
[INFO] Tests run: 1, Failures: 0, Errors: 0, Skipped: 0, Time elapsed: 0 s - in no.nav.foreldrepenger.datavarehus.domene.BehandlingDvhEntityTest
[INFO] Tests run: 1, Failures: 0, Errors: 0, Skipped: 0, Time elapsed: 0 s - in no.nav.foreldrepenger.datavarehus.domene.BehandlingVedtakDvhEntityTest
[INFO] Tests run: 1, Failures: 0, Errors: 0, Skipped: 0, Time elapsed: 0 s - in no.nav.foreldrepenger.datavarehus.domene.FagsakDvhEntityTest
[INFO] Tests run: 1, Failures: 0, Errors: 0, Skipped: 0, Time elapsed: 0 s - in no.nav.foreldrepenger.datavarehus.tjeneste.BehandlingStegDvhMapperTest
[INFO] Tests run: 1, Failures: 0, Errors: 0, Skipped: 0, Time elapsed: 0 s - in no.nav.foreldrepenger.datavarehus.tjeneste.VedtakUtbetalingDvhMapperTest
[INFO] Tests run: 1, Failures: 0, Errors: 0, Skipped: 0, Time elapsed: 0 s - in no.nav.foreldrepenger.domene.abakus.mapping.IAYDtoMapperLagretKonverteringTest
[INFO] Tests run: 1, Failures: 0, Errors: 0, Skipped: 0, Time elapsed: 0 s - in no.nav.foreldrepenger.domene.abakus.mapping.IAYTilDtoMapperTest
[INFO] Tests run: 1, Failures: 0, Errors: 0, Skipped: 0, Time elapsed: 0 s - in no.nav.foreldrepenger.domene.abakus.mapping.MapRefusjonskravDatoerTest
[INFO] Tests run: 1, Failures: 0, Errors: 0, Skipped: 0, Time elapsed: 0 s - in no.nav.foreldrepenger.domene.arbeidsforhold.rest.TilgrensendeYtelserDtoTest
[INFO] Tests run: 1, Failures: 0, Errors: 0, Skipped: 0, Time elapsed: 0 s - in no.nav.foreldrepenger.domene.person.tps.TpsFødselUtilTest
[INFO] Tests run: 1, Failures: 0, Errors: 0, Skipped: 0, Time elapsed: 0 s - in no.nav.foreldrepenger.inngangsvilkaar.omsorgsovertakelse.InngangsvilkårEngangsstønadForeldreansvar1Test
[INFO] Tests run: 1, Failures: 0, Errors: 0, Skipped: 0, Time elapsed: 0 s - in no.nav.foreldrepenger.inngangsvilkaar.omsorgsovertakelse.InngangsvilkårEngangsstønadForeldreansvar2Test
[INFO] Tests run: 1, Failures: 0, Errors: 0, Skipped: 0, Time elapsed: 0 s - in no.nav.foreldrepenger.inngangsvilkaar.omsorgsovertakelse.InngangsvilkårEngangsstønadOmsorgsovertakelseTest
[INFO] Tests run: 1, Failures: 0, Errors: 0, Skipped: 0, Time elapsed: 0 s - in no.nav.foreldrepenger.produksjonsstyring.oppgavebehandling.OpprettOppgaveVurderKonsekvensTaskTest
[INFO] Tests run: 1, Failures: 0, Errors: 0, Skipped: 0, Time elapsed: 0 s - in no.nav.foreldrepenger.web.app.tjenester.behandling.dto.HenleggBehandlingDtoTest
[INFO] Tests run: 1, Failures: 0, Errors: 0, Skipped: 0, Time elapsed: 0 s - in no.nav.foreldrepenger.web.app.tjenester.behandling.dto.SettBehandlingPaVentDtoTest
[INFO] Tests run: 1, Failures: 0, Errors: 0, Skipped: 0, Time elapsed: 0 s - in no.nav.foreldrepenger.web.app.tjenester.kodeverk.app.HentKodeverkTjenesteImplTest
[INFO] Tests run: 1, Failures: 0, Errors: 0, Skipped: 0, Time elapsed: 0 s - in no.nav.foreldrepenger.web.app.tjenester.registrering.dto.ManuellRegistreringDtoTest
[INFO] Tests run: 1, Failures: 0, Errors: 0, Skipped: 0, Time elapsed: 0 s - in no.nav.foreldrepenger.web.app.tjenester.registrering.svp.SøknadMapperTest
[INFO] Tests run: 1, Failures: 0, Errors: 0, Skipped: 0, Time elapsed: 0 s - in no.nav.foreldrepenger.økonomi.tilkjentytelse.MapperForTilkjentYtelseTest
[INFO] Tests run: 10, Failures: 0, Errors: 0, Skipped: 0, Time elapsed: 0 s - in no.nav.foreldrepenger.domene.arbeidsforhold.aksjonspunkt.ArbeidsforholdHandlingTypeUtlederTest
[INFO] Tests run: 11, Failures: 0, Errors: 0, Skipped: 0, Time elapsed: 0 s - in no.nav.foreldrepenger.økonomi.grensesnittavstemming.GrensesnittavstemmingBatchArgumentsTest
[INFO] Tests run: 14, Failures: 0, Errors: 0, Skipped: 0, Time elapsed: 0 s - in no.nav.foreldrepenger.skjæringstidspunkt.svp.BeregnTilrettleggingsdatoTest
[INFO] Tests run: 15, Failures: 0, Errors: 0, Skipped: 0, Time elapsed: 0 s - in no.nav.foreldrepenger.domene.iay.modell.ArbeidsforholdOverstyringTest
[INFO] Tests run: 15, Failures: 0, Errors: 0, Skipped: 0, Time elapsed: 0 s - in no.nav.foreldrepenger.ytelse.beregning.SjekkForIngenAndelerOgAndelerUtenDagsatsImplTest
[INFO] Tests run: 2, Failures: 0, Errors: 0, Skipped: 0, Time elapsed: 0 s - in no.nav.foreldrepenger.behandlingskontroll.impl.BehandlingModellEnkelTest
[INFO] Tests run: 2, Failures: 0, Errors: 0, Skipped: 0, Time elapsed: 0 s - in no.nav.foreldrepenger.behandlingslager.behandling.AdopsjonTest
[INFO] Tests run: 2, Failures: 0, Errors: 0, Skipped: 0, Time elapsed: 0 s - in no.nav.foreldrepenger.behandlingslager.behandling.familiehendelse.FamilieHendelseEntitetTest
[INFO] Tests run: 2, Failures: 0, Errors: 0, Skipped: 0, Time elapsed: 0 s - in no.nav.foreldrepenger.behandlingslager.behandling.vilkår.VilkårTypeTest
[INFO] Tests run: 2, Failures: 0, Errors: 0, Skipped: 0, Time elapsed: 0 s - in no.nav.foreldrepenger.domene.iay.modell.AktivitetsAvtaleTest
[INFO] Tests run: 2, Failures: 0, Errors: 0, Skipped: 0, Time elapsed: 0 s - in no.nav.foreldrepenger.domene.personopplysning.SivilstandEndringIdentifisererTest
[INFO] Tests run: 2, Failures: 0, Errors: 0, Skipped: 0, Time elapsed: 0 s - in no.nav.foreldrepenger.domene.tid.DatoIntervallEntitetTest
[INFO] Tests run: 2, Failures: 0, Errors: 0, Skipped: 0, Time elapsed: 0 s - in no.nav.foreldrepenger.domene.uttak.PerioderUtenHelgUtilTest
[INFO] Tests run: 2, Failures: 0, Errors: 0, Skipped: 0, Time elapsed: 0 s - in no.nav.foreldrepenger.web.app.tjenester.fagsak.dto.SokefeltDtoTest
[INFO] Tests run: 2, Failures: 0, Errors: 0, Skipped: 0, Time elapsed: 0 s - in no.nav.foreldrepenger.web.app.tjenester.integrasjonstatus.IntegrasjonstatusTjenesteTest
[INFO] Tests run: 2, Failures: 0, Errors: 0, Skipped: 0, Time elapsed: 0 s - in no.nav.foreldrepenger.ytelse.beregning.MapBeregningsresultatFeriepengerFraRegelTilVLTest
[INFO] Tests run: 2, Failures: 0, Errors: 0, Skipped: 0, Time elapsed: 0 s - in no.nav.foreldrepenger.ytelse.beregning.tilbaketrekk.KopierFeriepengerTest
[INFO] Tests run: 2, Failures: 0, Errors: 0, Skipped: 0, Time elapsed: 0 s - in no.nav.foreldrepenger.ytelse.beregning.tilbaketrekk.OmfordelRevurderingsandelerSomHarFåttRefTest
[INFO] Tests run: 2, Failures: 0, Errors: 0, Skipped: 0, Time elapsed: 0 s - in no.nav.foreldrepenger.økonomi.økonomistøtte.ØkonomistøtteUtilsTest
[INFO] Tests run: 3, Failures: 0, Errors: 0, Skipped: 0, Time elapsed: 0 s - in no.nav.foreldrepenger.behandlingslager.domene.typer.PersonIdentTest
[INFO] Tests run: 3, Failures: 0, Errors: 0, Skipped: 0, Time elapsed: 0 s - in no.nav.foreldrepenger.domene.arbeidsforhold.aksjonspunkt.UtledKoderForHistorikkinnslagdelerForNyttEllerErstattetArbeidsforholdTest
[INFO] Tests run: 3, Failures: 0, Errors: 0, Skipped: 0, Time elapsed: 0 s - in no.nav.foreldrepenger.domene.arbeidsforhold.aksjonspunkt.UtledKoderForHistorikkinnslagdelerForPermisjonTest
[INFO] Tests run: 3, Failures: 0, Errors: 0, Skipped: 0, Time elapsed: 0 s - in no.nav.foreldrepenger.domene.medlem.identifiserer.MedlemEndringIdentifisererTest
[INFO] Tests run: 3, Failures: 0, Errors: 0, Skipped: 0, Time elapsed: 0 s - in no.nav.foreldrepenger.domene.medlem.impl.MedlemEndringssjekkerEngangsstønadTest
[INFO] Tests run: 3, Failures: 0, Errors: 0, Skipped: 0, Time elapsed: 0 s - in no.nav.foreldrepenger.domene.uttak.fastsetteperioder.validering.HarSattUtbetalingsgradValideringTest
[INFO] Tests run: 3, Failures: 0, Errors: 0, Skipped: 0, Time elapsed: 0 s - in no.nav.foreldrepenger.familiehendelse.aksjonspunkt.BekreftTerminbekreftelseValidatorTest
[INFO] Tests run: 3, Failures: 0, Errors: 0, Skipped: 0, Time elapsed: 0 s - in no.nav.foreldrepenger.mottak.MottattDokumentSortererTest
[INFO] Tests run: 3, Failures: 0, Errors: 0, Skipped: 0, Time elapsed: 0 s - in no.nav.foreldrepenger.web.app.konfig.RestApiAbacTest
[INFO] Tests run: 3, Failures: 0, Errors: 0, Skipped: 0, Time elapsed: 0 s - in no.nav.foreldrepenger.web.app.tjenester.behandling.uttak.aksjonspunkt.UttakPerioderMapperTest
[INFO] Tests run: 3, Failures: 0, Errors: 0, Skipped: 0, Time elapsed: 0 s - in no.nav.foreldrepenger.ytelse.beregning.tilbaketrekk.MapBRAndelSammenligningTidslinjeTest
[INFO] Tests run: 3, Failures: 0, Errors: 0, Skipped: 0, Time elapsed: 0 s - in no.nav.foreldrepenger.økonomi.økonomistøtte.FastsettOppdragskontrollTest
[INFO] Tests run: 3, Failures: 0, Errors: 0, Skipped: 0, Time elapsed: 0 s - in no.nav.foreldrepenger.økonomi.økonomistøtte.dagytelse.opphør.OpphørUtilTest
[INFO] Tests run: 4, Failures: 0, Errors: 0, Skipped: 0, Time elapsed: 0 s - in no.nav.foreldrepenger.behandlingslager.behandling.aksjonspunkt.BehandlingPåVentTest
[INFO] Tests run: 4, Failures: 0, Errors: 0, Skipped: 0, Time elapsed: 0 s - in no.nav.foreldrepenger.behandlingslager.økonomioppdrag.InntektskategoriKlassekodeMapperTest
[INFO] Tests run: 4, Failures: 0, Errors: 0, Skipped: 0, Time elapsed: 0 s - in no.nav.foreldrepenger.behandlingsprosess.dagligejobber.gjenopptak.AutomatiskGjenopptagelseBatchTjenesteTest
[INFO] Tests run: 4, Failures: 0, Errors: 0, Skipped: 0, Time elapsed: 0 s - in no.nav.foreldrepenger.behandlingsprosess.dagligejobber.gjenopptak.AutomatiskRegisterOppdateringBatchTjenesteTest
[INFO] Tests run: 4, Failures: 0, Errors: 0, Skipped: 0, Time elapsed: 0 s - in no.nav.foreldrepenger.domene.arbeidsforhold.aksjonspunkt.UtledBekreftetPermisjonStatusTest
[INFO] Tests run: 4, Failures: 0, Errors: 0, Skipped: 0, Time elapsed: 0 s - in no.nav.foreldrepenger.domene.arbeidsforhold.aksjonspunkt.UtledBekreftetPermisjonTest
[INFO] Tests run: 4, Failures: 0, Errors: 0, Skipped: 0, Time elapsed: 0 s - in no.nav.foreldrepenger.domene.opptjening.aksjonspunkt.AvklarAktivitetsPerioderOppdatererTest
[INFO] Tests run: 4, Failures: 0, Errors: 0, Skipped: 0, Time elapsed: 0 s - in no.nav.foreldrepenger.domene.uttak.fastsetteperioder.grunnlagbyggere.AdopsjonGrunnlagByggerTest
[INFO] Tests run: 4, Failures: 0, Errors: 0, Skipped: 0, Time elapsed: 0 s - in no.nav.foreldrepenger.skjæringstidspunkt.es.RegisterinnhentingElastisiTest
[INFO] Tests run: 4, Failures: 0, Errors: 0, Skipped: 0, Time elapsed: 0 s - in no.nav.foreldrepenger.web.app.tjenester.registrering.es.SøknadMapperTest
[INFO] Tests run: 4, Failures: 0, Errors: 0, Skipped: 0, Time elapsed: 0 s - in no.nav.foreldrepenger.ytelse.beregning.svp.MapUttakResultatFraVLTilRegelTest
[INFO] Tests run: 4, Failures: 0, Errors: 0, Skipped: 0, Time elapsed: 0 s - in no.nav.foreldrepenger.økonomi.økonomistøtte.es.AlleMottakereHarPositivKvitteringTest
[INFO] Tests run: 5, Failures: 0, Errors: 0, Skipped: 0, Time elapsed: 0 s - in no.nav.foreldrepenger.behandling.steg.beregningsgrunnlag.fp.VurderDekningsgradVedDødsfallAksjonspunktUtlederTest
[INFO] Tests run: 5, Failures: 0, Errors: 0, Skipped: 0, Time elapsed: 0 s - in no.nav.foreldrepenger.behandling.steg.simulering.SimulerOppdragAksjonspunktUtlederTest
[INFO] Tests run: 5, Failures: 0, Errors: 0, Skipped: 0, Time elapsed: 0 s - in no.nav.foreldrepenger.domene.arbeidsforhold.aksjonspunkt.ArbeidsgiverHistorikkinnslagTjenesteImplTest
[INFO] Tests run: 5, Failures: 0, Errors: 0, Skipped: 0, Time elapsed: 0 s - in no.nav.foreldrepenger.domene.arbeidsforhold.impl.UtledStillingsprosentTest
[INFO] Tests run: 5, Failures: 0, Errors: 0, Skipped: 0, Time elapsed: 0 s - in no.nav.foreldrepenger.domene.iay.modell.InntektsmeldingAggregatEntitetTest
[INFO] Tests run: 5, Failures: 0, Errors: 0, Skipped: 0, Time elapsed: 0 s - in no.nav.foreldrepenger.domene.personopplysning.PersonstatusEndringIdentifisererTest
[INFO] Tests run: 5, Failures: 0, Errors: 0, Skipped: 0, Time elapsed: 0 s - in no.nav.foreldrepenger.familiehendelse.dødsfall.Forelder2ErDødEndringIdentifisererTest
[INFO] Tests run: 5, Failures: 0, Errors: 0, Skipped: 0, Time elapsed: 0 s - in no.nav.foreldrepenger.familiehendelse.dødsfall.MorErDødEndringIdentifisererTest
[INFO] Tests run: 5, Failures: 0, Errors: 0, Skipped: 0, Time elapsed: 0 s - in no.nav.foreldrepenger.web.app.tjenester.behandling.uttak.app.AvklarFaktaUttakValidatorTest
[INFO] Tests run: 5, Failures: 0, Errors: 0, Skipped: 0, Time elapsed: 0 s - in no.nav.foreldrepenger.web.app.tjenester.registrering.svp.ManuellRegistreringSvangerskapspengerValidatorTest
[INFO] Tests run: 5, Failures: 0, Errors: 0, Skipped: 0, Time elapsed: 0 s - in no.nav.foreldrepenger.ytelse.beregning.tilbaketrekk.FinnAlleredeUtbetaltTomTest
[INFO] Tests run: 5, Failures: 0, Errors: 0, Skipped: 0, Time elapsed: 0 s - in no.nav.foreldrepenger.økonomi.behandlingslager.økonomioppdrag.Attestant180EntityTest
[INFO] Tests run: 5, Failures: 0, Errors: 0, Skipped: 0, Time elapsed: 0 s - in no.nav.foreldrepenger.økonomi.behandlingslager.økonomioppdrag.OppdragKvitteringEntityTest
[INFO] Tests run: 5, Failures: 0, Errors: 0, Skipped: 0, Time elapsed: 0 s - in no.nav.foreldrepenger.økonomi.økonomistøtte.OppdragKvitteringTjenesteTest
[INFO] Tests run: 6, Failures: 0, Errors: 0, Skipped: 0, Time elapsed: 0 s - in no.nav.foreldrepenger.behandling.fp.UtledVedtakResultatTypeTest
[INFO] Tests run: 6, Failures: 0, Errors: 0, Skipped: 0, Time elapsed: 0 s - in no.nav.foreldrepenger.domene.arbeidsforhold.aksjonspunkt.UtledKoderForHistorikkinnslagdelerForArbeidsforholdUtenInnteksmeldingTest
[INFO] Tests run: 6, Failures: 0, Errors: 0, Skipped: 0, Time elapsed: 0 s - in no.nav.foreldrepenger.domene.arbeidsforhold.aksjonspunkt.UtledOmHistorikkinnslagForInntektsmeldingErNødvendigTest
[INFO] Tests run: 6, Failures: 0, Errors: 0, Skipped: 0, Time elapsed: 0 s - in no.nav.foreldrepenger.domene.iay.modell.YrkesaktivitetEntitetTest
[INFO] Tests run: 6, Failures: 0, Errors: 0, Skipped: 0, Time elapsed: 0 s - in no.nav.foreldrepenger.domene.opptjening.dto.MergeOverlappendePeriodeHjelpTest
[INFO] Tests run: 6, Failures: 0, Errors: 0, Skipped: 0, Time elapsed: 0 s - in no.nav.foreldrepenger.domene.uttak.fastsettuttaksgrunnlag.fp.PeriodeSplitterMotVenstreTest
[INFO] Tests run: 6, Failures: 0, Errors: 0, Skipped: 0, Time elapsed: 0 s - in no.nav.foreldrepenger.domene.uttak.kontroller.fakta.uttakperioder.UttakPeriodeEditDistanceTest
[INFO] Tests run: 6, Failures: 0, Errors: 0, Skipped: 0, Time elapsed: 0 s - in no.nav.foreldrepenger.ytelse.beregning.tilbaketrekk.MapAndelerSortertPåNøkkelTest
[INFO] Tests run: 6, Failures: 0, Errors: 0, Skipped: 0, Time elapsed: 0 s - in no.nav.foreldrepenger.økonomi.behandlingslager.økonomioppdrag.OppdragskontrollEntityTest
[INFO] Tests run: 7, Failures: 0, Errors: 0, Skipped: 0, Time elapsed: 0 s - in no.nav.foreldrepenger.behandlingslager.behandling.vedtak.VedtakEntityTest
[INFO] Tests run: 7, Failures: 0, Errors: 0, Skipped: 0, Time elapsed: 0 s - in no.nav.foreldrepenger.domene.arbeidsforhold.rest.BehandlingRelaterteYtelserMapperTest
[INFO] Tests run: 7, Failures: 0, Errors: 0, Skipped: 0, Time elapsed: 0 s - in no.nav.foreldrepenger.domene.vedtak.repo.LagretVedtakEntityTest
[INFO] Tests run: 7, Failures: 0, Errors: 0, Skipped: 0, Time elapsed: 0 s - in no.nav.foreldrepenger.økonomi.behandlingslager.økonomioppdrag.Avstemming115EntityTest
[INFO] Tests run: 7, Failures: 0, Errors: 0, Skipped: 0, Time elapsed: 0 s - in no.nav.foreldrepenger.økonomi.behandlingslager.økonomioppdrag.Oppdragslinje150EntityTest
[INFO] Tests run: 8, Failures: 0, Errors: 0, Skipped: 0, Time elapsed: 0 s - in no.nav.foreldrepenger.inngangsvilkaar.impl.ErInntektNærSkjæringstidspunktTest
[INFO] Tests run: 9, Failures: 0, Errors: 0, Skipped: 0, Time elapsed: 0 s - in no.nav.foreldrepenger.domene.arbeidsforhold.impl.UtledPermisjonSomFørerTilAksjonspunktTest
[INFO] Tests run: 1, Failures: 0, Errors: 0, Skipped: 0, Time elapsed: 0.001 s - in no.nav.foreldrepenger.domene.iay.modell.ArbeidsforholdInformasjonEntitetTest
[INFO] Tests run: 1, Failures: 0, Errors: 0, Skipped: 0, Time elapsed: 0.001 s - in no.nav.foreldrepenger.familiehendelse.rest.PeriodeKonverterTest
[INFO] Tests run: 1, Failures: 0, Errors: 0, Skipped: 0, Time elapsed: 0.001 s - in no.nav.foreldrepenger.inngangsvilkaar.søknad.SøknadsfristVilkårDocTest
[INFO] Tests run: 1, Failures: 0, Errors: 0, Skipped: 0, Time elapsed: 0.001 s - in no.nav.foreldrepenger.web.app.tjenester.fagsak.dto.SaksnummerDtoTest
[INFO] Tests run: 1, Failures: 0, Errors: 0, Skipped: 0, Time elapsed: 0.001 s - in no.nav.foreldrepenger.web.app.tjenester.historikk.HistorikkRestTjenesteTest
[INFO] Tests run: 1, Failures: 0, Errors: 0, Skipped: 0, Time elapsed: 0.001 s - in no.nav.foreldrepenger.ytelse.beregning.svp.RegelFastsettBeregningsresultatTest
[INFO] Tests run: 1, Failures: 0, Errors: 0, Skipped: 0, Time elapsed: 0.001 s - in no.nav.foreldrepenger.økonomi.tilkjentytelse.es.MapperForTilkjentYtelseTest
[INFO] Tests run: 15, Failures: 0, Errors: 0, Skipped: 0, Time elapsed: 0.001 s - in no.nav.foreldrepenger.økonomi.økonomistøtte.dagytelse.fp.AlleMottakereHarPositivKvitteringTest
[INFO] Tests run: 2, Failures: 0, Errors: 0, Skipped: 0, Time elapsed: 0.001 s - in no.nav.foreldrepenger.batch.EmptyBatchArgumentsTest
[INFO] Tests run: 2, Failures: 0, Errors: 0, Skipped: 0, Time elapsed: 0.001 s - in no.nav.foreldrepenger.domene.arbeidsforhold.impl.UtledStillingsprosentFraYrkesaktivitetMedOppstartsdatoNærmestStpTest
[INFO] Tests run: 2, Failures: 0, Errors: 0, Skipped: 0, Time elapsed: 0.001 s - in no.nav.foreldrepenger.domene.registerinnhenting.svp.StartpunktTjenesteImplTest
[INFO] Tests run: 2, Failures: 0, Errors: 0, Skipped: 0, Time elapsed: 0.001 s - in no.nav.foreldrepenger.domene.uttak.KodeMapperTest
[INFO] Tests run: 2, Failures: 0, Errors: 0, Skipped: 0, Time elapsed: 0.001 s - in no.nav.foreldrepenger.web.app.tjenester.historikk.dto.HistorikkinnslagDtoTest
[INFO] Tests run: 3, Failures: 0, Errors: 0, Skipped: 0, Time elapsed: 0.001 s - in no.nav.foreldrepenger.domene.MÅ_LIGGE_HOS_FPSAK.testutilities.behandling.beregningsgrunnlag.BeregningsgrunnlagGrunnlagTest
[INFO] Tests run: 3, Failures: 0, Errors: 0, Skipped: 0, Time elapsed: 0.001 s - in no.nav.foreldrepenger.domene.uttak.fastsetteperioder.FastsettePerioderRevurderingUtilTest
[INFO] Tests run: 3, Failures: 0, Errors: 0, Skipped: 0, Time elapsed: 0.001 s - in no.nav.foreldrepenger.domene.uttak.fastsetteperioder.validering.PerioderHarFastsattResultatValideringTest
[INFO] Tests run: 3, Failures: 0, Errors: 0, Skipped: 0, Time elapsed: 0.001 s - in no.nav.foreldrepenger.web.app.tjenester.behandling.tilbakekreving.TilbakekrevingRestTjenesteTest
[INFO] Tests run: 3, Failures: 0, Errors: 0, Skipped: 0, Time elapsed: 0.001 s - in no.nav.foreldrepenger.ytelse.beregning.tilbaketrekk.OmfordelRevurderingsandelerMedReferanserTest
[INFO] Tests run: 38, Failures: 0, Errors: 0, Skipped: 0, Time elapsed: 0.001 s - in no.nav.foreldrepenger.ytelse.beregning.tilbaketrekk.KanRedusertBeløpTilBrukerDekkesAvNyRefusjonTest
[INFO] Tests run: 4, Failures: 0, Errors: 0, Skipped: 0, Time elapsed: 0.001 s - in no.nav.foreldrepenger.behandling.es.UtledVedtakResultatTypeTest
[INFO] Tests run: 4, Failures: 0, Errors: 0, Skipped: 0, Time elapsed: 0.001 s - in no.nav.foreldrepenger.behandling.steg.varselrevurdering.es.VarselRevurderingStegImplTest
[INFO] Tests run: 5, Failures: 0, Errors: 0, Skipped: 0, Time elapsed: 0.001 s - in no.nav.foreldrepenger.domene.arbeidsforhold.impl.UtledBrukAvPermisjonForWrapperTest
[INFO] Tests run: 5, Failures: 0, Errors: 0, Skipped: 0, Time elapsed: 0.001 s - in no.nav.foreldrepenger.domene.uttak.fastsetteperioder.validering.EndringerHarBegrunnelseValideringTest
[INFO] Tests run: 5, Failures: 0, Errors: 0, Skipped: 0, Time elapsed: 0.001 s - in no.nav.foreldrepenger.domene.uttak.fastsettuttaksgrunnlag.fp.OppgittPeriodeUtilTest
[INFO] Tests run: 5, Failures: 0, Errors: 0, Skipped: 0, Time elapsed: 0.001 s - in no.nav.foreldrepenger.økonomi.økonomistøtte.dagytelse.fp.FinnOppdragslinje150FomSisteOpphørTest
[INFO] Tests run: 6, Failures: 0, Errors: 0, Skipped: 0, Time elapsed: 0.001 s - in no.nav.foreldrepenger.domene.iay.modell.OpptjeningsnøkkelTest
[INFO] Tests run: 6, Failures: 0, Errors: 0, Skipped: 0, Time elapsed: 0.001 s - in no.nav.foreldrepenger.domene.uttak.fastsettuttaksgrunnlag.fp.PeriodeSplitterMotHøyreTest
[INFO] Tests run: 6, Failures: 0, Errors: 0, Skipped: 0, Time elapsed: 0.001 s - in no.nav.foreldrepenger.familiehendelse.dødsfall.BarnetsDødsdatoEndringIdentifisererTest
[INFO] Tests run: 6, Failures: 0, Errors: 0, Skipped: 0, Time elapsed: 0.001 s - in no.nav.foreldrepenger.familiehendelse.dødsfall.ForelderErDødEndringIdentifisererTest
[INFO] Tests run: 6, Failures: 0, Errors: 0, Skipped: 0, Time elapsed: 0.001 s - in no.nav.foreldrepenger.ytelse.beregning.tilbaketrekk.TilbaketrekkVedTilkommetArbeidsforholdTjenesteTest
[INFO] Tests run: 7, Failures: 0, Errors: 0, Skipped: 0, Time elapsed: 0.001 s - in no.nav.foreldrepenger.domene.arbeidsforhold.svp.FinnAktivitetsavtalerForUtbetalingsgradTest
[INFO] Tests run: 7, Failures: 0, Errors: 0, Skipped: 0, Time elapsed: 0.001 s - in no.nav.foreldrepenger.domene.personopplysning.PersonAdresseEndringIdentifisererTest
[INFO] Tests run: 7, Failures: 0, Errors: 0, Skipped: 0, Time elapsed: 0.001 s - in no.nav.foreldrepenger.domene.uttak.fastsetteperioder.validering.BareSplittetPerioderValideringTest
[INFO] Tests run: 7, Failures: 0, Errors: 0, Skipped: 0, Time elapsed: 0.001 s - in no.nav.foreldrepenger.tilganger.TilgangerTjenesteTest
[INFO] Tests run: 7, Failures: 0, Errors: 0, Skipped: 0, Time elapsed: 0.001 s - in no.nav.foreldrepenger.økonomi.behandlingslager.økonomioppdrag.Oppdragsenhet120EntityTest
[INFO] Tests run: 9, Failures: 0, Errors: 0, Skipped: 0, Time elapsed: 0.001 s - in no.nav.foreldrepenger.ytelse.beregning.tilbaketrekk.VurderBehovForÅHindreTilbaketrekkTest
[WARNING] Tests run: 1, Failures: 0, Errors: 0, Skipped: 1, Time elapsed: 0.001 s - in no.nav.foreldrepenger.behandling.steg.inngangsvilkår.auto.InngangsvilkårAutoTest
[INFO] Tests run: 1, Failures: 0, Errors: 0, Skipped: 0, Time elapsed: 0.002 s - in no.nav.foreldrepenger.behandling.steg.foreslåvedtak.ForeslåVedtakStegImplTest
[INFO] Tests run: 1, Failures: 0, Errors: 0, Skipped: 0, Time elapsed: 0.002 s - in no.nav.foreldrepenger.datavarehus.domene.BehandlingStegDvhEntityTest
[INFO] Tests run: 1, Failures: 0, Errors: 0, Skipped: 0, Time elapsed: 0.002 s - in no.nav.foreldrepenger.datavarehus.tjeneste.BehandlingVedtakDvhMapperTest
[INFO] Tests run: 1, Failures: 0, Errors: 0, Skipped: 0, Time elapsed: 0.002 s - in no.nav.foreldrepenger.datavarehus.tjeneste.FagsakDvhMapperTest
[INFO] Tests run: 1, Failures: 0, Errors: 0, Skipped: 0, Time elapsed: 0.002 s - in no.nav.foreldrepenger.historikk.HistorikkInnslagTekstBuilderTest
[INFO] Tests run: 1, Failures: 0, Errors: 0, Skipped: 0, Time elapsed: 0.002 s - in no.nav.foreldrepenger.web.app.tjenester.behandling.søknad.BekreftSøkersOpplysningspliktManuellOppdatererTest
[INFO] Tests run: 1, Failures: 0, Errors: 0, Skipped: 0, Time elapsed: 0.002 s - in no.nav.foreldrepenger.web.app.tjenester.behandling.søknad.SøknadsfristVilkårOppdatererTest
[INFO] Tests run: 1, Failures: 0, Errors: 0, Skipped: 0, Time elapsed: 0.002 s - in no.nav.foreldrepenger.ytelse.beregning.regler.RegelFastsettBeregningsresultatDocTest
[INFO] Tests run: 2, Failures: 0, Errors: 0, Skipped: 0, Time elapsed: 0.002 s - in no.nav.foreldrepenger.behandlingskontroll.FagsakYtelseTypeRefTest
[INFO] Tests run: 2, Failures: 0, Errors: 0, Skipped: 0, Time elapsed: 0.002 s - in no.nav.foreldrepenger.domene.arbeidsforhold.impl.UtledOppstartsdatoNærmestStpFraRelevanteYrkesaktiviteterTest
[INFO] Tests run: 3, Failures: 0, Errors: 0, Skipped: 0, Time elapsed: 0.002 s - in no.nav.foreldrepenger.behandling.revurdering.etterkontroll.batch.AutomatiskEtterkontrollBatchTjenesteTest
[INFO] Tests run: 3, Failures: 0, Errors: 0, Skipped: 0, Time elapsed: 0.002 s - in no.nav.foreldrepenger.dokumentbestiller.forlengelsesbrev.batch.SendForlengelsesbrevBatchTjenesteTest
[INFO] Tests run: 4, Failures: 0, Errors: 0, Skipped: 0, Time elapsed: 0.002 s - in no.nav.foreldrepenger.ytelse.beregning.FinnEndringsdatoMellomPeriodeListerImplTest
[INFO] Tests run: 5, Failures: 0, Errors: 0, Skipped: 0, Time elapsed: 0.002 s - in no.nav.foreldrepenger.økonomi.simulering.tjeneste.SimuleringIntegrasjonTjenesteTest
[INFO] Tests run: 1, Failures: 0, Errors: 0, Skipped: 0, Time elapsed: 0.003 s - in no.nav.foreldrepenger.domene.risikoklassifisering.task.RisikoklassifiseringUtførTaskTest
[INFO] Tests run: 1, Failures: 0, Errors: 0, Skipped: 0, Time elapsed: 0.003 s - in no.nav.foreldrepenger.web.app.tjenester.behandling.uttak.app.UttakPeriodegrenseDtoTjenesteTest
[INFO] Tests run: 11, Failures: 0, Errors: 0, Skipped: 0, Time elapsed: 0.003 s - in no.nav.foreldrepenger.domene.opptjening.aksjonspunkt.MapAnsettelsesPeriodeOgPermisjonTest
[INFO] Tests run: 2, Failures: 0, Errors: 0, Skipped: 0, Time elapsed: 0.003 s - in no.nav.foreldrepenger.behandlingslager.behandling.personopplysning.PersonInformasjonBuilderTest
[INFO] Tests run: 2, Failures: 0, Errors: 0, Skipped: 0, Time elapsed: 0.003 s - in no.nav.foreldrepenger.behandlingslager.behandling.vilkår.VilkårKodeverkRepositoryImplTest
[INFO] Tests run: 2, Failures: 0, Errors: 0, Skipped: 0, Time elapsed: 0.003 s - in no.nav.foreldrepenger.web.app.tjenester.brev.BrevRestTjenesteTest
[INFO] Tests run: 3, Failures: 0, Errors: 0, Skipped: 0, Time elapsed: 0.003 s - in no.nav.foreldrepenger.web.app.tjenester.historikk.dto.HistorikkInnslagKonverterTest
[INFO] Tests run: 4, Failures: 0, Errors: 0, Skipped: 0, Time elapsed: 0.003 s - in no.nav.foreldrepenger.domene.uttak.fastsetteperioder.validering.EndringerBareEtterEndringsdatoValideringTest
[INFO] Tests run: 4, Failures: 0, Errors: 0, Skipped: 0, Time elapsed: 0.003 s - in no.nav.foreldrepenger.web.app.tjenester.vedtak.VedtakJsonFeedRestTjenesteTest
[INFO] Tests run: 42, Failures: 0, Errors: 0, Skipped: 0, Time elapsed: 0.003 s - in no.nav.foreldrepenger.ytelse.beregning.tilbaketrekk.FinnEndringerIUtbetaltYtelseTest
[INFO] Tests run: 9, Failures: 0, Errors: 0, Skipped: 0, Time elapsed: 0.003 s - in no.nav.foreldrepenger.domene.uttak.kontroller.fakta.wagnerfisher.WagnerFisherTest
[INFO] Tests run: 1, Failures: 0, Errors: 0, Skipped: 0, Time elapsed: 0.004 s - in no.nav.foreldrepenger.skjæringstidspunkt.svp.SkjæringstidspunktTjenesteImplTest
[INFO] Tests run: 15, Failures: 0, Errors: 0, Skipped: 0, Time elapsed: 0.004 s - in no.nav.foreldrepenger.domene.MÅ_LIGGE_HOS_FPSAK.BeregningsgrunnlagDiffSjekkerTest
[INFO] Tests run: 16, Failures: 0, Errors: 0, Skipped: 0, Time elapsed: 0.004 s - in no.nav.foreldrepenger.web.app.tjenester.registrering.ManuellRegistreringFellesValidatorTest
[INFO] Tests run: 4, Failures: 0, Errors: 0, Skipped: 0, Time elapsed: 0.004 s - in no.nav.foreldrepenger.mottak.dokumentmottak.api.SaksbehandlingDokumentmottakTjenesteTest
[INFO] Tests run: 6, Failures: 0, Errors: 0, Skipped: 0, Time elapsed: 0.004 s - in no.nav.foreldrepenger.domene.personopplysning.StatsborgerskapEndringIdentifisererTest
[INFO] Tests run: 9, Failures: 0, Errors: 0, Skipped: 0, Time elapsed: 0.004 s - in no.nav.foreldrepenger.domene.personopplysning.PersonopplysningGrunnlagDiffTest
[INFO] Tests run: 1, Failures: 0, Errors: 0, Skipped: 0, Time elapsed: 0.005 s - in no.nav.foreldrepenger.produksjonsstyring.oppgavebehandling.OpprettOppgaveForBehandlingSendtTilbakeTaskTest
[INFO] Tests run: 1, Failures: 0, Errors: 0, Skipped: 0, Time elapsed: 0.005 s - in no.nav.foreldrepenger.produksjonsstyring.oppgavebehandling.OpprettOppgaveVurderDokumentTaskTest
[INFO] Tests run: 1, Failures: 0, Errors: 0, Skipped: 0, Time elapsed: 0.005 s - in no.nav.foreldrepenger.web.app.konfig.RestApiInputValideringAnnoteringTest
[INFO] Tests run: 11, Failures: 0, Errors: 0, Skipped: 0, Time elapsed: 0.005 s - in no.nav.foreldrepenger.behandling.revurdering.FagsakRevurderingTest
[INFO] Tests run: 13, Failures: 0, Errors: 0, Skipped: 0, Time elapsed: 0.005 s - in no.nav.foreldrepenger.behandlingslager.behandling.beregning.BeregningsresultatAndelTest
[INFO] Tests run: 2, Failures: 0, Errors: 0, Skipped: 0, Time elapsed: 0.006 s - in no.nav.foreldrepenger.behandling.steg.avklarfakta.AksjonspunktUtlederForTilleggsopplysningerTest
[INFO] Tests run: 2, Failures: 0, Errors: 0, Skipped: 0, Time elapsed: 0.006 s - in no.nav.foreldrepenger.behandlingslager.uttak.fp.UttakResultatPerioderEntitetTest
[INFO] Tests run: 2, Failures: 0, Errors: 0, Skipped: 0, Time elapsed: 0.006 s - in no.nav.foreldrepenger.familiehendelse.kontrollerfakta.adopsjon.AksjonspunktUtlederForEngangsstønadAdopsjonTest
[INFO] Tests run: 4, Failures: 0, Errors: 0, Skipped: 0, Time elapsed: 0.006 s - in no.nav.foreldrepenger.domene.arbeidsforhold.impl.LeggTilResultatTest
[INFO] Tests run: 6, Failures: 0, Errors: 0, Skipped: 0, Time elapsed: 0.006 s - in no.nav.foreldrepenger.ytelse.beregning.fp.RegelFastsettBeregningsresultatTest
[INFO] Tests run: 1, Failures: 0, Errors: 0, Skipped: 0, Time elapsed: 0.007 s - in no.nav.foreldrepenger.behandling.steg.anke.AnkeStegTest
[INFO] Tests run: 10, Failures: 0, Errors: 0, Skipped: 0, Time elapsed: 0.007 s - in no.nav.foreldrepenger.web.app.tjenester.registrering.ManuellRegistreringEndringssøknadValidatorTest
[INFO] Tests run: 2, Failures: 0, Errors: 0, Skipped: 0, Time elapsed: 0.007 s - in no.nav.foreldrepenger.datavarehus.tjeneste.CommonDvhMapperTest
[INFO] Tests run: 2, Failures: 0, Errors: 0, Skipped: 0, Time elapsed: 0.007 s - in no.nav.foreldrepenger.økonomi.økonomistøtte.dagytelse.fp.adapter.MapBehandlingVedtakTest
[INFO] Tests run: 6, Failures: 0, Errors: 0, Skipped: 0, Time elapsed: 0.007 s - in no.nav.foreldrepenger.web.app.oppgave.OppgaveRedirectTjenesteTest
[INFO] Tests run: 10, Failures: 0, Errors: 0, Skipped: 0, Time elapsed: 0.008 s - in no.nav.foreldrepenger.økonomi.økonomistøtte.ØkonomioppdragMapperTest
[INFO] Tests run: 2, Failures: 0, Errors: 0, Skipped: 0, Time elapsed: 0.008 s - in no.nav.foreldrepenger.domene.vedtak.svp.OppdaterFagsakStatusImplTest
[INFO] Tests run: 3, Failures: 0, Errors: 0, Skipped: 0, Time elapsed: 0.008 s - in no.nav.foreldrepenger.web.app.tjenester.batch.BatchRestTjenesteTest
[INFO] Tests run: 5, Failures: 0, Errors: 0, Skipped: 0, Time elapsed: 0.008 s - in no.nav.foreldrepenger.inngangsvilkaar.opptjening.svp.InngangsvilkårOpptjeningTest
[INFO] Tests run: 5, Failures: 0, Errors: 0, Skipped: 0, Time elapsed: 0.008 s - in no.nav.foreldrepenger.mottak.hendelser.impl.saksvelger.DødfødselForretningshendelseSaksvelgerTest
[INFO] Tests run: 6, Failures: 0, Errors: 0, Skipped: 0, Time elapsed: 0.008 s - in no.nav.foreldrepenger.domene.typer.BeløpTest
[INFO] Tests run: 9, Failures: 0, Errors: 0, Skipped: 0, Time elapsed: 0.008 s - in no.nav.foreldrepenger.ytelse.beregning.SjekkForEndringMellomPerioderImplTest
[INFO] Tests run: 1, Failures: 0, Errors: 0, Skipped: 0, Time elapsed: 0.009 s - in no.nav.foreldrepenger.domene.abakus.IAYRequestCacheTest
[INFO] Tests run: 2, Failures: 0, Errors: 0, Skipped: 0, Time elapsed: 0.009 s - in no.nav.foreldrepenger.behandlingslager.aktør.BrukerTjenesteTest
[INFO] Tests run: 8, Failures: 0, Errors: 0, Skipped: 0, Time elapsed: 0.009 s - in no.nav.foreldrepenger.inngangsvilkaar.opptjening.OpptjeningsgrunnlagAdapterTest
[INFO] Tests run: 1, Failures: 0, Errors: 0, Skipped: 0, Time elapsed: 0.01 s - in no.nav.foreldrepenger.behandlingslager.aktør.NavBrukerEntityTest
[INFO] Tests run: 1, Failures: 0, Errors: 0, Skipped: 0, Time elapsed: 0.01 s - in no.nav.foreldrepenger.web.app.exceptions.JsonMappingExceptionMapperTest
[INFO] Tests run: 1, Failures: 0, Errors: 0, Skipped: 0, Time elapsed: 0.01 s - in no.nav.foreldrepenger.web.app.exceptions.RedirectExceptionMapperTest
[INFO] Tests run: 2, Failures: 0, Errors: 0, Skipped: 0, Time elapsed: 0.01 s - in no.nav.foreldrepenger.familiehendelse.aksjonspunkt.VurdereYtelseSammeBarnAnnenForelderOppdatererTest
[INFO] Tests run: 2, Failures: 0, Errors: 0, Skipped: 0, Time elapsed: 0.01 s - in no.nav.foreldrepenger.inngangsvilkaar.impl.ForeldrepengerVilkårUtlederTest
[INFO] Tests run: 22, Failures: 0, Errors: 0, Skipped: 0, Time elapsed: 0.01 s - in no.nav.foreldrepenger.web.app.tjenester.registrering.fp.ManuellRegistreringForeldrepengerValidatorTest
[INFO] Tests run: 6, Failures: 0, Errors: 0, Skipped: 0, Time elapsed: 0.01 s - in no.nav.foreldrepenger.web.app.tjenester.fagsak.app.FagsakApplikasjonTjenesteTest
[INFO] Tests run: 1, Failures: 0, Errors: 0, Skipped: 0, Time elapsed: 0.011 s - in no.nav.foreldrepenger.familiehendelse.omsorg.OmsorgsvilkårOppdatererTest
[INFO] Tests run: 7, Failures: 0, Errors: 0, Skipped: 0, Time elapsed: 0.011 s - in no.nav.foreldrepenger.økonomi.behandlingslager.økonomioppdrag.Oppdrag110EntityTest
[INFO] Tests run: 2, Failures: 0, Errors: 0, Skipped: 0, Time elapsed: 0.012 s - in no.nav.foreldrepenger.web.app.tjenester.behandling.tilbakekreving.VurderFeilutbetalingOppdatererTest
[INFO] Tests run: 3, Failures: 0, Errors: 0, Skipped: 0, Time elapsed: 0.012 s - in no.nav.foreldrepenger.ytelse.beregning.fp.MapUttakResultatFraVLTilRegelTest
[INFO] Tests run: 2, Failures: 0, Errors: 0, Skipped: 0, Time elapsed: 0.013 s - in no.nav.foreldrepenger.behandlingslager.hendelser.mottak.HendelsemottakRepositoryImplTest
[INFO] Tests run: 4, Failures: 0, Errors: 0, Skipped: 0, Time elapsed: 0.013 s - in no.nav.foreldrepenger.behandlingslager.behandling.tilrettelegging.TilretteleggingFilterTest
[INFO] Tests run: 8, Failures: 0, Errors: 0, Skipped: 0, Time elapsed: 0.013 s - in no.nav.foreldrepenger.domene.arbeidsforhold.impl.EndringIArbeidsforholdIdTest
[INFO] Tests run: 8, Failures: 0, Errors: 0, Skipped: 0, Time elapsed: 0.013 s - in no.nav.foreldrepenger.ytelse.beregning.regler.feriepenger.RegelBeregnFeriepengerTest
[INFO] Tests run: 1, Failures: 0, Errors: 0, Skipped: 0, Time elapsed: 0.014 s - in no.nav.foreldrepenger.domene.arbeidsforhold.svp.InntektsmeldingTjenesteImplTest
[INFO] Tests run: 1, Failures: 0, Errors: 0, Skipped: 0, Time elapsed: 0.014 s - in no.nav.foreldrepenger.produksjonsstyring.oppgavebehandling.OpprettOppgaveRegistrerSøknadTaskTest
[INFO] Tests run: 3, Failures: 0, Errors: 0, Skipped: 0, Time elapsed: 0.014 s - in no.nav.foreldrepenger.behandling.steg.iverksettevedtak.IverksetteInnsynVedtakStegFellesTest
[INFO] Tests run: 3, Failures: 0, Errors: 0, Skipped: 0, Time elapsed: 0.014 s - in no.nav.foreldrepenger.behandling.steg.klage.KlageNkStegTest
[INFO] Tests run: 2, Failures: 0, Errors: 0, Skipped: 0, Time elapsed: 0.015 s - in no.nav.foreldrepenger.domene.MÅ_LIGGE_HOS_FPSAK.rest.historikk.tilfeller.KunYtelseHistorikkTjenesteTest
[INFO] Tests run: 2, Failures: 0, Errors: 0, Skipped: 0, Time elapsed: 0.015 s - in no.nav.foreldrepenger.økonomi.økonomistøtte.dagytelse.oppdrag110.KodeFagområdeTjenesteProviderTest
[INFO] Tests run: 4, Failures: 0, Errors: 0, Skipped: 0, Time elapsed: 0.015 s - in no.nav.foreldrepenger.domene.risikoklassifisering.json.KontrollresultatMapperTest
[INFO] Tests run: 9, Failures: 0, Errors: 0, Skipped: 0, Time elapsed: 0.015 s - in no.nav.foreldrepenger.domene.uttak.fastsetteperioder.validering.SaldoValideringTest
[INFO] Tests run: 2, Failures: 0, Errors: 0, Skipped: 0, Time elapsed: 0.016 s - in no.nav.foreldrepenger.behandling.steg.klage.KlageNfpStegTest
[INFO] Tests run: 2, Failures: 0, Errors: 0, Skipped: 0, Time elapsed: 0.016 s - in no.nav.foreldrepenger.datavarehus.tjeneste.AksjonspunktDvhMapperTest
[INFO] Tests run: 4, Failures: 0, Errors: 0, Skipped: 0, Time elapsed: 0.016 s - in no.nav.foreldrepenger.behandling.revurdering.ytelse.svp.UttakResultatHolderImplTest
[INFO] Tests run: 8, Failures: 0, Errors: 0, Skipped: 0, Time elapsed: 0.016 s - in no.nav.foreldrepenger.domene.arbeidsforhold.impl.UtledAnsettelsesperiodeTest
[INFO] Tests run: 1, Failures: 0, Errors: 0, Skipped: 0, Time elapsed: 0.017 s - in no.nav.foreldrepenger.web.app.tjenester.registrering.ManuellRegistreringOppdatererTest
[INFO] Tests run: 6, Failures: 0, Errors: 0, Skipped: 0, Time elapsed: 0.017 s - in no.nav.foreldrepenger.domene.MÅ_LIGGE_HOS_FPSAK.rest.historikk.tilfeller.VurderRefusjonHistorikkTjenesteTest
[INFO] Tests run: 24, Failures: 0, Errors: 0, Skipped: 0, Time elapsed: 0.018 s - in no.nav.foreldrepenger.domene.arbeidsforhold.svp.UtbetalingsgradBeregnerTest
[INFO] Tests run: 9, Failures: 0, Errors: 0, Skipped: 0, Time elapsed: 0.018 s - in no.nav.foreldrepenger.behandling.revurdering.ytelse.fp.BerørtBehandlingTjenesteImplTest
[INFO] Tests run: 1, Failures: 0, Errors: 0, Skipped: 0, Time elapsed: 0.019 s - in no.nav.foreldrepenger.mottak.vurderfagsystem.impl.VurderFagsystemFellesTjenesteTest
[INFO] Tests run: 4, Failures: 0, Errors: 0, Skipped: 0, Time elapsed: 0.019 s - in no.nav.foreldrepenger.ytelse.beregning.tilbaketrekk.FinnEndringerIResultatForTilkommetArbeidsforholdTest
[INFO] Tests run: 1, Failures: 0, Errors: 0, Skipped: 0, Time elapsed: 0.02 s - in no.nav.foreldrepenger.behandlingslager.kodeverk.KodeverkRepositoryImplTest
[INFO] Tests run: 7, Failures: 0, Errors: 0, Skipped: 0, Time elapsed: 0.02 s - in no.nav.foreldrepenger.web.server.abac.PdpRequestBuilderTest
[INFO] Tests run: 1, Failures: 0, Errors: 0, Skipped: 0, Time elapsed: 0.021 s - in no.nav.foreldrepenger.behandlingslager.behandling.vedtak.OverlappVedtakRepositoryTest
[INFO] Tests run: 4, Failures: 0, Errors: 0, Skipped: 0, Time elapsed: 0.021 s - in no.nav.foreldrepenger.behandlingsprosess.hjelpemetoder.GjenopplivBehandlingerBatchTjenesteTest
[INFO] Tests run: 6, Failures: 0, Errors: 0, Skipped: 0, Time elapsed: 0.021 s - in no.nav.foreldrepenger.ytelse.beregning.tilbaketrekk.HindreTilbaketrekkNårAlleredeUtbetaltTest
[INFO] Tests run: 8, Failures: 0, Errors: 0, Skipped: 0, Time elapsed: 0.021 s - in no.nav.foreldrepenger.økonomi.økonomistøtte.dagytelse.oppdrag110.KodeFagområdeTjenesteTest
[INFO] Tests run: 9, Failures: 0, Errors: 0, Skipped: 0, Time elapsed: 0.021 s - in no.nav.foreldrepenger.web.app.tjenester.behandling.beregningsresultat.app.BeregningsresultatMedUttaksplanMapperTest
[INFO] Tests run: 1, Failures: 0, Errors: 0, Skipped: 0, Time elapsed: 0.022 s - in no.nav.foreldrepenger.behandlingslager.behandling.repository.BeregningRepositoryImplTest
[INFO] Tests run: 1, Failures: 0, Errors: 0, Skipped: 0, Time elapsed: 0.022 s - in no.nav.foreldrepenger.domene.opptjening.aksjonspunkt.AksjonspunktutlederForVurderBekreftetOpptjeningTest
[INFO] Tests run: 11, Failures: 0, Errors: 0, Skipped: 0, Time elapsed: 0.022 s - in no.nav.foreldrepenger.mottak.hendelser.impl.saksvelger.FødselForretningshendelseSaksvelgerTest
[INFO] Tests run: 17, Failures: 0, Errors: 0, Skipped: 0, Time elapsed: 0.022 s - in no.nav.foreldrepenger.ytelse.beregning.regler.FinnOverlappendeBeregningsgrunnlagOgUttaksPerioderTest
[INFO] Tests run: 2, Failures: 0, Errors: 0, Skipped: 0, Time elapsed: 0.022 s - in no.nav.foreldrepenger.behandling.steg.inngangsvilkår.SamletInngangsvilkårStegImplTest
[INFO] Tests run: 2, Failures: 0, Errors: 0, Skipped: 0, Time elapsed: 0.022 s - in no.nav.foreldrepenger.domene.vedtak.repo.LagretVedtakRepositoryTest
[INFO] Tests run: 36, Failures: 0, Errors: 0, Skipped: 0, Time elapsed: 0.022 s - in no.nav.foreldrepenger.domene.uttak.fastsettuttaksgrunnlag.fp.JusterFordelingTjenesteTest
[INFO] Tests run: 2, Failures: 0, Errors: 0, Skipped: 0, Time elapsed: 0.023 s - in no.nav.foreldrepenger.domene.person.tps.PersoninfoAdapterTest
[INFO] Tests run: 3, Failures: 0, Errors: 0, Skipped: 0, Time elapsed: 0.023 s - in no.nav.foreldrepenger.inngangsvilkaar.søknad.InngangsvilkårSøkersOpplysningspliktTest
[INFO] Tests run: 4, Failures: 0, Errors: 0, Skipped: 0, Time elapsed: 0.023 s - in no.nav.foreldrepenger.mottak.kompletthettjeneste.impl.es.KompletthetssjekkerManglendeVedleggTest
[INFO] Tests run: 11, Failures: 0, Errors: 0, Skipped: 0, Time elapsed: 0.024 s - in no.nav.foreldrepenger.mottak.vurderfagsystem.svp.VurderFagsystemTjenesteImplTest
[INFO] Tests run: 16, Failures: 0, Errors: 0, Skipped: 0, Time elapsed: 0.024 s - in no.nav.foreldrepenger.domene.uttak.kontroller.fakta.uttakperioder.SøknadsperiodeDokumentasjonKontrollererTest
[INFO] Tests run: 1, Failures: 0, Errors: 0, Skipped: 0, Time elapsed: 0.025 s - in no.nav.foreldrepenger.domene.risikoklassifisering.konsument.LesKontrollresultatTaskTest
[INFO] Tests run: 2, Failures: 0, Errors: 0, Skipped: 0, Time elapsed: 0.025 s - in no.nav.foreldrepenger.inngangsvilkaar.impl.InngangsvilkårTjenesteTest
[INFO] Tests run: 3, Failures: 0, Errors: 0, Skipped: 0, Time elapsed: 0.025 s - in no.nav.foreldrepenger.web.app.tjenester.behandling.kontroll.app.KontrollDtoTjenesteTest
[INFO] Tests run: 3, Failures: 0, Errors: 0, Skipped: 0, Time elapsed: 0.025 s - in no.nav.foreldrepenger.økonomi.grensesnittavstemming.GrensesnittavstemmingApplikasjonBatchTjenesteTest
[INFO] Tests run: 5, Failures: 0, Errors: 0, Skipped: 0, Time elapsed: 0.025 s - in no.nav.foreldrepenger.økonomi.økonomistøtte.es.OppdragskontrollManagerFactoryKontantytelseTest
[INFO] Tests run: 2, Failures: 0, Errors: 0, Skipped: 0, Time elapsed: 0.026 s - in no.nav.foreldrepenger.domene.vedtak.intern.svp.SvpFagsakRelasjonAvslutningsdatoOppdatererTest
[INFO] Tests run: 2, Failures: 0, Errors: 0, Skipped: 0, Time elapsed: 0.027 s - in no.nav.foreldrepenger.web.app.soap.sak.tjeneste.OpprettSakTjenesteImplTest
[INFO] Tests run: 2, Failures: 0, Errors: 0, Skipped: 0, Time elapsed: 0.028 s - in no.nav.foreldrepenger.behandling.steg.avklarfakta.svp.UtledNyeTilretteleggingerTjenesteTest
[INFO] Tests run: 20, Failures: 0, Errors: 0, Skipped: 0, Time elapsed: 0.028 s - in no.nav.foreldrepenger.mottak.vurderfagsystem.es.VurderFagsystemTjenesteImplTest
[INFO] Tests run: 6, Failures: 0, Errors: 0, Skipped: 0, Time elapsed: 0.028 s - in no.nav.foreldrepenger.domene.registerinnhenting.RegisterdataInnhenterTest
[INFO] Tests run: 2, Failures: 0, Errors: 0, Skipped: 0, Time elapsed: 0.029 s - in no.nav.foreldrepenger.web.app.tjenester.dokument.DokumentRestTjenesteTest
[INFO] Tests run: 7, Failures: 0, Errors: 0, Skipped: 0, Time elapsed: 0.029 s - in no.nav.foreldrepenger.domene.person.tps.TpsAdapterImplTest
[INFO] Tests run: 14, Failures: 0, Errors: 0, Skipped: 0, Time elapsed: 0.03 s - in no.nav.foreldrepenger.web.app.soap.sak.v1.OpprettSakServiceTest
[INFO] Tests run: 6, Failures: 0, Errors: 0, Skipped: 0, Time elapsed: 0.03 s - in no.nav.foreldrepenger.domene.person.tps.TpsTjenesteTest
[INFO] Tests run: 6, Failures: 0, Errors: 0, Skipped: 0, Time elapsed: 0.031 s - in no.nav.foreldrepenger.dokumentbestiller.observers.SendBrevForAutopunktEventObserverTest
[INFO] Tests run: 6, Failures: 0, Errors: 0, Skipped: 0, Time elapsed: 0.031 s - in no.nav.foreldrepenger.økonomi.økonomistøtte.dagytelse.fp.OppdragskontrollManagerFactoryTest
[INFO] Tests run: 1, Failures: 0, Errors: 0, Skipped: 0, Time elapsed: 0.032 s - in no.nav.foreldrepenger.web.app.tjenester.behandling.BehandlingDtoForBackendTjenesteTest
[INFO] Tests run: 5, Failures: 0, Errors: 0, Skipped: 0, Time elapsed: 0.033 s - in no.nav.foreldrepenger.web.app.tjenester.behandling.aksjonspunkt.AksjonspunktRestTjenesteTest
[INFO] Tests run: 12, Failures: 0, Errors: 0, Skipped: 0, Time elapsed: 0.035 s - in no.nav.foreldrepenger.mottak.vurderfagsystem.fp.VurderFagsystemTjenesteImplTest
[INFO] Tests run: 3, Failures: 0, Errors: 0, Skipped: 0, Time elapsed: 0.035 s - in no.nav.foreldrepenger.domene.opptjening.aksjonspunkt.BekreftOpptjeningPeriodeAksjonspunktTest
[INFO] Tests run: 3, Failures: 0, Errors: 0, Skipped: 0, Time elapsed: 0.035 s - in no.nav.foreldrepenger.jsonfeed.VedtakFattetTjenesteTest
[INFO] Tests run: 1, Failures: 0, Errors: 0, Skipped: 0, Time elapsed: 0.036 s - in no.nav.foreldrepenger.domene.uttak.kontroller.fakta.uttakperioder.GraderingAktivitetUtenBGAksjonspunktUtlederTest
[INFO] Tests run: 2, Failures: 0, Errors: 0, Skipped: 0, Time elapsed: 0.036 s - in no.nav.foreldrepenger.dokumentbestiller.DokumentBestillerApplikasjonTjenesteTest
[INFO] Tests run: 23, Failures: 0, Errors: 0, Skipped: 0, Time elapsed: 0.036 s - in no.nav.foreldrepenger.domene.uttak.fastsettuttaksgrunnlag.fp.VedtaksperioderHelperTest
[INFO] Tests run: 1, Failures: 0, Errors: 0, Skipped: 0, Time elapsed: 0.037 s - in no.nav.foreldrepenger.batch.BatchTjenesteTest
[INFO] Tests run: 4, Failures: 0, Errors: 0, Skipped: 0, Time elapsed: 0.037 s - in no.nav.foreldrepenger.økonomi.simulering.tjeneste.SimulerInntrekkSjekkeTjenesteTest
[INFO] Tests run: 1, Failures: 0, Errors: 0, Skipped: 0, Time elapsed: 0.038 s - in no.nav.foreldrepenger.behandlingslager.behandling.BehandlingLåsTest
[INFO] Tests run: 2, Failures: 0, Errors: 0, Skipped: 0, Time elapsed: 0.039 s - in no.nav.foreldrepenger.behandlingslager.behandling.BehandlingsresultatTest
[INFO] Tests run: 8, Failures: 0, Errors: 0, Skipped: 0, Time elapsed: 0.039 s - in no.nav.foreldrepenger.mottak.kompletthettjeneste.impl.es.KompletthetssjekkerSøknadKomplettTest
[INFO] Tests run: 3, Failures: 0, Errors: 0, Skipped: 0, Time elapsed: 0.04 s - in no.nav.foreldrepenger.domene.vedtak.task.VurderOgSendØkonomiOppdragTaskTest
[INFO] Tests run: 5, Failures: 0, Errors: 0, Skipped: 0, Time elapsed: 0.04 s - in no.nav.foreldrepenger.behandling.steg.beregnytelse.es.BarnFinnerTest
[INFO] Tests run: 1, Failures: 0, Errors: 0, Skipped: 0, Time elapsed: 0.041 s - in no.nav.foreldrepenger.domene.uttak.fastsetteperioder.FastsettePerioderRegelResultatKonvertererTest
[INFO] Tests run: 2, Failures: 0, Errors: 0, Skipped: 0, Time elapsed: 0.042 s - in no.nav.foreldrepenger.dokumentbestiller.forlengelsesbrev.task.SendForlengelsesbrevTaskTest
[INFO] Tests run: 2, Failures: 0, Errors: 0, Skipped: 0, Time elapsed: 0.042 s - in no.nav.foreldrepenger.domene.vedtak.batch.AutomatiskFagsakAvslutningBatchTjenesteTest
[INFO] Tests run: 1, Failures: 0, Errors: 0, Skipped: 0, Time elapsed: 0.043 s - in no.nav.foreldrepenger.behandlingslager.hendelser.håndtering.HendelseHåndteringRepositoryImplTest
[INFO] Tests run: 1, Failures: 0, Errors: 0, Skipped: 0, Time elapsed: 0.043 s - in no.nav.foreldrepenger.domene.uttak.fastsettuttaksgrunnlag.svp.EndringsdatoRevurderingUtlederTest
[INFO] Tests run: 5, Failures: 0, Errors: 0, Skipped: 0, Time elapsed: 0.043 s - in no.nav.foreldrepenger.web.app.exceptions.GeneralRestExceptionMapperTest
[INFO] Tests run: 1, Failures: 0, Errors: 0, Skipped: 0, Time elapsed: 0.044 s - in no.nav.foreldrepenger.behandlingslager.uttak.UttaksperiodegrenseRepositoryTest
[INFO] Tests run: 1, Failures: 0, Errors: 0, Skipped: 0, Time elapsed: 0.044 s - in no.nav.foreldrepenger.domene.MÅ_LIGGE_HOS_FPSAK.RyddBeregningsgrunnlagTest
[INFO] Tests run: 2, Failures: 0, Errors: 0, Skipped: 0, Time elapsed: 0.044 s - in no.nav.foreldrepenger.domene.vedtak.es.OpprettProsessTaskIverksettTest
[INFO] Tests run: 2, Failures: 0, Errors: 0, Skipped: 0, Time elapsed: 0.044 s - in no.nav.foreldrepenger.produksjonsstyring.oppgavebehandling.OpprettOppgaveForBehandlingTaskTest
[INFO] Tests run: 3, Failures: 0, Errors: 0, Skipped: 0, Time elapsed: 0.044 s - in no.nav.foreldrepenger.domene.opptjening.aksjonspunkt.OpptjeningIUtlandDokStatusTjenesteTest
[INFO] Tests run: 6, Failures: 0, Errors: 0, Skipped: 0, Time elapsed: 0.044 s - in no.nav.foreldrepenger.mottak.dokumentmottak.impl.HistorikkinnslagTjenesteTest
[INFO] Tests run: 6, Failures: 0, Errors: 0, Skipped: 0, Time elapsed: 0.044 s - in no.nav.foreldrepenger.web.app.tjenester.behandling.uttak.aksjonspunkt.UttakHistorikkUtilTest
[INFO] Tests run: 8, Failures: 0, Errors: 0, Skipped: 0, Time elapsed: 0.044 s - in no.nav.foreldrepenger.dokumentbestiller.vedtak.VedtaksbrevUtlederTest
[INFO] Tests run: 1, Failures: 0, Errors: 0, Skipped: 0, Time elapsed: 0.045 s - in no.nav.foreldrepenger.behandling.steg.innsyn.VurderInnsynStegTest
[INFO] Tests run: 1, Failures: 0, Errors: 0, Skipped: 0, Time elapsed: 0.046 s - in no.nav.foreldrepenger.domene.uttak.svp.RegelmodellSøknaderMapperTest
[INFO] Tests run: 22, Failures: 0, Errors: 0, Skipped: 0, Time elapsed: 0.046 s - in no.nav.foreldrepenger.web.app.tjenester.registrering.SøknadMapperFellesTest
[INFO] Tests run: 9, Failures: 0, Errors: 0, Skipped: 0, Time elapsed: 0.046 s - in no.nav.foreldrepenger.datavarehus.observer.DatavarehusEventObserverTest
[WARNING] Tests run: 127, Failures: 0, Errors: 0, Skipped: 17, Time elapsed: 0.046 s - in no.nav.foreldrepenger.behandlingslager.SjekkCollectionsOrderedIEntiteterTest
[INFO] Tests run: 5, Failures: 0, Errors: 0, Skipped: 0, Time elapsed: 0.047 s - in no.nav.foreldrepenger.web.app.tjenester.behandling.aksjonspunkt.BehandlingsprosessApplikasjonTjenesteTest
[INFO] Tests run: 2, Failures: 0, Errors: 0, Skipped: 0, Time elapsed: 0.048 s - in no.nav.foreldrepenger.domene.uttak.input.UttakYrkesaktiviteterTest
[INFO] Tests run: 3, Failures: 0, Errors: 0, Skipped: 0, Time elapsed: 0.048 s - in no.nav.foreldrepenger.domene.vedtak.batch.AutomatiskFagsakAvslutningTjenesteTest
[INFO] Tests run: 2, Failures: 0, Errors: 0, Skipped: 0, Time elapsed: 0.049 s - in no.nav.foreldrepenger.behandling.steg.registrersøknad.RegistrerSøknadStegTest
[INFO] Tests run: 2, Failures: 0, Errors: 0, Skipped: 0, Time elapsed: 0.049 s - in no.nav.foreldrepenger.historikk.HistorikkRepositoryImplTest
[INFO] Tests run: 2, Failures: 0, Errors: 0, Skipped: 0, Time elapsed: 0.049 s - in no.nav.foreldrepenger.kodeverk.KodeverkTjenesteImplTest
[INFO] Tests run: 3, Failures: 0, Errors: 0, Skipped: 0, Time elapsed: 0.05 s - in no.nav.foreldrepenger.web.app.tjenester.behandling.medlem.MedlemDtoTjenesteTest
[INFO] Tests run: 1, Failures: 0, Errors: 0, Skipped: 0, Time elapsed: 0.051 s - in no.nav.foreldrepenger.web.app.tjenester.behandling.uttak.aksjonspunkt.FaktaUttakOverstyringshåndtererTest
[INFO] Tests run: 2, Failures: 0, Errors: 0, Skipped: 0, Time elapsed: 0.051 s - in no.nav.foreldrepenger.behandlingslager.behandling.vedtak.BehandlingVedtakRepositoryImplTest
[INFO] Tests run: 4, Failures: 0, Errors: 0, Skipped: 0, Time elapsed: 0.051 s - in no.nav.foreldrepenger.domene.vedtak.fp.OppdaterFagsakStatusImplTest
[INFO] Tests run: 1, Failures: 0, Errors: 0, Skipped: 0, Time elapsed: 0.052 s - in no.nav.foreldrepenger.domene.uttak.svp.UttaksresultatMapperTest
[INFO] Tests run: 1, Failures: 0, Errors: 0, Skipped: 0, Time elapsed: 0.052 s - in no.nav.foreldrepenger.web.app.tjenester.behandling.ytelsefordeling.BekreftOmsorgOppdatererTest
[INFO] Tests run: 5, Failures: 0, Errors: 0, Skipped: 0, Time elapsed: 0.053 s - in no.nav.foreldrepenger.web.app.tjenester.hendelser.HendelserRestTjenesteTest
[INFO] Tests run: 1, Failures: 0, Errors: 0, Skipped: 0, Time elapsed: 0.054 s - in no.nav.foreldrepenger.behandling.steg.avklarfakta.svp.LagreNyeTilretteleggingerTjenesteTest
[INFO] Tests run: 1, Failures: 0, Errors: 0, Skipped: 0, Time elapsed: 0.055 s - in no.nav.foreldrepenger.domene.MÅ_LIGGE_HOS_FPSAK.rest.historikk.FastsettBruttoBeregningsgrunnlagSNHistorikkTjenesteTest
[INFO] Tests run: 1, Failures: 0, Errors: 0, Skipped: 0, Time elapsed: 0.055 s - in no.nav.foreldrepenger.domene.abakus.mapping.IAYDtoMapperRoundtripTest
[INFO] Tests run: 2, Failures: 0, Errors: 0, Skipped: 0, Time elapsed: 0.055 s - in no.nav.foreldrepenger.behandling.steg.beregningsgrunnlag.ForeslåBeregningsgrunnlagStegTest
[INFO] Tests run: 6, Failures: 0, Errors: 0, Skipped: 0, Time elapsed: 0.055 s - in no.nav.foreldrepenger.mottak.hendelser.impl.ToForeldreBarnDødTjenesteTest
[INFO] Tests run: 1, Failures: 0, Errors: 0, Skipped: 0, Time elapsed: 0.056 s - in no.nav.foreldrepenger.behandlingslager.behandling.repository.BehandlingKandidaterRepositoryTest
[INFO] Tests run: 1, Failures: 0, Errors: 0, Skipped: 0, Time elapsed: 0.056 s - in no.nav.foreldrepenger.økonomi.økonomistøtte.es.SimulerOppdragApplikasjonTjenesteImplTest
[INFO] Tests run: 2, Failures: 0, Errors: 0, Skipped: 0, Time elapsed: 0.056 s - in no.nav.foreldrepenger.behandlingslager.behandling.repository.BehandlingsresultatRepositoryTest
[INFO] Tests run: 2, Failures: 0, Errors: 0, Skipped: 0, Time elapsed: 0.056 s - in no.nav.foreldrepenger.domene.vedtak.fp.OpprettProsessTaskIverksettTest
[INFO] Tests run: 3, Failures: 0, Errors: 0, Skipped: 0, Time elapsed: 0.056 s - in no.nav.foreldrepenger.produksjonsstyring.oppgavebehandling.OppgaveBehandlingKoblingRepositoryImplTest
[INFO] Tests run: 4, Failures: 0, Errors: 0, Skipped: 0, Time elapsed: 0.056 s - in no.nav.foreldrepenger.mottak.hendelser.KlargjørHendelseTaskTest
[INFO] Tests run: 1, Failures: 0, Errors: 0, Skipped: 0, Time elapsed: 0.058 s - in no.nav.foreldrepenger.behandlingslager.behandling.medlemskap.MedlemskapVilkårPeriodeRepositoryImplTest
[INFO] Tests run: 1, Failures: 0, Errors: 0, Skipped: 0, Time elapsed: 0.058 s - in no.nav.foreldrepenger.behandlingslager.behandling.tilrettelegging.SvangerskapspengerRepositoryTest
[INFO] Tests run: 1, Failures: 0, Errors: 0, Skipped: 0, Time elapsed: 0.058 s - in no.nav.foreldrepenger.produksjonsstyring.oppgavebehandling.AvsluttOppgaveTaskTest
[INFO] Tests run: 1, Failures: 0, Errors: 0, Skipped: 0, Time elapsed: 0.059 s - in no.nav.foreldrepenger.behandling.kriterie.impl.BehandlingsfristUtløptTjenesteImplTest
[INFO] Tests run: 2, Failures: 0, Errors: 0, Skipped: 0, Time elapsed: 0.059 s - in no.nav.foreldrepenger.behandlingslager.behandling.verge.VergeRepositoryTest
[INFO] Tests run: 1, Failures: 0, Errors: 0, Skipped: 0, Time elapsed: 0.06 s - in no.nav.foreldrepenger.web.app.tjenester.behandling.beregningsgrunnlag.FastsettBeregningsgrunnlagATFLOppdatererTest
[INFO] Tests run: 4, Failures: 0, Errors: 0, Skipped: 0, Time elapsed: 0.061 s - in no.nav.foreldrepenger.domene.uttak.fastsetteperioder.FastsettePerioderEndringTjenesteTest
[INFO] Tests run: 11, Failures: 0, Errors: 0, Skipped: 0, Time elapsed: 0.062 s - in no.nav.foreldrepenger.økonomi.grensesnittavstemming.GrensesnittavstemmingMapperTest
[INFO] Tests run: 3, Failures: 0, Errors: 0, Skipped: 0, Time elapsed: 0.062 s - in no.nav.foreldrepenger.økonomi.økonomistøtte.queue.consumer.ØkonomioppdragAsyncJmsConsumerImplTest
[INFO] Tests run: 1, Failures: 0, Errors: 0, Skipped: 0, Time elapsed: 0.063 s - in no.nav.foreldrepenger.web.app.tjenester.behandling.medlem.aksjonspunkt.BekreftErMedlemOppdatererTest
[INFO] Tests run: 1, Failures: 0, Errors: 0, Skipped: 0, Time elapsed: 0.064 s - in no.nav.foreldrepenger.web.app.tjenester.behandling.personopplysning.PersonopplysningDtoTjenesteTest
[INFO] Tests run: 2, Failures: 0, Errors: 0, Skipped: 0, Time elapsed: 0.065 s - in no.nav.foreldrepenger.domene.ytelsefordeling.BekreftFaktaForOmsorgAksjonspunktTest
[INFO] Tests run: 2, Failures: 0, Errors: 0, Skipped: 0, Time elapsed: 0.065 s - in no.nav.foreldrepenger.mottak.dokumentmottak.impl.HåndterMottattDokumentTaskTest
[INFO] Tests run: 5, Failures: 0, Errors: 0, Skipped: 0, Time elapsed: 0.065 s - in no.nav.foreldrepenger.behandlingsprosess.dagligejobber.gjenopptak.AutomatiskGjenopptagelseTjenesteTest
[INFO] Tests run: 1, Failures: 0, Errors: 0, Skipped: 0, Time elapsed: 0.068 s - in no.nav.foreldrepenger.batch.task.BatchSchedulerTaskTest
[INFO] Tests run: 1, Failures: 0, Errors: 0, Skipped: 0, Time elapsed: 0.069 s - in no.nav.foreldrepenger.datavarehus.domene.KontrollDvhEntityTest
[INFO] Tests run: 1, Failures: 0, Errors: 0, Skipped: 0, Time elapsed: 0.069 s - in no.nav.foreldrepenger.web.app.tjenester.behandling.ytelsefordeling.BekreftAleneomsorgOppdatererTest
[INFO] Tests run: 2, Failures: 0, Errors: 0, Skipped: 0, Time elapsed: 0.069 s - in no.nav.foreldrepenger.domene.uttak.fastsetteperioder.grunnlagbyggere.InngangsvilkårGrunnlagByggerTest
[INFO] Tests run: 8, Failures: 0, Errors: 0, Skipped: 0, Time elapsed: 0.069 s - in no.nav.foreldrepenger.behandling.steg.avklarfakta.svp.UtledTilretteleggingerMedArbeidsgiverTjenesteTest
[INFO] Tests run: 1, Failures: 0, Errors: 0, Skipped: 0, Time elapsed: 0.07 s - in no.nav.foreldrepenger.domene.medlem.impl.HentMedlemskapFraRegisterTest
[INFO] Tests run: 1, Failures: 0, Errors: 0, Skipped: 0, Time elapsed: 0.07 s - in no.nav.foreldrepenger.web.app.tjenester.behandling.medlem.aksjonspunkt.BekreftBosattVurderingOppdatererTest
[INFO] Tests run: 1, Failures: 0, Errors: 0, Skipped: 0, Time elapsed: 0.071 s - in no.nav.foreldrepenger.behandling.steg.avklarfakta.fp.KontrollerFaktaStegImplTest
[INFO] Tests run: 5, Failures: 0, Errors: 0, Skipped: 0, Time elapsed: 0.071 s - in no.nav.foreldrepenger.behandlingslager.pip.PipRepositoryTest
[INFO] Tests run: 5, Failures: 0, Errors: 0, Skipped: 0, Time elapsed: 0.078 s - in no.nav.foreldrepenger.web.server.abac.XacmlRequestBuilderTjenesteImplTest
[INFO] Tests run: 8, Failures: 0, Errors: 0, Skipped: 0, Time elapsed: 0.078 s - in no.nav.foreldrepenger.behandling.steg.iverksettevedtak.HenleggBehandlingTjenesteTest
[INFO] Tests run: 1, Failures: 0, Errors: 0, Skipped: 0, Time elapsed: 0.08 s - in no.nav.foreldrepenger.web.app.tjenester.behandling.medlem.aksjonspunkt.AvklarFortsattMedlemskapOppdatererTest
[INFO] Tests run: 13, Failures: 0, Errors: 0, Skipped: 0, Time elapsed: 0.08 s - in no.nav.foreldrepenger.ytelse.beregning.SjekkOmPerioderHarEndringIAndelerImplTest
[INFO] Tests run: 1, Failures: 0, Errors: 0, Skipped: 0, Time elapsed: 0.081 s - in no.nav.foreldrepenger.behandlingslager.behandling.ytelsefordeling.YtelsesFordelingRepositoryImplTest
[INFO] Tests run: 2, Failures: 0, Errors: 0, Skipped: 0, Time elapsed: 0.081 s - in no.nav.foreldrepenger.økonomi.økonomistøtte.BehandleNegativeKvitteringTjenesteTest
[INFO] Tests run: 6, Failures: 0, Errors: 0, Skipped: 0, Time elapsed: 0.082 s - in no.nav.foreldrepenger.domene.vedtak.intern.AvsluttBehandlingTest
[INFO] Tests run: 3, Failures: 0, Errors: 0, Skipped: 0, Time elapsed: 0.084 s - in no.nav.foreldrepenger.familiehendelse.kontrollerfakta.adopsjon.AksjonspunktUtlederForForeldrepengerAdopsjonTest
[INFO] Tests run: 3, Failures: 0, Errors: 0, Skipped: 0, Time elapsed: 0.084 s - in no.nav.foreldrepenger.mottak.vurderfagsystem.impl.VurderFagsystemTjenesteForInntektsmeldingTest
[INFO] Tests run: 2, Failures: 0, Errors: 0, Skipped: 0, Time elapsed: 0.085 s - in no.nav.foreldrepenger.domene.uttak.kontroller.fakta.uttakperioder.AvklarFaktaUttakPerioderTjenesteTest
[INFO] Tests run: 3, Failures: 0, Errors: 0, Skipped: 0, Time elapsed: 0.088 s - in no.nav.foreldrepenger.behandlingslager.behandling.søknad.SøknadRepositoryImplTest
[INFO] Tests run: 1, Failures: 0, Errors: 0, Skipped: 0, Time elapsed: 0.089 s - in no.nav.foreldrepenger.familiehendelse.aksjonspunkt.BekreftMannAdoptererAleneTest
[INFO] Tests run: 2, Failures: 0, Errors: 0, Skipped: 0, Time elapsed: 0.09 s - in no.nav.foreldrepenger.web.app.tjenester.behandling.uttak.app.FaktaUttakArbeidsforholdTjenesteImplTest
[INFO] Tests run: 1, Failures: 0, Errors: 0, Skipped: 0, Time elapsed: 0.093 s - in no.nav.foreldrepenger.domene.medlem.impl.MedlemskapTjenesteImplTest
[INFO] Tests run: 1, Failures: 0, Errors: 0, Skipped: 0, Time elapsed: 0.094 s - in no.nav.foreldrepenger.behandling.steg.avklarfakta.es.KontrollerFaktaStegImplTest
[INFO] Tests run: 1, Failures: 0, Errors: 0, Skipped: 0, Time elapsed: 0.094 s - in no.nav.foreldrepenger.familiehendelse.aksjonspunkt.BekreftDokumentasjonOppdatererTest
[INFO] Tests run: 12, Failures: 0, Errors: 0, Skipped: 0, Time elapsed: 0.094 s - in no.nav.foreldrepenger.inngangsvilkaar.regelmodell.adapter.RegelOrkestrererImplTest
[INFO] Tests run: 6, Failures: 0, Errors: 0, Skipped: 0, Time elapsed: 0.094 s - in no.nav.foreldrepenger.behandlingslager.fagsak.FagsakRepositoryImplTest
[INFO] Tests run: 3, Failures: 0, Errors: 0, Skipped: 0, Time elapsed: 0.096 s - in no.nav.foreldrepenger.behandlingslager.behandling.MottatteDokumentRepositoryImplTest
[INFO] Tests run: 6, Failures: 0, Errors: 0, Skipped: 0, Time elapsed: 0.096 s - in no.nav.foreldrepenger.domene.MÅ_LIGGE_HOS_FPSAK.opptjening.HentAktiviteterForBeregningTjenesteImplTest
[INFO] Tests run: 1, Failures: 0, Errors: 0, Skipped: 0, Time elapsed: 0.098 s - in no.nav.foreldrepenger.behandlingslager.behandling.personopplysning.PersonopplysningRepositoryImplTest
[INFO] Tests run: 3, Failures: 0, Errors: 0, Skipped: 0, Time elapsed: 0.098 s - in no.nav.foreldrepenger.domene.opptjening.aksjonspunkt.OpptjeningInntektArbeidYtelseTjenesteImplTest
[INFO] Tests run: 2, Failures: 0, Errors: 0, Skipped: 0, Time elapsed: 0.1 s - in no.nav.foreldrepenger.behandlingslager.behandling.medlemskap.MedlemskapRepositoryImplTest
[INFO] Tests run: 2, Failures: 0, Errors: 0, Skipped: 0, Time elapsed: 0.1 s - in no.nav.foreldrepenger.mottak.vedtak.overlapp.VurderOpphørAvYtelserTaskTest
[INFO] Tests run: 1, Failures: 0, Errors: 0, Skipped: 0, Time elapsed: 0.101 s - in no.nav.foreldrepenger.behandling.steg.vedtak.BehandlingVedtakTjenesteTest
[INFO] Tests run: 1, Failures: 0, Errors: 0, Skipped: 0, Time elapsed: 0.101 s - in no.nav.foreldrepenger.mottak.dokumentmottak.fp.DokumentmottakerSøknadHåndteringVedAvslåttBehandlingTest
[INFO] Tests run: 1, Failures: 0, Errors: 0, Skipped: 0, Time elapsed: 0.102 s - in no.nav.foreldrepenger.domene.personopplysning.PersonopplysningTjenesteTest
[INFO] Tests run: 1, Failures: 0, Errors: 0, Skipped: 0, Time elapsed: 0.102 s - in no.nav.foreldrepenger.web.app.tjenester.behandling.personopplysning.UtlandssakManuellOverstyringTest
[INFO] Tests run: 14, Failures: 0, Errors: 0, Skipped: 0, Time elapsed: 0.102 s - in no.nav.foreldrepenger.domene.uttak.kontroller.fakta.uttakperioder.AvklarFaktaUttakTjenesteTest
[INFO] Tests run: 5, Failures: 0, Errors: 0, Skipped: 0, Time elapsed: 0.104 s - in no.nav.foreldrepenger.mottak.dokumentmottak.impl.KøKontrollerTest
[INFO] Tests run: 7, Failures: 0, Errors: 0, Skipped: 0, Time elapsed: 0.104 s - in no.nav.foreldrepenger.web.app.tjenester.behandling.verge.VergeTjenesteTest
[INFO] Tests run: 13, Failures: 0, Errors: 0, Skipped: 0, Time elapsed: 0.105 s - in no.nav.foreldrepenger.domene.vedtak.intern.SendVedtaksbrevTest
[INFO] Tests run: 1, Failures: 0, Errors: 0, Skipped: 0, Time elapsed: 0.108 s - in no.nav.foreldrepenger.økonomi.økonomistøtte.dagytelse.fp.SimulerOppdragApplikasjonTjenesteImplTest
[INFO] Tests run: 14, Failures: 0, Errors: 0, Skipped: 0, Time elapsed: 0.108 s - in no.nav.foreldrepenger.behandling.revurdering.flytkontroll.BehandlingFlytkontrollTest
[INFO] Tests run: 4, Failures: 0, Errors: 0, Skipped: 0, Time elapsed: 0.108 s - in no.nav.foreldrepenger.økonomi.økonomistøtte.FinnNyesteOppdragForSakTest
[INFO] Tests run: 5, Failures: 0, Errors: 0, Skipped: 0, Time elapsed: 0.108 s - in no.nav.foreldrepenger.behandling.steg.foreslåvedtak.ForeslåVedtakRevurderingStegImplTest
[INFO] Tests run: 1, Failures: 0, Errors: 0, Skipped: 0, Time elapsed: 0.11 s - in no.nav.foreldrepenger.familiehendelse.kontrollerfakta.omsorgsovertakelse.AksjonspunktUtlederForOmsorgsovertakelseTest
[INFO] Tests run: 2, Failures: 0, Errors: 0, Skipped: 0, Time elapsed: 0.113 s - in no.nav.foreldrepenger.behandling.steg.iverksettevedtak.fp.IverksetteVedtakStegYtelseTest
[INFO] Tests run: 3, Failures: 0, Errors: 0, Skipped: 0, Time elapsed: 0.113 s - in no.nav.foreldrepenger.domene.uttak.kontroller.fakta.uttakperioder.GraderingUkjentAktivitetAksjonspunktUtlederTest
[INFO] Tests run: 1, Failures: 0, Errors: 0, Skipped: 0, Time elapsed: 0.114 s - in no.nav.foreldrepenger.familiehendelse.aksjonspunkt.BekreftEktefelleOppdatererTest
[INFO] Tests run: 2, Failures: 0, Errors: 0, Skipped: 0, Time elapsed: 0.114 s - in no.nav.foreldrepenger.behandling.revurdering.felles.FastsettBehandlingsresultatVedAvslagPåAvslagTest
[INFO] Tests run: 1, Failures: 0, Errors: 0, Skipped: 0, Time elapsed: 0.116 s - in no.nav.foreldrepenger.behandling.steg.beregningsgrunnlag.task.OpprettGrunnbeløpTaskTest
[INFO] Tests run: 1, Failures: 0, Errors: 0, Skipped: 0, Time elapsed: 0.116 s - in no.nav.foreldrepenger.behandling.steg.iverksettevedtak.HenleggBehandlingUtenSøknadTest
[INFO] Tests run: 4, Failures: 0, Errors: 0, Skipped: 0, Time elapsed: 0.116 s - in no.nav.foreldrepenger.domene.vedtak.intern.FagsakRelasjonAvslutningsdatoOppdatererTest
[INFO] Tests run: 1, Failures: 0, Errors: 0, Skipped: 0, Time elapsed: 0.12 s - in no.nav.foreldrepenger.web.app.tjenester.behandling.BehandlingRestTjenesteESTest
[INFO] Tests run: 2, Failures: 0, Errors: 0, Skipped: 0, Time elapsed: 0.122 s - in no.nav.foreldrepenger.web.app.tjenester.forvaltning.ForvaltningBeregningRestTjenesteTest
[INFO] Tests run: 2, Failures: 0, Errors: 0, Skipped: 0, Time elapsed: 0.123 s - in no.nav.foreldrepenger.behandling.revurdering.etterkontroll.tjeneste.EtterkontrollEventObserverTest
[INFO] Tests run: 4, Failures: 0, Errors: 0, Skipped: 0, Time elapsed: 0.124 s - in no.nav.foreldrepenger.domene.ytelsefordeling.YtelseFordelingTjenesteTest
[INFO] Tests run: 2, Failures: 0, Errors: 0, Skipped: 0, Time elapsed: 0.125 s - in no.nav.foreldrepenger.domene.uttak.svp.AvklarteDatoerTjenesteTest
[INFO] Tests run: 4, Failures: 0, Errors: 0, Skipped: 0, Time elapsed: 0.126 s - in no.nav.foreldrepenger.web.app.soap.sak.v1.FinnSakServiceTest
[INFO] Tests run: 10, Failures: 0, Errors: 0, Skipped: 0, Time elapsed: 0.129 s - in no.nav.foreldrepenger.inngangsvilkaar.opptjening.fp.InngangsvilkårOpptjeningTest
[INFO] Tests run: 6, Failures: 0, Errors: 0, Skipped: 0, Time elapsed: 0.13 s - in no.nav.foreldrepenger.domene.risikoklassifisering.modell.RisikoklassifiseringRepositoryImplTest
[INFO] Tests run: 2, Failures: 0, Errors: 0, Skipped: 0, Time elapsed: 0.132 s - in no.nav.foreldrepenger.produksjonsstyring.totrinn.TotrinnRepositoryImplTest
[INFO] Tests run: 1, Failures: 0, Errors: 0, Skipped: 0, Time elapsed: 0.133 s - in no.nav.foreldrepenger.web.app.tjenester.behandling.uttak.aksjonspunkt.UttakOverstyringshåndtererTest
[INFO] Tests run: 1, Failures: 0, Errors: 0, Skipped: 0, Time elapsed: 0.134 s - in no.nav.foreldrepenger.behandling.revurdering.ytelse.fp.UttakGrunnlagTjenesteTest
[INFO] Tests run: 1, Failures: 0, Errors: 0, Skipped: 0, Time elapsed: 0.135 s - in no.nav.foreldrepenger.økonomi.økonomistøtte.dagytelse.svp.OppdragskontrollTjenesteImplTest
[INFO] Tests run: 2, Failures: 0, Errors: 0, Skipped: 0, Time elapsed: 0.136 s - in no.nav.foreldrepenger.ytelse.beregning.tilbaketrekk.AksjonspunktutlederTilbaketrekkTest
[INFO] Tests run: 3, Failures: 0, Errors: 0, Skipped: 0, Time elapsed: 0.137 s - in no.nav.foreldrepenger.web.app.tjenester.behandling.tilbakekreving.VurderFeilutbetalingOgInntrekkOppdatererTest
[INFO] Tests run: 3, Failures: 0, Errors: 0, Skipped: 0, Time elapsed: 0.139 s - in no.nav.foreldrepenger.domene.uttak.fastsettuttaksgrunnlag.fp.EndringsdatoFørstegangsbehandlingUtlederTest
[INFO] Tests run: 8, Failures: 0, Errors: 0, Skipped: 0, Time elapsed: 0.139 s - in no.nav.foreldrepenger.behandlingslager.behandling.VilkårResultatTest
[INFO] Tests run: 1, Failures: 0, Errors: 0, Skipped: 0, Time elapsed: 0.141 s - in no.nav.foreldrepenger.web.app.tjenester.behandling.uttak.app.FaktaUttakToTrinnsTjenesteImplTest
[INFO] Tests run: 2, Failures: 0, Errors: 0, Skipped: 0, Time elapsed: 0.146 s - in no.nav.foreldrepenger.behandling.steg.beregningsgrunnlag.fp.KontrollerFaktaBeregningStegTest
[INFO] Tests run: 4, Failures: 0, Errors: 0, Skipped: 0, Time elapsed: 0.15 s - in no.nav.foreldrepenger.domene.arbeidsforhold.impl.UtledRelevanteYrkesaktiviteterForStillingsprosentTest
[INFO] Tests run: 1, Failures: 0, Errors: 0, Skipped: 0, Time elapsed: 0.151 s - in no.nav.foreldrepenger.web.app.tjenester.behandling.vilkår.aksjonspunkt.AbstractOverstyringshåndtererTest
[INFO] Tests run: 3, Failures: 0, Errors: 0, Skipped: 0, Time elapsed: 0.153 s - in no.nav.foreldrepenger.behandling.impl.FinnAnsvarligSaksbehandlerTest
[INFO] Tests run: 8, Failures: 0, Errors: 0, Skipped: 0, Time elapsed: 0.156 s - in no.nav.foreldrepenger.økonomi.økonomistøtte.BehandleØkonomioppdragKvitteringImplTest
[INFO] Tests run: 1, Failures: 0, Errors: 0, Skipped: 0, Time elapsed: 0.159 s - in no.nav.foreldrepenger.web.app.tjenester.behandling.BehandlingRestTjenesteTest
[INFO] Tests run: 4, Failures: 0, Errors: 0, Skipped: 0, Time elapsed: 0.159 s - in no.nav.foreldrepenger.web.app.healthchecks.HealthCheckRestServiceTest
[INFO] Tests run: 1, Failures: 0, Errors: 0, Skipped: 0, Time elapsed: 0.161 s - in no.nav.foreldrepenger.behandling.steg.avklarfakta.svp.KontrollerFaktaStegImplTest
[INFO] Tests run: 1, Failures: 0, Errors: 0, Skipped: 0, Time elapsed: 0.161 s - in no.nav.foreldrepenger.domene.person.tps.TpsFamilieTjenesteTest
[INFO] Tests run: 2, Failures: 0, Errors: 0, Skipped: 0, Time elapsed: 0.164 s - in no.nav.foreldrepenger.web.app.tjenester.behandling.medlem.aksjonspunkt.BekreftOppholdVurderingTest
[INFO] Tests run: 3, Failures: 0, Errors: 0, Skipped: 0, Time elapsed: 0.164 s - in no.nav.foreldrepenger.domene.registerinnhenting.fp.StartpunktTjenesteImplTest
[INFO] Tests run: 1, Failures: 0, Errors: 0, Skipped: 0, Time elapsed: 0.165 s - in no.nav.foreldrepenger.familiehendelse.aksjonspunkt.BekreftTerminbekreftelseAksjonspunktDtoTest
[INFO] Tests run: 9, Failures: 0, Errors: 0, Skipped: 0, Time elapsed: 0.168 s - in no.nav.foreldrepenger.domene.risikoklassifisering.tjeneste.RisikovurderingTjenesteTest
[INFO] Tests run: 1, Failures: 0, Errors: 0, Skipped: 0, Time elapsed: 0.169 s - in no.nav.foreldrepenger.web.app.tjenester.behandling.BehandlingÅrsakDtoTest
[INFO] Tests run: 2, Failures: 0, Errors: 0, Skipped: 0, Time elapsed: 0.169 s - in no.nav.foreldrepenger.mottak.kompletthettjeneste.impl.svp.KompletthetsjekkerTest
[INFO] Tests run: 2, Failures: 0, Errors: 0, Skipped: 0, Time elapsed: 0.169 s - in no.nav.foreldrepenger.web.app.tjenester.behandling.uttak.app.FaktaUttakHistorikkTjenesteTest
[INFO] Tests run: 2, Failures: 0, Errors: 0, Skipped: 0, Time elapsed: 0.171 s - in no.nav.foreldrepenger.web.app.tjenester.behandling.ytelsefordeling.YtelseFordelingDtoTjenesteImplTest
[INFO] Tests run: 8, Failures: 0, Errors: 0, Skipped: 0, Time elapsed: 0.171 s - in no.nav.foreldrepenger.behandlingslager.hendelser.sortering.HendelseSorteringRepositoryImplTest
[INFO] Tests run: 3, Failures: 0, Errors: 0, Skipped: 0, Time elapsed: 0.172 s - in no.nav.foreldrepenger.produksjonsstyring.oppgavebehandling.OppgaveBehandlingKoblingTest
[INFO] Tests run: 4, Failures: 0, Errors: 0, Skipped: 0, Time elapsed: 0.172 s - in no.nav.foreldrepenger.skjæringstidspunkt.fp.SkjæringstidspunktUtilsTest
[INFO] Tests run: 1, Failures: 0, Errors: 0, Skipped: 0, Time elapsed: 0.176 s - in no.nav.foreldrepenger.web.app.tjenester.behandling.innsyn.VurderInnsynOppdatererTest
[INFO] Tests run: 1, Failures: 0, Errors: 0, Skipped: 0, Time elapsed: 0.18 s - in no.nav.foreldrepenger.web.app.tjenester.behandling.vilkår.aksjonspunkt.FødselsvilkåretFarMedmorOverstyringshåndtererTest
[INFO] Tests run: 3, Failures: 0, Errors: 0, Skipped: 0, Time elapsed: 0.182 s - in no.nav.foreldrepenger.behandlingslager.uttak.svp.SvangerskapspengerUttakResultatRepositoryTest
[INFO] Tests run: 4, Failures: 0, Errors: 0, Skipped: 0, Time elapsed: 0.182 s - in no.nav.foreldrepenger.web.app.tjenester.fordeling.FordelRestTjenesteTest
[INFO] Tests run: 2, Failures: 0, Errors: 0, Skipped: 0, Time elapsed: 0.185 s - in no.nav.foreldrepenger.behandling.revurdering.ytelse.es.RevurderingTjenesteImplTest
[INFO] Tests run: 3, Failures: 0, Errors: 0, Skipped: 0, Time elapsed: 0.185 s - in no.nav.foreldrepenger.domene.arbeidsforhold.svp.BeregnTilrettleggingsperioderTjenesteImplTest
[INFO] Tests run: 7, Failures: 0, Errors: 0, Skipped: 0, Time elapsed: 0.186 s - in no.nav.foreldrepenger.domene.arbeidsforhold.aksjonspunkt.ArbeidsforholdHistorikkinnslagTjenesteTest
[INFO] Tests run: 2, Failures: 0, Errors: 0, Skipped: 0, Time elapsed: 0.188 s - in no.nav.foreldrepenger.web.app.tjenester.behandling.uttak.app.AvklarAnnenforelderHarRettOppdatererTest
[INFO] Tests run: 2, Failures: 0, Errors: 0, Skipped: 0, Time elapsed: 0.188 s - in no.nav.foreldrepenger.økonomi.økonomistøtte.ØkonomiOppdragKøTjenesteTest
[INFO] Tests run: 4, Failures: 0, Errors: 0, Skipped: 0, Time elapsed: 0.192 s - in no.nav.foreldrepenger.web.app.tjenester.behandling.vedtak.TotrinnArbeidsforholdDtoTjenesteTest
[INFO] Tests run: 2, Failures: 0, Errors: 0, Skipped: 0, Time elapsed: 0.193 s - in no.nav.foreldrepenger.ytelse.beregning.tilbaketrekk.VurderTilbaketrekkOppdatererTest
[INFO] Tests run: 8, Failures: 0, Errors: 0, Skipped: 0, Time elapsed: 0.194 s - in no.nav.foreldrepenger.behandlingslager.diff.TraverseEntityGraphTest
[INFO] Tests run: 5, Failures: 0, Errors: 0, Skipped: 0, Time elapsed: 0.196 s - in no.nav.foreldrepenger.behandling.revurdering.ytelse.fp.AndelGraderingTjenesteImplTest
[INFO] Tests run: 14, Failures: 0, Errors: 0, Skipped: 0, Time elapsed: 0.197 s - in no.nav.foreldrepenger.økonomi.økonomistøtte.ØkonomioppdragRepositoryImplTest
[INFO] Tests run: 1, Failures: 0, Errors: 0, Skipped: 0, Time elapsed: 0.2 s - in no.nav.foreldrepenger.web.app.tjenester.behandling.vilkår.aksjonspunkt.AdopsjonsvilkårEngangsstønadOverstyringhåndtererTest
[INFO] Tests run: 2, Failures: 0, Errors: 0, Skipped: 0, Time elapsed: 0.201 s - in no.nav.foreldrepenger.mottak.dokumentmottak.es.DokumentmottakerSøknadEngangsstønadHåndteringVedAvslåttBehandlingTest
[INFO] Tests run: 8, Failures: 0, Errors: 0, Skipped: 0, Time elapsed: 0.203 s - in no.nav.foreldrepenger.domene.arbeidsforhold.aksjonspunkt.AvklarArbeidsforholdOppdatererTest
[INFO] Tests run: 6, Failures: 0, Errors: 0, Skipped: 0, Time elapsed: 0.211 s - in no.nav.foreldrepenger.behandlingslager.behandling.opptjening.OpptjeningRepositoryImplTest
[INFO] Tests run: 9, Failures: 0, Errors: 0, Skipped: 0, Time elapsed: 0.215 s - in no.nav.foreldrepenger.domene.arbeidsforhold.fp.InntektsmeldingTjenesteImplTest
[INFO] Tests run: 4, Failures: 0, Errors: 0, Skipped: 0, Time elapsed: 0.217 s - in no.nav.foreldrepenger.behandling.steg.foreslåresultat.es.ForeslåBehandlingsresultatTjenesteTest
[INFO] Tests run: 4, Failures: 0, Errors: 0, Skipped: 0, Time elapsed: 0.217 s - in no.nav.foreldrepenger.web.app.tjenester.behandling.svp.BekreftSvangerskapspengervilkårOppdatererTest
[INFO] Tests run: 4, Failures: 0, Errors: 0, Skipped: 0, Time elapsed: 0.22 s - in no.nav.foreldrepenger.domene.uttak.saldo.MaksDatoUttakTjenesteImplTest
[INFO] Tests run: 3, Failures: 0, Errors: 0, Skipped: 0, Time elapsed: 0.221 s - in no.nav.foreldrepenger.domene.arbeidsforhold.impl.PåkrevdeInntektsmeldingerTjenesteTest
[INFO] Tests run: 7, Failures: 0, Errors: 0, Skipped: 0, Time elapsed: 0.224 s - in no.nav.foreldrepenger.behandlingslager.behandling.BeregningResultatTest
[INFO] Tests run: 1, Failures: 0, Errors: 0, Skipped: 0, Time elapsed: 0.225 s - in no.nav.foreldrepenger.behandling.steg.medlemskap.VurderLøpendeMedlemskapStegTest
[INFO] Tests run: 5, Failures: 0, Errors: 0, Skipped: 0, Time elapsed: 0.227 s - in no.nav.foreldrepenger.domene.MÅ_LIGGE_HOS_FPSAK.fp.BesteberegningFødendeKvinneTjenesteTest
[INFO] Tests run: 1, Failures: 0, Errors: 0, Skipped: 0, Time elapsed: 0.228 s - in no.nav.foreldrepenger.web.app.tjenester.behandling.vilkår.aksjonspunkt.AdopsjonsvilkårForeldrepengerOverstyringhåndtererTest
[INFO] Tests run: 3, Failures: 0, Errors: 0, Skipped: 0, Time elapsed: 0.236 s - in no.nav.foreldrepenger.behandlingslager.behandling.familiehendelse.FamilieHendelseRepositoryImplTest
[INFO] Tests run: 2, Failures: 0, Errors: 0, Skipped: 0, Time elapsed: 0.241 s - in no.nav.foreldrepenger.domene.MÅ_LIGGE_HOS_FPSAK.rest.historikk.FastsettBeregningsgrunnlagATFLHistorikkTjenesteTest
[INFO] Tests run: 3, Failures: 0, Errors: 0, Skipped: 0, Time elapsed: 0.247 s - in no.nav.foreldrepenger.domene.uttak.OpphørUttakTjenesteTest
[INFO] Tests run: 9, Failures: 0, Errors: 0, Skipped: 0, Time elapsed: 0.253 s - in no.nav.foreldrepenger.domene.uttak.input.UttakStillingsprosentTjenesteTest
[INFO] Tests run: 15, Failures: 0, Errors: 0, Skipped: 0, Time elapsed: 0.254 s - in no.nav.foreldrepenger.behandling.steg.BehandlingModellTest
[INFO] Tests run: 10, Failures: 0, Errors: 0, Skipped: 0, Time elapsed: 0.257 s - in no.nav.foreldrepenger.behandlingslager.fagsak.FagsakRelasjonRepositoryImplTest
[INFO] Tests run: 17, Failures: 0, Errors: 0, Skipped: 0, Time elapsed: 0.257 s - in no.nav.foreldrepenger.ytelse.beregning.fp.FinnEndringsdatoBeregningsresultatTjenesteImplTest
[INFO] Tests run: 2, Failures: 0, Errors: 0, Skipped: 0, Time elapsed: 0.258 s - in no.nav.foreldrepenger.mottak.kompletthettjeneste.impl.fp.KompletthetsjekkerRevurderingTest
[INFO] Tests run: 4, Failures: 0, Errors: 0, Skipped: 0, Time elapsed: 0.258 s - in no.nav.foreldrepenger.mottak.dokumentmottak.impl.DokumentmottakerYtelsesesrelatertDokumentTest
[INFO] Tests run: 10, Failures: 0, Errors: 0, Skipped: 0, Time elapsed: 0.265 s - in no.nav.foreldrepenger.domene.arbeidsforhold.impl.VurderPermisjonTjenesteTest
[INFO] Tests run: 14, Failures: 0, Errors: 0, Skipped: 0, Time elapsed: 0.266 s - in no.nav.foreldrepenger.web.app.tjenester.behandling.vedtak.TotrinnskontrollAksjonspunkterTjenesteImplTest
[INFO] Tests run: 7, Failures: 0, Errors: 0, Skipped: 0, Time elapsed: 0.266 s - in no.nav.foreldrepenger.mottak.dokumentmottak.impl.KompletthetskontrollerTest
[INFO] Tests run: 4, Failures: 0, Errors: 0, Skipped: 0, Time elapsed: 0.272 s - in no.nav.foreldrepenger.domene.arbeidsforhold.impl.VurderArbeidsforholdTjenesteImplTest
[INFO] Tests run: 3, Failures: 0, Errors: 0, Skipped: 0, Time elapsed: 0.275 s - in no.nav.foreldrepenger.familiehendelse.aksjonspunkt.BekreftTerminbekreftelseOppdatererTest
[INFO] Tests run: 1, Failures: 0, Errors: 0, Skipped: 0, Time elapsed: 0.278 s - in no.nav.foreldrepenger.historikk.kafka.LagreHistorikkTaskTest
[INFO] Tests run: 3, Failures: 0, Errors: 0, Skipped: 0, Time elapsed: 0.278 s - in no.nav.foreldrepenger.web.app.tjenester.behandling.aksjonspunkt.app.KlagevurderingOppdatererTest
[INFO] Tests run: 5, Failures: 0, Errors: 0, Skipped: 0, Time elapsed: 0.278 s - in no.nav.foreldrepenger.domene.medlem.impl.AvklarGyldigPeriodeTest
[INFO] Tests run: 9, Failures: 0, Errors: 0, Skipped: 0, Time elapsed: 0.28 s - in no.nav.foreldrepenger.behandlingskontroll.impl.BehandlingModellTest
[INFO] Tests run: 1, Failures: 0, Errors: 0, Skipped: 0, Time elapsed: 0.283 s - in no.nav.foreldrepenger.domene.vedtak.svp.VedtakXmlTest
[INFO] Tests run: 6, Failures: 0, Errors: 0, Skipped: 0, Time elapsed: 0.284 s - in no.nav.foreldrepenger.behandlingskontroll.impl.transisjoner.FremoverhoppTest
[INFO] Tests run: 1, Failures: 0, Errors: 0, Skipped: 0, Time elapsed: 0.285 s - in no.nav.foreldrepenger.mottak.publiserer.task.PubliserPersistertDokumentHendelseTaskImplTest
[INFO] Tests run: 5, Failures: 0, Errors: 0, Skipped: 0, Time elapsed: 0.285 s - in no.nav.foreldrepenger.behandling.steg.iverksettevedtak.es.IverksetteVedtakStegFellesTest
[INFO] Tests run: 5, Failures: 0, Errors: 0, Skipped: 0, Time elapsed: 0.286 s - in no.nav.foreldrepenger.behandlingslager.behandling.tilbakekreving.TilbakekrevingRepositoryImplTest
[INFO] Tests run: 3, Failures: 0, Errors: 0, Skipped: 0, Time elapsed: 0.287 s - in no.nav.foreldrepenger.domene.registerinnhenting.impl.behandlingårsak.BehandlingÅrsakTjenesteTest
[INFO] Tests run: 5, Failures: 0, Errors: 0, Skipped: 0, Time elapsed: 0.288 s - in no.nav.foreldrepenger.behandlingslager.uttak.fp.FpUttakRepositoryTest
[INFO] Tests run: 12, Failures: 0, Errors: 0, Skipped: 0, Time elapsed: 0.289 s - in no.nav.foreldrepenger.domene.feed.FeedRepositoryImplTest
[INFO] Tests run: 4, Failures: 0, Errors: 0, Skipped: 0, Time elapsed: 0.289 s - in no.nav.foreldrepenger.domene.uttak.saldo.StønadskontoSaldoTjenesteTest
[INFO] Tests run: 3, Failures: 0, Errors: 0, Skipped: 0, Time elapsed: 0.291 s - in no.nav.foreldrepenger.behandling.steg.beregnytelse.fp.BeregneYtelseStegImplTest
[INFO] Tests run: 2, Failures: 0, Errors: 0, Skipped: 0, Time elapsed: 0.294 s - in no.nav.foreldrepenger.produksjonsstyring.sakogbehandling.OppdaterSakOgBehandlingEventObserverTest
[INFO] Tests run: 2, Failures: 0, Errors: 0, Skipped: 0, Time elapsed: 0.301 s - in no.nav.foreldrepenger.behandling.steg.uttak.svp.FastsettUttaksgrunnlagOgVurderSøknadsfristStegTest
[INFO] Tests run: 2, Failures: 0, Errors: 0, Skipped: 0, Time elapsed: 0.302 s - in no.nav.foreldrepenger.domene.vedtak.innsyn.InnsynTjenesteImplTest
[INFO] Tests run: 5, Failures: 0, Errors: 0, Skipped: 0, Time elapsed: 0.302 s - in no.nav.foreldrepenger.mottak.dokumentmottak.impl.DokumentmottakerKlageTest
[INFO] Tests run: 6, Failures: 0, Errors: 0, Skipped: 0, Time elapsed: 0.302 s - in no.nav.foreldrepenger.domene.uttak.fastsetteperioder.grunnlagbyggere.DatoerGrunnlagByggerTest
[INFO] Tests run: 2, Failures: 0, Errors: 0, Skipped: 0, Time elapsed: 0.304 s - in no.nav.foreldrepenger.behandling.steg.uttak.fp.FastsettUttaksgrunnlagOgVurderSøknadsfristStegTest
[INFO] Tests run: 2, Failures: 0, Errors: 0, Skipped: 0, Time elapsed: 0.307 s - in no.nav.foreldrepenger.behandlingslager.behandling.repository.BehandlingRevurderingRepositoryImplTest
[INFO] Tests run: 7, Failures: 0, Errors: 0, Skipped: 0, Time elapsed: 0.312 s - in no.nav.foreldrepenger.domene.vedtak.innsyn.VedtakXMLTilHTMLTransformatorTest
[INFO] Tests run: 1, Failures: 0, Errors: 0, Skipped: 0, Time elapsed: 0.314 s - in no.nav.foreldrepenger.web.app.tjenester.behandling.vilkår.aksjonspunkt.SøkersopplysningspliktOverstyringhåndtererTest
[INFO] Tests run: 2, Failures: 0, Errors: 0, Skipped: 0, Time elapsed: 0.314 s - in no.nav.foreldrepenger.behandling.impl.FagsakTjenesteTest
[INFO] Tests run: 15, Failures: 0, Errors: 0, Skipped: 0, Time elapsed: 0.316 s - in no.nav.foreldrepenger.domene.arbeidsforhold.impl.ArbeidsforholdAdministrasjonTjenesteTest
[INFO] Tests run: 2, Failures: 0, Errors: 0, Skipped: 0, Time elapsed: 0.319 s - in no.nav.foreldrepenger.behandling.steg.uttak.fp.KontrollerfaktaUttakStegTest
[INFO] Tests run: 3, Failures: 0, Errors: 0, Skipped: 0, Time elapsed: 0.319 s - in no.nav.foreldrepenger.web.app.tjenester.behandling.uttak.app.KontrollerOppgittFordelingTjenesteImplTest
[INFO] Tests run: 17, Failures: 0, Errors: 0, Skipped: 0, Time elapsed: 0.32 s - in no.nav.foreldrepenger.domene.person.tps.TpsOversetterTest
[INFO] Tests run: 5, Failures: 0, Errors: 0, Skipped: 0, Time elapsed: 0.321 s - in no.nav.foreldrepenger.behandling.revurdering.ytelse.svp.HarEtablertYtelseImplTest
[INFO] Tests run: 2, Failures: 0, Errors: 0, Skipped: 0, Time elapsed: 0.323 s - in no.nav.foreldrepenger.web.app.tjenester.behandling.uttak.aksjonspunkt.FastsettUttakOppdatererTest
[INFO] Tests run: 6, Failures: 0, Errors: 0, Skipped: 0, Time elapsed: 0.324 s - in no.nav.foreldrepenger.web.app.tjenester.behandling.risikoklassifisering.VurderFaresignalerOppdatererTest
[INFO] Tests run: 3, Failures: 0, Errors: 0, Skipped: 0, Time elapsed: 0.326 s - in no.nav.foreldrepenger.domene.registerinnhenting.impl.startpunkt.StartpunktUtlederFamilieHendelseTest
[INFO] Tests run: 2, Failures: 0, Errors: 0, Skipped: 0, Time elapsed: 0.328 s - in no.nav.foreldrepenger.dokumentbestiller.kafka.DokumentKafkaBestillerTest
[INFO] Tests run: 3, Failures: 0, Errors: 0, Skipped: 0, Time elapsed: 0.329 s - in no.nav.foreldrepenger.domene.uttak.kontroller.fakta.uttakperioder.AnnenForelderIkkeRettOgLøpendeVedtakAksjonspunktUtlederTest
[INFO] Tests run: 3, Failures: 0, Errors: 0, Skipped: 0, Time elapsed: 0.338 s - in no.nav.foreldrepenger.behandlingslager.behandling.KlageRepositoryImplTest
[INFO] Tests run: 5, Failures: 0, Errors: 0, Skipped: 0, Time elapsed: 0.338 s - in no.nav.foreldrepenger.mottak.hendelser.impl.håndterer.FødselForretningshendelseHåndtererESTest
[INFO] Tests run: 9, Failures: 0, Errors: 0, Skipped: 0, Time elapsed: 0.339 s - in no.nav.foreldrepenger.domene.uttak.fastsetteperioder.grunnlagbyggere.RettOgOmsorgGrunnlagByggerTest
[INFO] Tests run: 5, Failures: 0, Errors: 0, Skipped: 0, Time elapsed: 0.34 s - in no.nav.foreldrepenger.familiehendelse.kontrollerfakta.fødsel.AksjonspunktUtlederForForeldrepengerFødselNårHovedsøkerErFarMedmorTest
[INFO] Tests run: 2, Failures: 0, Errors: 0, Skipped: 0, Time elapsed: 0.347 s - in no.nav.foreldrepenger.behandling.steg.medlemskap.KontrollerFaktaLøpendeMedlemskapStegRevurderingTest
[INFO] Tests run: 4, Failures: 0, Errors: 0, Skipped: 0, Time elapsed: 0.356 s - in no.nav.foreldrepenger.mottak.dokumentmottak.impl.DokumentmottakerVedleggHåndteringVedAvslåttBehandlingTest
[INFO] Tests run: 7, Failures: 0, Errors: 0, Skipped: 0, Time elapsed: 0.358 s - in no.nav.foreldrepenger.mottak.dokumentmottak.impl.DokumentmottakerVedleggTest
[INFO] Tests run: 1, Failures: 0, Errors: 0, Skipped: 0, Time elapsed: 0.366 s - in no.nav.foreldrepenger.feil.FeilTest
[INFO] Tests run: 11, Failures: 0, Errors: 0, Skipped: 0, Time elapsed: 0.369 s - in no.nav.foreldrepenger.behandlingslager.behandling.beregning.BeregningsresultatRepositoryImplTest
[INFO] Tests run: 5, Failures: 0, Errors: 0, Skipped: 0, Time elapsed: 0.371 s - in no.nav.foreldrepenger.inngangsvilkaar.adopsjon.AdopsjonsvilkårEngangsstønadTest
[INFO] Tests run: 2, Failures: 0, Errors: 0, Skipped: 0, Time elapsed: 0.372 s - in no.nav.foreldrepenger.behandling.revurdering.felles.ErSisteUttakAvslåttMedÅrsakTest
[INFO] Tests run: 5, Failures: 0, Errors: 0, Skipped: 0, Time elapsed: 0.372 s - in no.nav.foreldrepenger.inngangsvilkaar.adopsjon.AdopsjonsvilkårForeldrepengerTest
[INFO] Tests run: 4, Failures: 0, Errors: 0, Skipped: 0, Time elapsed: 0.373 s - in no.nav.foreldrepenger.behandlingslager.behandling.BehandlingEntitetTest
[INFO] Tests run: 6, Failures: 0, Errors: 0, Skipped: 0, Time elapsed: 0.374 s - in no.nav.foreldrepenger.web.app.tjenester.behandling.ytelsefordeling.VurderDekningsgradOppdatererTest
[INFO] Tests run: 2, Failures: 0, Errors: 0, Skipped: 0, Time elapsed: 0.376 s - in no.nav.foreldrepenger.produksjonsstyring.sakogbehandling.SakOgBehandlingKafkaTaskTest
[INFO] Tests run: 5, Failures: 0, Errors: 0, Skipped: 0, Time elapsed: 0.383 s - in no.nav.foreldrepenger.behandling.revurdering.ytelse.fp.RevurderingEndringTest
[INFO] Tests run: 6, Failures: 0, Errors: 0, Skipped: 0, Time elapsed: 0.384 s - in no.nav.foreldrepenger.domene.uttak.kontroller.fakta.uttakperioder.FørsteUttaksdatoAksjonspunktUtlederTest
[INFO] Tests run: 4, Failures: 0, Errors: 0, Skipped: 0, Time elapsed: 0.388 s - in no.nav.foreldrepenger.behandlingslager.behandling.SlettAvklarteDataTest
[INFO] Tests run: 6, Failures: 0, Errors: 0, Skipped: 0, Time elapsed: 0.39 s - in no.nav.foreldrepenger.domene.uttak.kontroller.fakta.KontrollerFaktaUttakTjenesteTest
[INFO] Tests run: 6, Failures: 0, Errors: 0, Skipped: 0, Time elapsed: 0.391 s - in no.nav.foreldrepenger.mottak.vedtak.overlapp.LoggOverlappEksterneYtelserTjenesteTest
[INFO] Tests run: 6, Failures: 0, Errors: 0, Skipped: 0, Time elapsed: 0.396 s - in no.nav.foreldrepenger.behandling.steg.avklarfakta.AksjonspunktutlederForVurderBekreftetOpptjeningTest
[INFO] Tests run: 6, Failures: 0, Errors: 0, Skipped: 0, Time elapsed: 0.396 s - in no.nav.foreldrepenger.domene.medlem.kontrollerfakta.AksjonspunktutlederForAvklarStartdatoForForeldrepengeperiodenTest
[INFO] Tests run: 2, Failures: 0, Errors: 0, Skipped: 0, Time elapsed: 0.397 s - in no.nav.foreldrepenger.web.app.tjenester.kodeverk.KodeverkRestTjenesteTest
[INFO] Tests run: 5, Failures: 0, Errors: 0, Skipped: 0, Time elapsed: 0.405 s - in no.nav.foreldrepenger.web.app.tjenester.behandling.vedtak.UttakPeriodeEndringDtoTjenesteTest
[INFO] Tests run: 6, Failures: 0, Errors: 0, Skipped: 0, Time elapsed: 0.407 s - in no.nav.foreldrepenger.domene.uttak.fastsettuttaksgrunnlag.fp.FastsettUttaksgrunnlagTjenesteTest
[INFO] Tests run: 5, Failures: 0, Errors: 0, Skipped: 0, Time elapsed: 0.408 s - in no.nav.foreldrepenger.domene.uttak.TapteDagerFpffTjenesteTest
[INFO] Tests run: 5, Failures: 0, Errors: 0, Skipped: 0, Time elapsed: 0.411 s - in no.nav.foreldrepenger.behandlingskontroll.impl.BehandlingskontrollEventPublisererTest
[INFO] Tests run: 4, Failures: 0, Errors: 0, Skipped: 0, Time elapsed: 0.422 s - in no.nav.foreldrepenger.mottak.dokumentmottak.impl.DokumentmottakerInntektsmeldingHåndteringVedAvslåttBehandlingTest
[INFO] Tests run: 4, Failures: 0, Errors: 0, Skipped: 0, Time elapsed: 0.423 s - in no.nav.foreldrepenger.web.app.tjenester.behandling.søknad.aksjonspunkt.VurderSøknadsfristOppdatererTjenesteFPTest
[INFO] Tests run: 4, Failures: 0, Errors: 0, Skipped: 0, Time elapsed: 0.428 s - in no.nav.foreldrepenger.behandling.DekningsgradTjenesteTest
[INFO] Tests run: 16, Failures: 0, Errors: 0, Skipped: 0, Time elapsed: 0.434 s - in no.nav.foreldrepenger.mottak.vedtak.BerørtBehandlingKontrollerTest
[INFO] Tests run: 11, Failures: 0, Errors: 0, Skipped: 0, Time elapsed: 0.436 s - in no.nav.foreldrepenger.domene.opptjening.aksjonspunkt.OpptjeningsperioderTjenesteImplTest
[INFO] Tests run: 5, Failures: 0, Errors: 0, Skipped: 0, Time elapsed: 0.439 s - in no.nav.foreldrepenger.behandling.steg.beregnytelse.es.BeregneYtelseStegImplTest
[INFO] Tests run: 6, Failures: 0, Errors: 0, Skipped: 0, Time elapsed: 0.455 s - in no.nav.foreldrepenger.mottak.vurderfagsystem.impl.VurderFagsystemTjenesteImplForAvlsluttetFagsakOgAvslåttBehandlingTest
[INFO] Tests run: 9, Failures: 0, Errors: 0, Skipped: 0, Time elapsed: 0.455 s - in no.nav.foreldrepenger.produksjonsstyring.behandlingenhet.EnhetsTjenesteTest
[INFO] Tests run: 3, Failures: 0, Errors: 0, Skipped: 0, Time elapsed: 0.459 s - in no.nav.foreldrepenger.familiehendelse.dødsfall.BarnBorteEndringIdentifisererTest
[INFO] Tests run: 3, Failures: 0, Errors: 0, Skipped: 0, Time elapsed: 0.468 s - in no.nav.foreldrepenger.behandling.revurdering.ytelse.fp.RevurderingTjenesteImplTest
[INFO] Tests run: 5, Failures: 0, Errors: 0, Skipped: 0, Time elapsed: 0.469 s - in no.nav.foreldrepenger.web.app.tjenester.behandling.aksjonspunkt.app.AksjonspunktOppdatererTest
[INFO] Tests run: 4, Failures: 0, Errors: 0, Skipped: 0, Time elapsed: 0.477 s - in no.nav.foreldrepenger.mottak.dokumentmottak.impl.OppgittPeriodeMottattDatoTjenesteTest
[INFO] Tests run: 257, Failures: 0, Errors: 0, Skipped: 0, Time elapsed: 0.481 s - in no.nav.foreldrepenger.web.app.SjekkDtoStrukturTest
[INFO] Tests run: 6, Failures: 0, Errors: 0, Skipped: 0, Time elapsed: 0.482 s - in no.nav.foreldrepenger.inngangsvilkaar.opptjening.OpptjeningsperiodeVilkårTest
[INFO] Tests run: 8, Failures: 0, Errors: 0, Skipped: 0, Time elapsed: 0.485 s - in no.nav.foreldrepenger.domene.uttak.kontroller.fakta.uttakperioder.AnnenForelderHarRettAksjonspunktUtlederTest
[INFO] Tests run: 3, Failures: 0, Errors: 0, Skipped: 0, Time elapsed: 0.497 s - in no.nav.foreldrepenger.behandling.revurdering.satsregulering.AutomatiskGrunnbelopReguleringTaskTest
[INFO] Tests run: 5, Failures: 0, Errors: 0, Skipped: 0, Time elapsed: 0.501 s - in no.nav.foreldrepenger.mottak.dokumentmottak.impl.MottattDokumentOversetterInntektsmeldingTest
[INFO] Tests run: 8, Failures: 0, Errors: 0, Skipped: 0, Time elapsed: 0.508 s - in no.nav.foreldrepenger.behandling.steg.avklarfakta.fp.AksjonspunktUtlederForTidligereMottattYtelseTest
[INFO] Tests run: 8, Failures: 0, Errors: 0, Skipped: 0, Time elapsed: 0.514 s - in no.nav.foreldrepenger.behandling.steg.avklarfakta.AksjonspunktUtlederForVurderArbeidsforholdTest
[INFO] Tests run: 8, Failures: 0, Errors: 0, Skipped: 0, Time elapsed: 0.514 s - in no.nav.foreldrepenger.behandling.steg.simulering.SimulerOppdragStegTest
[INFO] Tests run: 7, Failures: 0, Errors: 0, Skipped: 0, Time elapsed: 0.516 s - in no.nav.foreldrepenger.familiehendelse.kontrollerfakta.fødsel.AksjonspunktUtlederForEngangsstønadFødselTest
[INFO] Tests run: 4, Failures: 0, Errors: 0, Skipped: 0, Time elapsed: 0.524 s - in no.nav.foreldrepenger.web.app.tjenester.behandling.uttak.app.FaktaUttakOppdatererTest
[INFO] Tests run: 4, Failures: 0, Errors: 0, Skipped: 0, Time elapsed: 0.528 s - in no.nav.foreldrepenger.datavarehus.xml.DvhVedtakXmlTjenesteEngangsstønadTest
[INFO] Tests run: 5, Failures: 0, Errors: 0, Skipped: 0, Time elapsed: 0.535 s - in no.nav.foreldrepenger.web.app.tjenester.behandling.aksjonspunkt.BehandlingsutredningApplikasjonTjenesteImplTest
[INFO] Tests run: 5, Failures: 0, Errors: 0, Skipped: 0, Time elapsed: 0.547 s - in no.nav.foreldrepenger.domene.vedtak.impl.VurderBehandlingerUnderIverksettelseTest
[INFO] Tests run: 5, Failures: 0, Errors: 0, Skipped: 0, Time elapsed: 0.549 s - in no.nav.foreldrepenger.økonomi.økonomistøtte.es.OppdragskontrollTjenesteImplKontantytelseTest
[WARNING] Tests run: 508, Failures: 0, Errors: 0, Skipped: 254, Time elapsed: 0.561 s - in no.nav.foreldrepenger.behandlingslager.EntityTest
[INFO] Tests run: 8, Failures: 0, Errors: 0, Skipped: 0, Time elapsed: 0.563 s - in no.nav.foreldrepenger.behandling.steg.foreslåresultat.fp.ForeslåBehandlingsresultatTjenesteTest
[INFO] Tests run: 2, Failures: 0, Errors: 0, Skipped: 0, Time elapsed: 0.574 s - in no.nav.foreldrepenger.behandling.revurdering.satsregulering.AutomatiskArenaReguleringBatchTjenesteTest
[INFO] Tests run: 8, Failures: 0, Errors: 0, Skipped: 0, Time elapsed: 0.575 s - in no.nav.foreldrepenger.behandling.revurdering.BehandlingRepositoryFinnKandidaterTilRevurderingImplTest
[INFO] Tests run: 4, Failures: 0, Errors: 0, Skipped: 0, Time elapsed: 0.577 s - in no.nav.foreldrepenger.inngangsvilkaar.fødsel.FødselsvilkårFarTest
[INFO] Tests run: 5, Failures: 0, Errors: 0, Skipped: 0, Time elapsed: 0.579 s - in no.nav.foreldrepenger.domene.uttak.beregnkontoer.BeregnStønadskontoerTjenesteTest
[INFO] Tests run: 7, Failures: 0, Errors: 0, Skipped: 0, Time elapsed: 0.58 s - in no.nav.foreldrepenger.familiehendelse.omsorg.AvklarOmsorgOgForeldreansvarOppdatererTest
[INFO] Tests run: 9, Failures: 0, Errors: 0, Skipped: 0, Time elapsed: 0.582 s - in no.nav.foreldrepenger.familiehendelse.kontrollerfakta.fødsel.AksjonspunktUtlederForForeldrepengerFødselNårHovedsøkerErMorTest
[INFO] Tests run: 7, Failures: 0, Errors: 0, Skipped: 0, Time elapsed: 0.59 s - in no.nav.foreldrepenger.domene.vedtak.ekstern.VurderOmSetteUtbetalingPåVentPrivatArbeidsgiverTest
[INFO] Tests run: 8, Failures: 0, Errors: 0, Skipped: 0, Time elapsed: 0.595 s - in no.nav.foreldrepenger.behandling.steg.foreslåresultat.svp.ForeslåBehandlingsresultatTjenesteTest
[INFO] Tests run: 8, Failures: 0, Errors: 0, Skipped: 0, Time elapsed: 0.6 s - in no.nav.foreldrepenger.mottak.vedtak.kafka.VedtaksHendelseHåndtererTest
[INFO] Tests run: 6, Failures: 0, Errors: 0, Skipped: 0, Time elapsed: 0.601 s - in no.nav.foreldrepenger.web.app.tjenester.behandling.svp.BekreftSvangerskapspengerOppdatererTest
[INFO] Tests run: 5, Failures: 0, Errors: 0, Skipped: 0, Time elapsed: 0.603 s - in no.nav.foreldrepenger.jsonfeed.HendelsePublisererTjenesteTest
[INFO] Tests run: 8, Failures: 0, Errors: 0, Skipped: 0, Time elapsed: 0.61 s - in no.nav.foreldrepenger.inngangsvilkaar.fødsel.FødselsvilkårMorTest
[INFO] Tests run: 2, Failures: 0, Errors: 0, Skipped: 0, Time elapsed: 0.632 s - in no.nav.foreldrepenger.behandling.revurdering.satsregulering.AutomatiskMilSivReguleringBatchTjenesteTest
[INFO] Tests run: 11, Failures: 0, Errors: 0, Skipped: 0, Time elapsed: 0.639 s - in no.nav.foreldrepenger.behandling.steg.avklarfakta.AksjonspunktutlederForVurderOppgittOpptjeningTest
[INFO] Tests run: 8, Failures: 0, Errors: 0, Skipped: 0, Time elapsed: 0.639 s - in no.nav.foreldrepenger.behandling.revurdering.ytelse.es.RevurderingEndringTest
[INFO] Tests run: 11, Failures: 0, Errors: 0, Skipped: 0, Time elapsed: 0.642 s - in no.nav.foreldrepenger.domene.uttak.kontroller.fakta.omsorg.BrukerHarOmsorgAksjonspunktUtlederTest
[INFO] Tests run: 5, Failures: 0, Errors: 0, Skipped: 0, Time elapsed: 0.647 s - in no.nav.foreldrepenger.inngangsvilkaar.impl.EngangsstønadVilkårUtlederTest
[INFO] Tests run: 7, Failures: 0, Errors: 0, Skipped: 0, Time elapsed: 0.67 s - in no.nav.foreldrepenger.domene.registerinnhenting.RegisterdataEndringshåndtererImplTest
[INFO] Tests run: 2, Failures: 0, Errors: 0, Skipped: 0, Time elapsed: 0.677 s - in no.nav.foreldrepenger.behandling.revurdering.satsregulering.AutomatiskNæringsdrivendeReguleringBatchTjenesteTest
[INFO] Tests run: 4, Failures: 0, Errors: 0, Skipped: 0, Time elapsed: 0.684 s - in no.nav.foreldrepenger.inngangsvilkaar.opptjening.YtelseMaksdatoTjenesteImplTest
[INFO] Tests run: 10, Failures: 0, Errors: 0, Skipped: 0, Time elapsed: 0.694 s - in no.nav.foreldrepenger.behandling.steg.avklarfakta.es.AksjonspunktUtlederForTidligereMottattYtelseTest
[INFO] Tests run: 4, Failures: 0, Errors: 0, Skipped: 0, Time elapsed: 0.696 s - in no.nav.foreldrepenger.behandlingslager.behandling.beregning.SatsTypeTest
[INFO] Tests run: 2, Failures: 0, Errors: 0, Skipped: 0, Time elapsed: 0.698 s - in no.nav.foreldrepenger.domene.registerinnhenting.impl.startpunkt.StartpunktUtlederPersonopplysningTest
[INFO] Tests run: 4, Failures: 0, Errors: 0, Skipped: 0, Time elapsed: 0.706 s - in no.nav.foreldrepenger.behandling.steg.inngangsvilkår.opptjening.svp.FastsettOpptjeningsperiodeStegTest
[INFO] Tests run: 11, Failures: 0, Errors: 0, Skipped: 0, Time elapsed: 0.708 s - in no.nav.foreldrepenger.domene.medlem.impl.AvklaringFaktaMedlemskapTest
[INFO] Tests run: 2, Failures: 0, Errors: 0, Skipped: 0, Time elapsed: 0.713 s - in no.nav.foreldrepenger.behandlingsprosess.prosessering.GjenopptaBehandlingTaskTest
[INFO] Tests run: 6, Failures: 0, Errors: 0, Skipped: 0, Time elapsed: 0.713 s - in no.nav.foreldrepenger.domene.uttak.kontroller.fakta.uttakperioder.AvklarHendelseAksjonspunktUtlederTest
[INFO] Tests run: 3, Failures: 0, Errors: 0, Skipped: 0, Time elapsed: 0.714 s - in no.nav.foreldrepenger.web.app.tjenester.behandling.vilkår.aksjonspunkt.OpptjeningsvilkåretOverstyringshåndtererTest
[INFO] Tests run: 29, Failures: 0, Errors: 0, Skipped: 0, Time elapsed: 0.728 s - in no.nav.foreldrepenger.web.app.tjenester.registrering.fp.SøknadMapperTest
[INFO] Tests run: 14, Failures: 0, Errors: 0, Skipped: 0, Time elapsed: 0.73 s - in no.nav.foreldrepenger.behandling.steg.avklarfakta.ArbeidsforholdUtenRelevantOppgittOpptjeningImplTest
[INFO] Tests run: 11, Failures: 0, Errors: 0, Skipped: 0, Time elapsed: 0.733 s - in no.nav.foreldrepenger.behandlingskontroll.impl.observer.TilbakehoppTest
[INFO] Tests run: 6, Failures: 0, Errors: 0, Skipped: 0, Time elapsed: 0.737 s - in no.nav.foreldrepenger.domene.uttak.fastsetteperioder.FastsettePerioderRegelGrunnlagByggerTest
[INFO] Tests run: 7, Failures: 0, Errors: 0, Skipped: 0, Time elapsed: 0.746 s - in no.nav.foreldrepenger.domene.registerinnhenting.impl.startpunkt.StartpunktUtlederInntektsmeldingTest
[INFO] Tests run: 12, Failures: 0, Errors: 0, Skipped: 0, Time elapsed: 0.751 s - in no.nav.foreldrepenger.mottak.dokumentmottak.impl.DokumentmottakerInntektsmeldingTest
[INFO] Tests run: 5, Failures: 0, Errors: 0, Skipped: 0, Time elapsed: 0.757 s - in no.nav.foreldrepenger.web.app.tjenester.behandling.klage.KlageFormkravOppdatererTest
[INFO] Tests run: 13, Failures: 0, Errors: 0, Skipped: 0, Time elapsed: 0.758 s - in no.nav.foreldrepenger.økonomi.økonomistøtte.HentOppdragMedPositivKvitteringTest
[INFO] Tests run: 9, Failures: 0, Errors: 0, Skipped: 0, Time elapsed: 0.759 s - in no.nav.foreldrepenger.familiehendelse.aksjonspunkt.SjekkManglendeFødselOppdatererTest
[INFO] Tests run: 3, Failures: 0, Errors: 0, Skipped: 0, Time elapsed: 0.761 s - in no.nav.foreldrepenger.behandling.revurdering.satsregulering.AutomatiskGrunnbelopReguleringBatchTjenesteTest
[INFO] Tests run: 2, Failures: 0, Errors: 0, Skipped: 0, Time elapsed: 0.797 s - in no.nav.foreldrepenger.domene.MÅ_LIGGE_HOS_FPSAK.BeregningsgrunnlagKopierOgLagreTjenesteKontrollerFaktaTest
[INFO] Tests run: 10, Failures: 0, Errors: 0, Skipped: 0, Time elapsed: 0.805 s - in no.nav.foreldrepenger.mottak.kompletthettjeneste.impl.fp.KompletthetsjekkerTest
[INFO] Tests run: 8, Failures: 0, Errors: 0, Skipped: 0, Time elapsed: 0.819 s - in no.nav.foreldrepenger.behandling.steg.inngangsvilkår.InngangsvilkårStegImplTest
[INFO] Tests run: 13, Failures: 0, Errors: 0, Skipped: 0, Time elapsed: 0.824 s - in no.nav.foreldrepenger.domene.MÅ_LIGGE_HOS_FPSAK.BeregningsgrunnlagRepositoryImplTest
[INFO] Tests run: 7, Failures: 0, Errors: 0, Skipped: 0, Time elapsed: 0.837 s - in no.nav.foreldrepenger.behandling.revurdering.felles.OppfyllerIkkeInngangsvilkårPåSkjæringstidsspunktTest
[INFO] Tests run: 9, Failures: 0, Errors: 0, Skipped: 0, Time elapsed: 0.843 s - in no.nav.foreldrepenger.domene.vedtak.es.VedtakXmlTest
[INFO] Tests run: 7, Failures: 0, Errors: 0, Skipped: 0, Time elapsed: 0.846 s - in no.nav.foreldrepenger.behandling.revurdering.etterkontroll.es.AutomatiskEtterkontrollTaskTest
[INFO] Tests run: 2, Failures: 0, Errors: 0, Skipped: 0, Time elapsed: 0.85 s - in no.nav.foreldrepenger.web.app.konfig.SoapApiAbacTest
[INFO] Tests run: 11, Failures: 0, Errors: 0, Skipped: 0, Time elapsed: 0.861 s - in no.nav.foreldrepenger.mottak.dokumentmottak.impl.DokumentmottakerEndringssøknadTest
[INFO] Tests run: 13, Failures: 0, Errors: 0, Skipped: 0, Time elapsed: 0.889 s - in no.nav.foreldrepenger.produksjonsstyring.oppgavebehandling.OppgaveTjenesteTest
[INFO] Tests run: 8, Failures: 0, Errors: 0, Skipped: 0, Time elapsed: 0.889 s - in no.nav.foreldrepenger.dokumentbestiller.autopunkt.SendBrevForAutopunktTest
[INFO] Tests run: 14, Failures: 0, Errors: 0, Skipped: 0, Time elapsed: 0.899 s - in no.nav.foreldrepenger.behandlingslager.behandling.BehandlingsgrunnlagEntitetTest
[INFO] Tests run: 11, Failures: 0, Errors: 0, Skipped: 0, Time elapsed: 0.916 s - in no.nav.foreldrepenger.web.app.tjenester.behandling.aksjonspunkt.OpprettNyFørstegangsbehandlingTest
[INFO] Tests run: 14, Failures: 0, Errors: 0, Skipped: 0, Time elapsed: 0.916 s - in no.nav.foreldrepenger.domene.vedtak.ekstern.VurderOmArenaYtelseSkalOpphøreTest
[INFO] Tests run: 16, Failures: 0, Errors: 0, Skipped: 0, Time elapsed: 0.922 s - in no.nav.foreldrepenger.mottak.dokumentmottak.impl.DokumentmottakerSøknadDefaultTest
[INFO] Tests run: 8, Failures: 0, Errors: 0, Skipped: 0, Time elapsed: 0.928 s - in no.nav.foreldrepenger.web.app.tjenester.behandling.uttak.app.UttakPerioderDtoTjenesteTest
[INFO] Tests run: 14, Failures: 0, Errors: 0, Skipped: 0, Time elapsed: 0.955 s - in no.nav.foreldrepenger.inngangsvilkaar.medlemskap.MedlemskapsvilkårTest
[INFO] Tests run: 11, Failures: 0, Errors: 0, Skipped: 0, Time elapsed: 0.959 s - in no.nav.foreldrepenger.domene.medlem.impl.AvklarOmErBosattTest
[INFO] Tests run: 14, Failures: 0, Errors: 0, Skipped: 0, Time elapsed: 0.965 s - in no.nav.foreldrepenger.behandling.steg.foreslåvedtak.ForeslåVedtakTjenesteTest
[INFO] Tests run: 10, Failures: 0, Errors: 0, Skipped: 0, Time elapsed: 0.971 s - in no.nav.foreldrepenger.datavarehus.tjeneste.DatavarehusTjenesteImplTest
[INFO] Tests run: 12, Failures: 0, Errors: 0, Skipped: 0, Time elapsed: 0.975 s - in no.nav.foreldrepenger.datavarehus.tjeneste.BehandlingDvhMapperTest
[INFO] Tests run: 1, Failures: 0, Errors: 0, Skipped: 0, Time elapsed: 0.979 s - in no.nav.foreldrepenger.datavarehus.xml.DvhVedtakXmlTjenesteForeldrepengerTest
[INFO] Tests run: 12, Failures: 0, Errors: 0, Skipped: 0, Time elapsed: 0.979 s - in no.nav.foreldrepenger.domene.medlem.impl.AvklarOmSøkerOppholderSegINorgeTest
[INFO] Tests run: 6, Failures: 0, Errors: 0, Skipped: 0, Time elapsed: 0.981 s - in no.nav.foreldrepenger.behandling.revurdering.felles.ErEndringIBeregningTest
[INFO] Tests run: 7, Failures: 0, Errors: 0, Skipped: 0, Time elapsed: 0.985 s - in no.nav.foreldrepenger.domene.registerinnhenting.impl.startpunkt.StartpunktUtlederYtelseFordelingTest
[INFO] Tests run: 7, Failures: 0, Errors: 0, Skipped: 0, Time elapsed: 1.023 s - in no.nav.foreldrepenger.domene.medlem.impl.UtledVurderingsdatoerForMedlemskapTjenesteImplTest
[INFO] Tests run: 8, Failures: 0, Errors: 0, Skipped: 0, Time elapsed: 1.039 s - in no.nav.foreldrepenger.mottak.kompletthettjeneste.impl.fp.KompletthetssjekkerSøknadRevurderingTest
[INFO] Tests run: 4, Failures: 0, Errors: 0, Skipped: 0, Time elapsed: 1.139 s - in no.nav.foreldrepenger.web.app.tjenester.behandling.BehandlingDtoTjenesteImplTest
[INFO] Tests run: 8, Failures: 0, Errors: 0, Skipped: 0, Time elapsed: 1.167 s - in no.nav.foreldrepenger.domene.uttak.fastsetteperioder.FastsettePerioderTjenesteTest
[INFO] Tests run: 6, Failures: 0, Errors: 0, Skipped: 0, Time elapsed: 1.174 s - in no.nav.foreldrepenger.behandling.steg.uttak.fp.UttakStegBeregnStønadskontoTjenesteTest
[INFO] Tests run: 4, Failures: 0, Errors: 0, Skipped: 0, Time elapsed: 1.268 s - in no.nav.foreldrepenger.web.app.tjenester.behandling.uttak.aksjonspunkt.FaktaUttakSaksbehandlerOverstyringshåndtererTest
[INFO] Tests run: 2, Failures: 0, Errors: 0, Skipped: 0, Time elapsed: 1.305 s - in no.nav.foreldrepenger.domene.vedtak.fp.VedtakXmlTest
[INFO] Tests run: 11, Failures: 0, Errors: 0, Skipped: 0, Time elapsed: 1.389 s - in no.nav.foreldrepenger.behandling.revurdering.felles.ErKunEndringIFordelingAvYtelsenTest
[INFO] Tests run: 14, Failures: 0, Errors: 0, Skipped: 0, Time elapsed: 1.4 s - in no.nav.foreldrepenger.økonomi.økonomistøtte.dagytelse.fp.OppdragskontrollTjenesteImplTest
[INFO] Tests run: 6, Failures: 0, Errors: 0, Skipped: 0, Time elapsed: 1.457 s - in no.nav.foreldrepenger.web.app.tjenester.behandling.aksjonspunkt.AksjonspunktApplikasjonTjenesteTest
[INFO] Tests run: 8, Failures: 0, Errors: 0, Skipped: 0, Time elapsed: 1.497 s - in no.nav.foreldrepenger.behandling.RelatertBehandlingTjenesteImplTest
[INFO] Tests run: 10, Failures: 0, Errors: 0, Skipped: 0, Time elapsed: 1.513 s - in no.nav.foreldrepenger.behandling.revurdering.etterkontroll.fp.AutomatiskEtterkontrollTaskTest
[INFO] Tests run: 9, Failures: 0, Errors: 0, Skipped: 0, Time elapsed: 1.527 s - in no.nav.foreldrepenger.behandling.steg.vedtak.FatteVedtakStegTest
[INFO] Tests run: 1, Failures: 0, Errors: 0, Skipped: 0, Time elapsed: 1.636 s - in no.nav.foreldrepenger.web.app.tjenester.registrering.fp.EndringssøknadSøknadMapperTest
[INFO] Tests run: 7, Failures: 0, Errors: 0, Skipped: 0, Time elapsed: 1.732 s - in no.nav.foreldrepenger.behandling.revurdering.ytelse.fp.HarEtablertYtelseImplTest
[INFO] Tests run: 10, Failures: 0, Errors: 0, Skipped: 0, Time elapsed: 1.744 s - in no.nav.foreldrepenger.behandling.revurdering.TapendeBehandlingTjenesteTest
[INFO] Tests run: 10, Failures: 0, Errors: 0, Skipped: 0, Time elapsed: 1.95 s - in no.nav.foreldrepenger.web.app.tjenester.behandling.uttak.app.SaldoerDtoTjenesteImplTest
[INFO] Tests run: 7, Failures: 0, Errors: 0, Skipped: 0, Time elapsed: 1.984 s - in no.nav.foreldrepenger.inngangsvilkaar.søknad.SøknadsfristvilkårTest
[INFO] Tests run: 3, Failures: 0, Errors: 0, Skipped: 0, Time elapsed: 2.025 s - in no.nav.foreldrepenger.behandlingslager.behandling.AnkeRepositoryImplTest
[INFO] Tests run: 6, Failures: 0, Errors: 0, Skipped: 0, Time elapsed: 2.156 s - in no.nav.foreldrepenger.domene.MÅ_LIGGE_HOS_FPSAK.BeregningsgrunnlagKopierOgLagreTjenesteFastsettAktiviteterTest
[INFO] Tests run: 22, Failures: 0, Errors: 0, Skipped: 0, Time elapsed: 2.24 s - in no.nav.foreldrepenger.økonomi.økonomistøtte.dagytelse.fp.FinnStatusForMottakereTest
[INFO] Tests run: 13, Failures: 0, Errors: 0, Skipped: 0, Time elapsed: 2.318 s - in no.nav.foreldrepenger.økonomi.økonomistøtte.dagytelse.fp.OppdragskontrollTjenesteOPPHTest
[INFO] Tests run: 30, Failures: 0, Errors: 0, Skipped: 0, Time elapsed: 2.402 s - in no.nav.foreldrepenger.behandlingslager.behandling.BehandlingRepositoryImplTest
[INFO] Tests run: 24, Failures: 0, Errors: 0, Skipped: 0, Time elapsed: 2.627 s - in no.nav.foreldrepenger.domene.uttak.fastsettuttaksgrunnlag.fp.EndringsdatoRevurderingUtlederImplTest
[INFO] Tests run: 17, Failures: 0, Errors: 0, Skipped: 0, Time elapsed: 2.852 s - in no.nav.foreldrepenger.mottak.vedtak.overlapp.VurderOpphørAvYtelserTest
[INFO] Tests run: 28, Failures: 0, Errors: 0, Skipped: 0, Time elapsed: 2.979 s - in no.nav.foreldrepenger.domene.uttak.fastsetteperioder.FastsettePerioderRegelAdapterTest
[INFO] Tests run: 13, Failures: 0, Errors: 0, Skipped: 0, Time elapsed: 2.994 s - in no.nav.foreldrepenger.økonomi.økonomistøtte.dagytelse.fp.OppdragskontrollTjenesteENDRMedFlereBehandlingerMedSammeFagsakTest
[INFO] Tests run: 64, Failures: 0, Errors: 0, Skipped: 0, Time elapsed: 3.052 s - in no.nav.foreldrepenger.web.app.konfig.RestApiInputValideringDtoTest
[INFO] Tests run: 7, Failures: 0, Errors: 0, Skipped: 0, Time elapsed: 3.114 s - in no.nav.foreldrepenger.behandling.steg.avklarfakta.fp.KontrollerFaktaRevurderingStegImplTest
[INFO] Tests run: 18, Failures: 0, Errors: 0, Skipped: 0, Time elapsed: 3.131 s - in no.nav.foreldrepenger.behandling.revurdering.ytelse.fp.ErEndringIUttakTest
[INFO] Tests run: 20, Failures: 0, Errors: 0, Skipped: 0, Time elapsed: 3.271 s - in no.nav.foreldrepenger.økonomi.økonomistøtte.dagytelse.fp.OppdragskontrollTjenesteFeriepengerTest
[INFO] Tests run: 1, Failures: 0, Errors: 0, Skipped: 0, Time elapsed: 3.331 s - in no.nav.foreldrepenger.behandlingslager.testutilities.kodeverk.KodeverkAvstemmingTest
[INFO] Tests run: 1, Failures: 0, Errors: 0, Skipped: 0, Time elapsed: 3.705 s - in no.nav.foreldrepenger.behandlingslager.behandling.verge.VergeGrunnlagEntitetTest
[INFO] Tests run: 17, Failures: 0, Errors: 0, Skipped: 0, Time elapsed: 3.769 s - in no.nav.foreldrepenger.behandling.revurdering.ytelse.svp.RevurderingBehandlingsresultatutlederTest
[INFO] Tests run: 9, Failures: 0, Errors: 0, Skipped: 0, Time elapsed: 3.929 s - in no.nav.foreldrepenger.datavarehus.domene.DatavarehusRepositoryImplTest
[INFO] Tests run: 2, Failures: 0, Errors: 0, Skipped: 0, Time elapsed: 3.997 s - in no.nav.foreldrepenger.økonomi.tilkjentytelse.TilkjentYtelseTjenesteTest
[INFO] Tests run: 12, Failures: 0, Errors: 0, Skipped: 0, Time elapsed: 4.241 s - in no.nav.foreldrepenger.behandlingskontroll.impl.BehandlingskontrollTjenesteImplTest
[INFO] Tests run: 10, Failures: 0, Errors: 0, Skipped: 0, Time elapsed: 4.33 s - in no.nav.foreldrepenger.behandling.steg.uttak.fp.UttakStegImplTest
[INFO] Tests run: 6, Failures: 0, Errors: 0, Skipped: 0, Time elapsed: 4.575 s - in no.nav.foreldrepenger.inngangsvilkaar.impl.InngangsvilkårOversetterTest
[INFO] Tests run: 1, Failures: 0, Errors: 0, Skipped: 0, Time elapsed: 4.747 s - in no.nav.foreldrepenger.domene.arbeidsgiver.VirksomhetTjenesteImplTest
[INFO] Tests run: 3, Failures: 0, Errors: 0, Skipped: 0, Time elapsed: 4.818 s - in no.nav.foreldrepenger.domene.risikoklassifisering.impl.RisikoklassifiseringTest
[INFO] Tests run: 1, Failures: 0, Errors: 0, Skipped: 0, Time elapsed: 4.884 s - in no.nav.foreldrepenger.behandling.steg.inngangsvilkår.opptjening.fp.VurderOpptjeningsvilkårStegTest
[INFO] Tests run: 9, Failures: 0, Errors: 0, Skipped: 0, Time elapsed: 4.945 s - in no.nav.foreldrepenger.dokumentbestiller.DokumentBehandlingTjenesteImplTest
[INFO] Tests run: 5, Failures: 0, Errors: 0, Skipped: 0, Time elapsed: 5.084 s - in no.nav.foreldrepenger.familiehendelse.impl.FamilieHendelseTjenesteImplTest
[INFO] Tests run: 3, Failures: 0, Errors: 0, Skipped: 0, Time elapsed: 5.117 s - in no.nav.foreldrepenger.domene.uttak.kontroller.fakta.omsorg.BrukerHarAleneomsorgAksjonspunktUtlederTest
[INFO] Tests run: 4, Failures: 0, Errors: 0, Skipped: 0, Time elapsed: 5.158 s - in no.nav.foreldrepenger.behandling.revurdering.ytelse.UttakInputTjenesteTest
[INFO] Tests run: 9, Failures: 0, Errors: 0, Skipped: 0, Time elapsed: 5.177 s - in no.nav.foreldrepenger.dokumentarkiv.impl.DokumentArkivTjenesteTest
[INFO] Tests run: 4, Failures: 0, Errors: 0, Skipped: 0, Time elapsed: 5.187 s - in no.nav.foreldrepenger.behandling.impl.BehandlingskontrollAksjonspunktTypeAutopunktEventObserverTest
[INFO] Tests run: 1, Failures: 0, Errors: 0, Skipped: 0, Time elapsed: 5.26 s - in no.nav.foreldrepenger.RapporterUnmappedKolonnerIDatabaseTest
[INFO] Tests run: 10, Failures: 0, Errors: 0, Skipped: 0, Time elapsed: 5.302 s - in no.nav.foreldrepenger.domene.registerinnhenting.impl.EndringskontrollerTest
[INFO] Tests run: 5, Failures: 0, Errors: 0, Skipped: 0, Time elapsed: 5.355 s - in no.nav.foreldrepenger.domene.medlem.impl.AvklarBarnFødtUtenlandsTest
[INFO] Tests run: 18, Failures: 0, Errors: 0, Skipped: 0, Time elapsed: 5.403 s - in no.nav.foreldrepenger.behandling.revurdering.ytelse.fp.RevurderingBehandlingsresultatutlederTest
[INFO] Tests run: 15, Failures: 0, Errors: 0, Skipped: 0, Time elapsed: 5.598 s - in no.nav.foreldrepenger.økonomi.økonomistøtte.dagytelse.fp.OppdragskontrollTjenesteFeriepengerMedFlereRevurderingerTest
[INFO] Tests run: 2, Failures: 0, Errors: 0, Skipped: 0, Time elapsed: 5.761 s - in no.nav.foreldrepenger.kodeverk.KodeverkSynkroniseringTest
[INFO] Tests run: 9, Failures: 0, Errors: 0, Skipped: 0, Time elapsed: 5.898 s - in no.nav.foreldrepenger.domene.vedtak.impl.OpprettProsessTaskIverksettKlageTest
[INFO] Tests run: 2, Failures: 0, Errors: 0, Skipped: 0, Time elapsed: 6.086 s - in no.nav.foreldrepenger.domene.person.verge.VergeOppdatererTest
[INFO] Tests run: 3, Failures: 0, Errors: 0, Skipped: 0, Time elapsed: 6.2 s - in no.nav.foreldrepenger.produksjonsstyring.behandlingenhet.BehandlendeEnhetTjenesteTest
[INFO] Tests run: 2, Failures: 0, Errors: 0, Skipped: 0, Time elapsed: 6.526 s - in no.nav.foreldrepenger.ytelse.beregning.BeregnFeriepengerTjenesteTest
[INFO] Tests run: 4, Failures: 0, Errors: 0, Skipped: 0, Time elapsed: 6.937 s - in no.nav.foreldrepenger.behandlingsprosess.dagligejobber.infobrev.SendInformasjonsbrevBatchTjenesteTest
[INFO] Tests run: 39, Failures: 0, Errors: 0, Skipped: 0, Time elapsed: 7.501 s - in no.nav.foreldrepenger.økonomi.økonomistøtte.dagytelse.fp.OppdragskontrollTjenesteENDRTest
[INFO] Tests run: 15, Failures: 0, Errors: 0, Skipped: 0, Time elapsed: 8.339 s - in no.nav.foreldrepenger.mottak.sakogenhet.impl.KobleSakTjenesteTest
[INFO] Tests run: 19, Failures: 0, Errors: 0, Skipped: 0, Time elapsed: 8.697 s - in no.nav.foreldrepenger.domene.MÅ_LIGGE_HOS_FPSAK.FastsettBeregningAktiviteterOgStatuserTest
[INFO] Tests run: 11, Failures: 0, Errors: 0, Skipped: 0, Time elapsed: 18.74 s - in no.nav.foreldrepenger.db.validering.SjekkDbStrukturTest
